{"/home/runner/workspace/client/src/lib/passwordValidation.ts": {"path":"/home/runner/workspace/client/src/lib/passwordValidation.ts","statementMap":{"0":{"start":{"line":15,"column":17},"end":{"line":21,"column":null}},"1":{"start":{"line":23,"column":16},"end":{"line":23,"column":null}},"2":{"start":{"line":24,"column":18},"end":{"line":24,"column":null}},"3":{"start":{"line":26,"column":17},"end":{"line":26,"column":null}},"4":{"start":{"line":27,"column":2},"end":{"line":37,"column":null}},"5":{"start":{"line":28,"column":4},"end":{"line":28,"column":null}},"6":{"start":{"line":29,"column":2},"end":{"line":37,"column":null}},"7":{"start":{"line":30,"column":4},"end":{"line":30,"column":null}},"8":{"start":{"line":31,"column":2},"end":{"line":37,"column":null}},"9":{"start":{"line":32,"column":4},"end":{"line":32,"column":null}},"10":{"start":{"line":33,"column":2},"end":{"line":37,"column":null}},"11":{"start":{"line":34,"column":4},"end":{"line":34,"column":null}},"12":{"start":{"line":36,"column":4},"end":{"line":36,"column":null}},"13":{"start":{"line":39,"column":2},"end":{"line":44,"column":null}},"14":{"start":{"line":48,"column":2},"end":{"line":54,"column":null}}},"fnMap":{"0":{"name":"validatePasswordStrength","decl":{"start":{"line":14,"column":16},"end":{"line":14,"column":41}},"loc":{"start":{"line":14,"column":77},"end":{"line":45,"column":null}},"line":14},"1":{"name":"getPasswordRequirements","decl":{"start":{"line":47,"column":16},"end":{"line":47,"column":52}},"loc":{"start":{"line":47,"column":52},"end":{"line":55,"column":null}},"line":47}},"branchMap":{"0":{"loc":{"start":{"line":27,"column":2},"end":{"line":37,"column":null}},"type":"if","locations":[{"start":{"line":27,"column":2},"end":{"line":37,"column":null}},{"start":{"line":29,"column":2},"end":{"line":37,"column":null}}],"line":27},"1":{"loc":{"start":{"line":29,"column":2},"end":{"line":37,"column":null}},"type":"if","locations":[{"start":{"line":29,"column":2},"end":{"line":37,"column":null}},{"start":{"line":31,"column":2},"end":{"line":37,"column":null}}],"line":29},"2":{"loc":{"start":{"line":29,"column":13},"end":{"line":29,"column":41}},"type":"binary-expr","locations":[{"start":{"line":29,"column":13},"end":{"line":29,"column":28}},{"start":{"line":29,"column":28},"end":{"line":29,"column":41}}],"line":29},"3":{"loc":{"start":{"line":31,"column":2},"end":{"line":37,"column":null}},"type":"if","locations":[{"start":{"line":31,"column":2},"end":{"line":37,"column":null}},{"start":{"line":33,"column":2},"end":{"line":37,"column":null}}],"line":31},"4":{"loc":{"start":{"line":33,"column":2},"end":{"line":37,"column":null}},"type":"if","locations":[{"start":{"line":33,"column":2},"end":{"line":37,"column":null}},{"start":{"line":35,"column":9},"end":{"line":37,"column":null}}],"line":33}},"s":{"0":17,"1":17,"2":17,"3":17,"4":17,"5":1,"6":16,"7":9,"8":7,"9":5,"10":2,"11":1,"12":1,"13":17,"14":2},"f":{"0":17,"1":2},"b":{"0":[1,16],"1":[9,7],"2":[16,14],"3":[5,2],"4":[1,1]},"meta":{"lastBranch":5,"lastFunction":2,"lastStatement":15,"seen":{"f:14:16:14:41":0,"s:15:17:21:Infinity":0,"s:23:16:23:Infinity":1,"s:24:18:24:Infinity":2,"s:26:17:26:Infinity":3,"b:27:2:37:Infinity:29:2:37:Infinity":0,"s:27:2:37:Infinity":4,"s:28:4:28:Infinity":5,"b:29:2:37:Infinity:31:2:37:Infinity":1,"s:29:2:37:Infinity":6,"b:29:13:29:28:29:28:29:41":2,"s:30:4:30:Infinity":7,"b:31:2:37:Infinity:33:2:37:Infinity":3,"s:31:2:37:Infinity":8,"s:32:4:32:Infinity":9,"b:33:2:37:Infinity:35:9:37:Infinity":4,"s:33:2:37:Infinity":10,"s:34:4:34:Infinity":11,"s:36:4:36:Infinity":12,"s:39:2:44:Infinity":13,"f:47:16:47:52":1,"s:48:2:54:Infinity":14}}}
,"/home/runner/workspace/server/auth.ts": {"path":"/home/runner/workspace/server/auth.ts","statementMap":{"0":{"start":{"line":7,"column":20},"end":{"line":7,"column":null}},"1":{"start":{"line":10,"column":2},"end":{"line":10,"column":null}},"2":{"start":{"line":14,"column":2},"end":{"line":14,"column":null}},"3":{"start":{"line":17,"column":0},"end":{"line":38,"column":null}},"4":{"start":{"line":21,"column":6},"end":{"line":35,"column":null}},"5":{"start":{"line":22,"column":21},"end":{"line":22,"column":null}},"6":{"start":{"line":23,"column":8},"end":{"line":25,"column":null}},"7":{"start":{"line":24,"column":10},"end":{"line":24,"column":null}},"8":{"start":{"line":27,"column":24},"end":{"line":27,"column":null}},"9":{"start":{"line":28,"column":8},"end":{"line":30,"column":null}},"10":{"start":{"line":29,"column":10},"end":{"line":29,"column":null}},"11":{"start":{"line":32,"column":8},"end":{"line":32,"column":null}},"12":{"start":{"line":34,"column":8},"end":{"line":34,"column":null}},"13":{"start":{"line":40,"column":0},"end":{"line":42,"column":null}},"14":{"start":{"line":41,"column":2},"end":{"line":41,"column":null}},"15":{"start":{"line":44,"column":0},"end":{"line":51,"column":null}},"16":{"start":{"line":45,"column":2},"end":{"line":50,"column":null}},"17":{"start":{"line":46,"column":17},"end":{"line":46,"column":null}},"18":{"start":{"line":47,"column":4},"end":{"line":47,"column":null}},"19":{"start":{"line":49,"column":4},"end":{"line":49,"column":null}},"20":{"start":{"line":54,"column":2},"end":{"line":56,"column":null}},"21":{"start":{"line":55,"column":4},"end":{"line":55,"column":null}},"22":{"start":{"line":57,"column":2},"end":{"line":57,"column":null}},"23":{"start":{"line":61,"column":2},"end":{"line":63,"column":null}},"24":{"start":{"line":62,"column":4},"end":{"line":62,"column":null}},"25":{"start":{"line":64,"column":2},"end":{"line":64,"column":null}}},"fnMap":{"0":{"name":"hashPassword","decl":{"start":{"line":9,"column":22},"end":{"line":9,"column":35}},"loc":{"start":{"line":9,"column":70},"end":{"line":11,"column":null}},"line":9},"1":{"name":"comparePassword","decl":{"start":{"line":13,"column":22},"end":{"line":13,"column":38}},"loc":{"start":{"line":13,"column":88},"end":{"line":15,"column":null}},"line":13},"2":{"name":"(anonymous_2)","decl":{"start":{"line":20,"column":4},"end":{"line":20,"column":11}},"loc":{"start":{"line":20,"column":37},"end":{"line":36,"column":null}},"line":20},"3":{"name":"(anonymous_3)","decl":{"start":{"line":40,"column":23},"end":{"line":40,"column":24}},"loc":{"start":{"line":40,"column":53},"end":{"line":42,"column":1}},"line":40},"4":{"name":"(anonymous_4)","decl":{"start":{"line":44,"column":25},"end":{"line":44,"column":32}},"loc":{"start":{"line":44,"column":53},"end":{"line":51,"column":1}},"line":44},"5":{"name":"requireAuth","decl":{"start":{"line":53,"column":16},"end":{"line":53,"column":28}},"loc":{"start":{"line":53,"column":59},"end":{"line":58,"column":null}},"line":53},"6":{"name":"requireAdmin","decl":{"start":{"line":60,"column":16},"end":{"line":60,"column":29}},"loc":{"start":{"line":60,"column":60},"end":{"line":65,"column":null}},"line":60}},"branchMap":{"0":{"loc":{"start":{"line":23,"column":8},"end":{"line":25,"column":null}},"type":"if","locations":[{"start":{"line":23,"column":8},"end":{"line":25,"column":null}},{"start":{},"end":{}}],"line":23},"1":{"loc":{"start":{"line":28,"column":8},"end":{"line":30,"column":null}},"type":"if","locations":[{"start":{"line":28,"column":8},"end":{"line":30,"column":null}},{"start":{},"end":{}}],"line":28},"2":{"loc":{"start":{"line":54,"column":2},"end":{"line":56,"column":null}},"type":"if","locations":[{"start":{"line":54,"column":2},"end":{"line":56,"column":null}},{"start":{},"end":{}}],"line":54},"3":{"loc":{"start":{"line":61,"column":2},"end":{"line":63,"column":null}},"type":"if","locations":[{"start":{"line":61,"column":2},"end":{"line":63,"column":null}},{"start":{},"end":{}}],"line":61},"4":{"loc":{"start":{"line":61,"column":6},"end":{"line":61,"column":59}},"type":"binary-expr","locations":[{"start":{"line":61,"column":6},"end":{"line":61,"column":32}},{"start":{"line":61,"column":32},"end":{"line":61,"column":59}}],"line":61}},"s":{"0":1,"1":7,"2":3,"3":1,"4":0,"5":0,"6":0,"7":0,"8":0,"9":0,"10":0,"11":0,"12":0,"13":1,"14":0,"15":1,"16":0,"17":0,"18":0,"19":0,"20":2,"21":1,"22":1,"23":3,"24":1,"25":2},"f":{"0":7,"1":3,"2":0,"3":0,"4":0,"5":2,"6":3},"b":{"0":[0,0],"1":[0,0],"2":[1,1],"3":[1,2],"4":[3,2]},"meta":{"lastBranch":5,"lastFunction":7,"lastStatement":26,"seen":{"s:7:20:7:Infinity":0,"f:9:22:9:35":0,"s:10:2:10:Infinity":1,"f:13:22:13:38":1,"s:14:2:14:Infinity":2,"s:17:0:38:Infinity":3,"f:20:4:20:11":2,"s:21:6:35:Infinity":4,"s:22:21:22:Infinity":5,"b:23:8:25:Infinity:undefined:undefined:undefined:undefined":0,"s:23:8:25:Infinity":6,"s:24:10:24:Infinity":7,"s:27:24:27:Infinity":8,"b:28:8:30:Infinity:undefined:undefined:undefined:undefined":1,"s:28:8:30:Infinity":9,"s:29:10:29:Infinity":10,"s:32:8:32:Infinity":11,"s:34:8:34:Infinity":12,"s:40:0:42:Infinity":13,"f:40:23:40:24":3,"s:41:2:41:Infinity":14,"s:44:0:51:Infinity":15,"f:44:25:44:32":4,"s:45:2:50:Infinity":16,"s:46:17:46:Infinity":17,"s:47:4:47:Infinity":18,"s:49:4:49:Infinity":19,"f:53:16:53:28":5,"b:54:2:56:Infinity:undefined:undefined:undefined:undefined":2,"s:54:2:56:Infinity":20,"s:55:4:55:Infinity":21,"s:57:2:57:Infinity":22,"f:60:16:60:29":6,"b:61:2:63:Infinity:undefined:undefined:undefined:undefined":3,"s:61:2:63:Infinity":23,"b:61:6:61:32:61:32:61:59":4,"s:62:4:62:Infinity":24,"s:64:2:64:Infinity":25}}}
,"/home/runner/workspace/server/dailyChallenges.ts": {"path":"/home/runner/workspace/server/dailyChallenges.ts","statementMap":{"0":{"start":{"line":17,"column":18},"end":{"line":17,"column":null}},"1":{"start":{"line":18,"column":4},"end":{"line":18,"column":null}},"2":{"start":{"line":20,"column":21},"end":{"line":20,"column":null}},"3":{"start":{"line":23,"column":23},"end":{"line":23,"column":null}},"4":{"start":{"line":23,"column":42},"end":{"line":23,"column":68}},"5":{"start":{"line":24,"column":23},"end":{"line":24,"column":null}},"6":{"start":{"line":24,"column":42},"end":{"line":24,"column":68}},"7":{"start":{"line":27,"column":4},"end":{"line":36,"column":null}},"8":{"start":{"line":28,"column":28},"end":{"line":28,"column":null}},"9":{"start":{"line":29,"column":28},"end":{"line":29,"column":null}},"10":{"start":{"line":31,"column":6},"end":{"line":35,"column":null}},"11":{"start":{"line":39,"column":17},"end":{"line":39,"column":null}},"12":{"start":{"line":40,"column":4},"end":{"line":42,"column":null}},"13":{"start":{"line":41,"column":6},"end":{"line":41,"column":null}},"14":{"start":{"line":45,"column":33},"end":{"line":51,"column":null}},"15":{"start":{"line":46,"column":6},"end":{"line":46,"column":null}},"16":{"start":{"line":46,"column":21},"end":{"line":46,"column":null}},"17":{"start":{"line":47,"column":6},"end":{"line":47,"column":null}},"18":{"start":{"line":47,"column":21},"end":{"line":47,"column":null}},"19":{"start":{"line":48,"column":6},"end":{"line":48,"column":null}},"20":{"start":{"line":48,"column":22},"end":{"line":48,"column":null}},"21":{"start":{"line":49,"column":6},"end":{"line":49,"column":null}},"22":{"start":{"line":49,"column":22},"end":{"line":49,"column":null}},"23":{"start":{"line":50,"column":6},"end":{"line":50,"column":null}},"24":{"start":{"line":53,"column":31},"end":{"line":53,"column":null}},"25":{"start":{"line":56,"column":22},"end":{"line":56,"column":null}},"26":{"start":{"line":57,"column":25},"end":{"line":57,"column":null}},"27":{"start":{"line":58,"column":25},"end":{"line":58,"column":null}},"28":{"start":{"line":61,"column":23},"end":{"line":61,"column":null}},"29":{"start":{"line":62,"column":29},"end":{"line":62,"column":null}},"30":{"start":{"line":63,"column":29},"end":{"line":63,"column":null}},"31":{"start":{"line":66,"column":4},"end":{"line":96,"column":null}},"32":{"start":{"line":68,"column":6},"end":{"line":68,"column":null}},"33":{"start":{"line":71,"column":33},"end":{"line":71,"column":null}},"34":{"start":{"line":72,"column":28},"end":{"line":72,"column":null}},"35":{"start":{"line":72,"column":64},"end":{"line":72,"column":72}},"36":{"start":{"line":74,"column":23},"end":{"line":77,"column":null}},"37":{"start":{"line":78,"column":6},"end":{"line":78,"column":null}},"38":{"start":{"line":78,"column":42},"end":{"line":78,"column":66}},"39":{"start":{"line":80,"column":30},"end":{"line":84,"column":null}},"40":{"start":{"line":81,"column":8},"end":{"line":83,"column":null}},"41":{"start":{"line":86,"column":30},"end":{"line":86,"column":null}},"42":{"start":{"line":87,"column":25},"end":{"line":89,"column":null}},"43":{"start":{"line":91,"column":6},"end":{"line":95,"column":null}},"44":{"start":{"line":92,"column":23},"end":{"line":92,"column":null}},"45":{"start":{"line":93,"column":8},"end":{"line":93,"column":null}},"46":{"start":{"line":94,"column":8},"end":{"line":94,"column":null}},"47":{"start":{"line":99,"column":4},"end":{"line":125,"column":null}},"48":{"start":{"line":101,"column":6},"end":{"line":101,"column":null}},"49":{"start":{"line":104,"column":30},"end":{"line":107,"column":null}},"50":{"start":{"line":109,"column":37},"end":{"line":113,"column":null}},"51":{"start":{"line":110,"column":8},"end":{"line":112,"column":null}},"52":{"start":{"line":115,"column":28},"end":{"line":115,"column":null}},"53":{"start":{"line":116,"column":25},"end":{"line":118,"column":null}},"54":{"start":{"line":120,"column":6},"end":{"line":124,"column":null}},"55":{"start":{"line":121,"column":23},"end":{"line":121,"column":null}},"56":{"start":{"line":122,"column":8},"end":{"line":122,"column":null}},"57":{"start":{"line":123,"column":8},"end":{"line":123,"column":null}},"58":{"start":{"line":127,"column":4},"end":{"line":131,"column":null}},"59":{"start":{"line":138,"column":18},"end":{"line":138,"column":null}},"60":{"start":{"line":139,"column":4},"end":{"line":139,"column":null}},"61":{"start":{"line":140,"column":23},"end":{"line":140,"column":null}},"62":{"start":{"line":142,"column":4},"end":{"line":142,"column":null}},"63":{"start":{"line":143,"column":4},"end":{"line":143,"column":null}},"64":{"start":{"line":146,"column":24},"end":{"line":146,"column":null}},"65":{"start":{"line":146,"column":45},"end":{"line":146,"column":57}},"66":{"start":{"line":147,"column":4},"end":{"line":150,"column":null}},"67":{"start":{"line":148,"column":6},"end":{"line":148,"column":null}},"68":{"start":{"line":149,"column":6},"end":{"line":149,"column":null}},"69":{"start":{"line":153,"column":4},"end":{"line":156,"column":null}},"70":{"start":{"line":154,"column":6},"end":{"line":154,"column":null}},"71":{"start":{"line":155,"column":6},"end":{"line":155,"column":null}},"72":{"start":{"line":159,"column":4},"end":{"line":159,"column":null}},"73":{"start":{"line":160,"column":19},"end":{"line":160,"column":null}},"74":{"start":{"line":161,"column":4},"end":{"line":161,"column":null}},"75":{"start":{"line":168,"column":18},"end":{"line":168,"column":null}},"76":{"start":{"line":169,"column":4},"end":{"line":169,"column":null}},"77":{"start":{"line":170,"column":23},"end":{"line":170,"column":null}},"78":{"start":{"line":172,"column":4},"end":{"line":172,"column":null}},"79":{"start":{"line":173,"column":4},"end":{"line":173,"column":null}},"80":{"start":{"line":175,"column":22},"end":{"line":177,"column":null}},"81":{"start":{"line":176,"column":11},"end":{"line":176,"column":null}},"82":{"start":{"line":179,"column":4},"end":{"line":190,"column":null}},"83":{"start":{"line":180,"column":6},"end":{"line":180,"column":null}},"84":{"start":{"line":181,"column":6},"end":{"line":181,"column":null}},"85":{"start":{"line":183,"column":6},"end":{"line":183,"column":null}},"86":{"start":{"line":184,"column":6},"end":{"line":189,"column":null}},"87":{"start":{"line":184,"column":81},"end":{"line":189,"column":8}},"88":{"start":{"line":194,"column":39},"end":{"line":194,"column":null}}},"fnMap":{"0":{"name":"(anonymous_0)","decl":{"start":{"line":12,"column":8},"end":{"line":12,"column":27}},"loc":{"start":{"line":16,"column":5},"end":{"line":132,"column":null}},"line":16},"1":{"name":"(anonymous_1)","decl":{"start":{"line":23,"column":37},"end":{"line":23,"column":42}},"loc":{"start":{"line":23,"column":42},"end":{"line":23,"column":68}},"line":23},"2":{"name":"(anonymous_2)","decl":{"start":{"line":24,"column":37},"end":{"line":24,"column":42}},"loc":{"start":{"line":24,"column":42},"end":{"line":24,"column":68}},"line":24},"3":{"name":"(anonymous_3)","decl":{"start":{"line":45,"column":33},"end":{"line":45,"column":34}},"loc":{"start":{"line":45,"column":62},"end":{"line":51,"column":null}},"line":45},"4":{"name":"(anonymous_4)","decl":{"start":{"line":72,"column":59},"end":{"line":72,"column":64}},"loc":{"start":{"line":72,"column":64},"end":{"line":72,"column":72}},"line":72},"5":{"name":"(anonymous_5)","decl":{"start":{"line":78,"column":37},"end":{"line":78,"column":42}},"loc":{"start":{"line":78,"column":42},"end":{"line":78,"column":66}},"line":78},"6":{"name":"(anonymous_6)","decl":{"start":{"line":80,"column":48},"end":{"line":80,"column":null}},"loc":{"start":{"line":81,"column":8},"end":{"line":83,"column":null}},"line":81},"7":{"name":"(anonymous_7)","decl":{"start":{"line":109,"column":62},"end":{"line":109,"column":null}},"loc":{"start":{"line":110,"column":8},"end":{"line":112,"column":null}},"line":110},"8":{"name":"(anonymous_8)","decl":{"start":{"line":137,"column":8},"end":{"line":137,"column":26}},"loc":{"start":{"line":137,"column":42},"end":{"line":162,"column":null}},"line":137},"9":{"name":"(anonymous_9)","decl":{"start":{"line":146,"column":40},"end":{"line":146,"column":45}},"loc":{"start":{"line":146,"column":45},"end":{"line":146,"column":57}},"line":146},"10":{"name":"(anonymous_10)","decl":{"start":{"line":167,"column":8},"end":{"line":167,"column":31}},"loc":{"start":{"line":167,"column":115},"end":{"line":191,"column":null}},"line":167},"11":{"name":"(anonymous_11)","decl":{"start":{"line":176,"column":6},"end":{"line":176,"column":11}},"loc":{"start":{"line":176,"column":11},"end":{"line":176,"column":null}},"line":176},"12":{"name":"(anonymous_12)","decl":{"start":{"line":184,"column":75},"end":{"line":184,"column":81}},"loc":{"start":{"line":184,"column":81},"end":{"line":189,"column":8}},"line":184}},"branchMap":{"0":{"loc":{"start":{"line":27,"column":4},"end":{"line":36,"column":null}},"type":"if","locations":[{"start":{"line":27,"column":4},"end":{"line":36,"column":null}},{"start":{},"end":{}}],"line":27},"1":{"loc":{"start":{"line":27,"column":8},"end":{"line":27,"column":34}},"type":"binary-expr","locations":[{"start":{"line":27,"column":8},"end":{"line":27,"column":22}},{"start":{"line":27,"column":22},"end":{"line":27,"column":34}}],"line":27},"2":{"loc":{"start":{"line":40,"column":4},"end":{"line":42,"column":null}},"type":"if","locations":[{"start":{"line":40,"column":4},"end":{"line":42,"column":null}},{"start":{},"end":{}}],"line":40},"3":{"loc":{"start":{"line":46,"column":6},"end":{"line":46,"column":null}},"type":"if","locations":[{"start":{"line":46,"column":6},"end":{"line":46,"column":null}},{"start":{},"end":{}}],"line":46},"4":{"loc":{"start":{"line":47,"column":6},"end":{"line":47,"column":null}},"type":"if","locations":[{"start":{"line":47,"column":6},"end":{"line":47,"column":null}},{"start":{},"end":{}}],"line":47},"5":{"loc":{"start":{"line":48,"column":6},"end":{"line":48,"column":null}},"type":"if","locations":[{"start":{"line":48,"column":6},"end":{"line":48,"column":null}},{"start":{},"end":{}}],"line":48},"6":{"loc":{"start":{"line":49,"column":6},"end":{"line":49,"column":null}},"type":"if","locations":[{"start":{"line":49,"column":6},"end":{"line":49,"column":null}},{"start":{},"end":{}}],"line":49},"7":{"loc":{"start":{"line":57,"column":25},"end":{"line":57,"column":null}},"type":"binary-expr","locations":[{"start":{"line":57,"column":25},"end":{"line":57,"column":44}},{"start":{"line":57,"column":44},"end":{"line":57,"column":null}}],"line":57},"8":{"loc":{"start":{"line":58,"column":25},"end":{"line":58,"column":null}},"type":"binary-expr","locations":[{"start":{"line":58,"column":25},"end":{"line":58,"column":44}},{"start":{"line":58,"column":44},"end":{"line":58,"column":null}}],"line":58},"9":{"loc":{"start":{"line":66,"column":4},"end":{"line":96,"column":null}},"type":"if","locations":[{"start":{"line":66,"column":4},"end":{"line":96,"column":null}},{"start":{"line":69,"column":11},"end":{"line":96,"column":null}}],"line":66},"10":{"loc":{"start":{"line":75,"column":8},"end":{"line":75,"column":null}},"type":"binary-expr","locations":[{"start":{"line":75,"column":8},"end":{"line":75,"column":36}},{"start":{"line":75,"column":36},"end":{"line":75,"column":null}}],"line":75},"11":{"loc":{"start":{"line":81,"column":8},"end":{"line":83,"column":null}},"type":"binary-expr","locations":[{"start":{"line":81,"column":8},"end":{"line":81,"column":null}},{"start":{"line":82,"column":9},"end":{"line":82,"column":26}},{"start":{"line":82,"column":26},"end":{"line":82,"column":57}},{"start":{"line":82,"column":57},"end":{"line":82,"column":null}},{"start":{"line":83,"column":9},"end":{"line":83,"column":26}},{"start":{"line":83,"column":26},"end":{"line":83,"column":57}},{"start":{"line":83,"column":57},"end":{"line":83,"column":null}}],"line":81},"12":{"loc":{"start":{"line":86,"column":30},"end":{"line":86,"column":null}},"type":"cond-expr","locations":[{"start":{"line":86,"column":59},"end":{"line":86,"column":77}},{"start":{"line":86,"column":77},"end":{"line":86,"column":null}}],"line":86},"13":{"loc":{"start":{"line":87,"column":25},"end":{"line":89,"column":null}},"type":"cond-expr","locations":[{"start":{"line":88,"column":10},"end":{"line":88,"column":null}},{"start":{"line":89,"column":10},"end":{"line":89,"column":null}}],"line":87},"14":{"loc":{"start":{"line":91,"column":6},"end":{"line":95,"column":null}},"type":"if","locations":[{"start":{"line":91,"column":6},"end":{"line":95,"column":null}},{"start":{},"end":{}}],"line":91},"15":{"loc":{"start":{"line":99,"column":4},"end":{"line":125,"column":null}},"type":"if","locations":[{"start":{"line":99,"column":4},"end":{"line":125,"column":null}},{"start":{"line":102,"column":11},"end":{"line":125,"column":null}}],"line":99},"16":{"loc":{"start":{"line":105,"column":8},"end":{"line":105,"column":null}},"type":"binary-expr","locations":[{"start":{"line":105,"column":8},"end":{"line":105,"column":36}},{"start":{"line":105,"column":36},"end":{"line":105,"column":null}}],"line":105},"17":{"loc":{"start":{"line":110,"column":8},"end":{"line":112,"column":null}},"type":"binary-expr","locations":[{"start":{"line":110,"column":8},"end":{"line":110,"column":null}},{"start":{"line":111,"column":9},"end":{"line":111,"column":25}},{"start":{"line":111,"column":25},"end":{"line":111,"column":null}},{"start":{"line":112,"column":9},"end":{"line":112,"column":25}},{"start":{"line":112,"column":25},"end":{"line":112,"column":null}}],"line":110},"18":{"loc":{"start":{"line":115,"column":28},"end":{"line":115,"column":null}},"type":"cond-expr","locations":[{"start":{"line":115,"column":64},"end":{"line":115,"column":89}},{"start":{"line":115,"column":89},"end":{"line":115,"column":null}}],"line":115},"19":{"loc":{"start":{"line":116,"column":25},"end":{"line":118,"column":null}},"type":"cond-expr","locations":[{"start":{"line":117,"column":10},"end":{"line":117,"column":null}},{"start":{"line":118,"column":10},"end":{"line":118,"column":null}}],"line":116},"20":{"loc":{"start":{"line":120,"column":6},"end":{"line":124,"column":null}},"type":"if","locations":[{"start":{"line":120,"column":6},"end":{"line":124,"column":null}},{"start":{},"end":{}}],"line":120},"21":{"loc":{"start":{"line":147,"column":4},"end":{"line":150,"column":null}},"type":"if","locations":[{"start":{"line":147,"column":4},"end":{"line":150,"column":null}},{"start":{},"end":{}}],"line":147},"22":{"loc":{"start":{"line":153,"column":4},"end":{"line":156,"column":null}},"type":"if","locations":[{"start":{"line":153,"column":4},"end":{"line":156,"column":null}},{"start":{},"end":{}}],"line":153},"23":{"loc":{"start":{"line":161,"column":11},"end":{"line":161,"column":null}},"type":"binary-expr","locations":[{"start":{"line":161,"column":11},"end":{"line":161,"column":40}},{"start":{"line":161,"column":40},"end":{"line":161,"column":null}}],"line":161},"24":{"loc":{"start":{"line":176,"column":11},"end":{"line":176,"column":null}},"type":"binary-expr","locations":[{"start":{"line":176,"column":11},"end":{"line":176,"column":44}},{"start":{"line":176,"column":44},"end":{"line":176,"column":null}}],"line":176},"25":{"loc":{"start":{"line":179,"column":4},"end":{"line":190,"column":null}},"type":"if","locations":[{"start":{"line":179,"column":4},"end":{"line":190,"column":null}},{"start":{"line":182,"column":11},"end":{"line":190,"column":null}}],"line":179}},"s":{"0":0,"1":0,"2":0,"3":0,"4":0,"5":0,"6":0,"7":0,"8":0,"9":0,"10":0,"11":0,"12":0,"13":0,"14":0,"15":0,"16":0,"17":0,"18":0,"19":0,"20":0,"21":0,"22":0,"23":0,"24":0,"25":0,"26":0,"27":0,"28":0,"29":0,"30":0,"31":0,"32":0,"33":0,"34":0,"35":0,"36":0,"37":0,"38":0,"39":0,"40":0,"41":0,"42":0,"43":0,"44":0,"45":0,"46":0,"47":0,"48":0,"49":0,"50":0,"51":0,"52":0,"53":0,"54":0,"55":0,"56":0,"57":0,"58":0,"59":0,"60":0,"61":0,"62":0,"63":0,"64":0,"65":0,"66":0,"67":0,"68":0,"69":0,"70":0,"71":0,"72":0,"73":0,"74":0,"75":0,"76":0,"77":0,"78":0,"79":0,"80":0,"81":0,"82":0,"83":0,"84":0,"85":0,"86":0,"87":0,"88":0},"f":{"0":0,"1":0,"2":0,"3":0,"4":0,"5":0,"6":0,"7":0,"8":0,"9":0,"10":0,"11":0,"12":0},"b":{"0":[0,0],"1":[0,0],"2":[0,0],"3":[0,0],"4":[0,0],"5":[0,0],"6":[0,0],"7":[0,0],"8":[0,0],"9":[0,0],"10":[0,0],"11":[0,0,0,0,0,0,0],"12":[0,0],"13":[0,0],"14":[0,0],"15":[0,0],"16":[0,0],"17":[0,0,0,0,0],"18":[0,0],"19":[0,0],"20":[0,0],"21":[0,0],"22":[0,0],"23":[0,0],"24":[0,0],"25":[0,0]},"meta":{"lastBranch":26,"lastFunction":13,"lastStatement":89,"seen":{"f:12:8:12:27":0,"s:17:18:17:Infinity":0,"s:18:4:18:Infinity":1,"s:20:21:20:Infinity":2,"s:23:23:23:Infinity":3,"f:23:37:23:42":1,"s:23:42:23:68":4,"s:24:23:24:Infinity":5,"f:24:37:24:42":2,"s:24:42:24:68":6,"b:27:4:36:Infinity:undefined:undefined:undefined:undefined":0,"s:27:4:36:Infinity":7,"b:27:8:27:22:27:22:27:34":1,"s:28:28:28:Infinity":8,"s:29:28:29:Infinity":9,"s:31:6:35:Infinity":10,"s:39:17:39:Infinity":11,"b:40:4:42:Infinity:undefined:undefined:undefined:undefined":2,"s:40:4:42:Infinity":12,"s:41:6:41:Infinity":13,"s:45:33:51:Infinity":14,"f:45:33:45:34":3,"b:46:6:46:Infinity:undefined:undefined:undefined:undefined":3,"s:46:6:46:Infinity":15,"s:46:21:46:Infinity":16,"b:47:6:47:Infinity:undefined:undefined:undefined:undefined":4,"s:47:6:47:Infinity":17,"s:47:21:47:Infinity":18,"b:48:6:48:Infinity:undefined:undefined:undefined:undefined":5,"s:48:6:48:Infinity":19,"s:48:22:48:Infinity":20,"b:49:6:49:Infinity:undefined:undefined:undefined:undefined":6,"s:49:6:49:Infinity":21,"s:49:22:49:Infinity":22,"s:50:6:50:Infinity":23,"s:53:31:53:Infinity":24,"s:56:22:56:Infinity":25,"s:57:25:57:Infinity":26,"b:57:25:57:44:57:44:57:Infinity":7,"s:58:25:58:Infinity":27,"b:58:25:58:44:58:44:58:Infinity":8,"s:61:23:61:Infinity":28,"s:62:29:62:Infinity":29,"s:63:29:63:Infinity":30,"b:66:4:96:Infinity:69:11:96:Infinity":9,"s:66:4:96:Infinity":31,"s:68:6:68:Infinity":32,"s:71:33:71:Infinity":33,"s:72:28:72:Infinity":34,"f:72:59:72:64":4,"s:72:64:72:72":35,"s:74:23:77:Infinity":36,"b:75:8:75:36:75:36:75:Infinity":10,"s:78:6:78:Infinity":37,"f:78:37:78:42":5,"s:78:42:78:66":38,"s:80:30:84:Infinity":39,"f:80:48:80:Infinity":6,"s:81:8:83:Infinity":40,"b:81:8:81:Infinity:82:9:82:26:82:26:82:57:82:57:82:Infinity:83:9:83:26:83:26:83:57:83:57:83:Infinity":11,"s:86:30:86:Infinity":41,"b:86:59:86:77:86:77:86:Infinity":12,"s:87:25:89:Infinity":42,"b:88:10:88:Infinity:89:10:89:Infinity":13,"b:91:6:95:Infinity:undefined:undefined:undefined:undefined":14,"s:91:6:95:Infinity":43,"s:92:23:92:Infinity":44,"s:93:8:93:Infinity":45,"s:94:8:94:Infinity":46,"b:99:4:125:Infinity:102:11:125:Infinity":15,"s:99:4:125:Infinity":47,"s:101:6:101:Infinity":48,"s:104:30:107:Infinity":49,"b:105:8:105:36:105:36:105:Infinity":16,"s:109:37:113:Infinity":50,"f:109:62:109:Infinity":7,"s:110:8:112:Infinity":51,"b:110:8:110:Infinity:111:9:111:25:111:25:111:Infinity:112:9:112:25:112:25:112:Infinity":17,"s:115:28:115:Infinity":52,"b:115:64:115:89:115:89:115:Infinity":18,"s:116:25:118:Infinity":53,"b:117:10:117:Infinity:118:10:118:Infinity":19,"b:120:6:124:Infinity:undefined:undefined:undefined:undefined":20,"s:120:6:124:Infinity":54,"s:121:23:121:Infinity":55,"s:122:8:122:Infinity":56,"s:123:8:123:Infinity":57,"s:127:4:131:Infinity":58,"f:137:8:137:26":8,"s:138:18:138:Infinity":59,"s:139:4:139:Infinity":60,"s:140:23:140:Infinity":61,"s:142:4:142:Infinity":62,"s:143:4:143:Infinity":63,"s:146:24:146:Infinity":64,"f:146:40:146:45":9,"s:146:45:146:57":65,"b:147:4:150:Infinity:undefined:undefined:undefined:undefined":21,"s:147:4:150:Infinity":66,"s:148:6:148:Infinity":67,"s:149:6:149:Infinity":68,"b:153:4:156:Infinity:undefined:undefined:undefined:undefined":22,"s:153:4:156:Infinity":69,"s:154:6:154:Infinity":70,"s:155:6:155:Infinity":71,"s:159:4:159:Infinity":72,"s:160:19:160:Infinity":73,"s:161:4:161:Infinity":74,"b:161:11:161:40:161:40:161:Infinity":23,"f:167:8:167:31":10,"s:168:18:168:Infinity":75,"s:169:4:169:Infinity":76,"s:170:23:170:Infinity":77,"s:172:4:172:Infinity":78,"s:173:4:173:Infinity":79,"s:175:22:177:Infinity":80,"f:176:6:176:11":11,"s:176:11:176:Infinity":81,"b:176:11:176:44:176:44:176:Infinity":24,"b:179:4:190:Infinity:182:11:190:Infinity":25,"s:179:4:190:Infinity":82,"s:180:6:180:Infinity":83,"s:181:6:181:Infinity":84,"s:183:6:183:Infinity":85,"s:184:6:189:Infinity":86,"f:184:75:184:81":12,"s:184:81:189:8":87,"s:194:39:194:Infinity":88}}}
,"/home/runner/workspace/server/learning-intelligence.ts": {"path":"/home/runner/workspace/server/learning-intelligence.ts","statementMap":{"0":{"start":{"line":38,"column":2},"end":{"line":56,"column":null}},"1":{"start":{"line":39,"column":24},"end":{"line":39,"column":null}},"2":{"start":{"line":40,"column":4},"end":{"line":53,"column":null}},"3":{"start":{"line":41,"column":19},"end":{"line":41,"column":null}},"4":{"start":{"line":42,"column":6},"end":{"line":52,"column":null}},"5":{"start":{"line":43,"column":8},"end":{"line":43,"column":null}},"6":{"start":{"line":44,"column":8},"end":{"line":51,"column":null}},"7":{"start":{"line":44,"column":47},"end":{"line":51,"column":10}},"8":{"start":{"line":55,"column":4},"end":{"line":55,"column":null}},"9":{"start":{"line":59,"column":2},"end":{"line":59,"column":null}},"10":{"start":{"line":62,"column":48},"end":{"line":286,"column":null}},"11":{"start":{"line":293,"column":25},"end":{"line":293,"column":null}},"12":{"start":{"line":295,"column":4},"end":{"line":299,"column":null}},"13":{"start":{"line":297,"column":48},"end":{"line":297,"column":58}},"14":{"start":{"line":298,"column":50},"end":{"line":298,"column":62}},"15":{"start":{"line":301,"column":4},"end":{"line":301,"column":null}},"16":{"start":{"line":305,"column":21},"end":{"line":305,"column":null}},"17":{"start":{"line":306,"column":4},"end":{"line":309,"column":null}},"18":{"start":{"line":306,"column":17},"end":{"line":306,"column":38}},"19":{"start":{"line":307,"column":16},"end":{"line":307,"column":null}},"20":{"start":{"line":308,"column":6},"end":{"line":308,"column":null}},"21":{"start":{"line":310,"column":4},"end":{"line":310,"column":null}},"22":{"start":{"line":314,"column":45},"end":{"line":314,"column":null}},"23":{"start":{"line":316,"column":4},"end":{"line":327,"column":null}},"24":{"start":{"line":317,"column":6},"end":{"line":317,"column":null}},"25":{"start":{"line":317,"column":29},"end":{"line":317,"column":null}},"26":{"start":{"line":319,"column":6},"end":{"line":321,"column":null}},"27":{"start":{"line":320,"column":8},"end":{"line":320,"column":null}},"28":{"start":{"line":323,"column":6},"end":{"line":323,"column":null}},"29":{"start":{"line":324,"column":6},"end":{"line":326,"column":null}},"30":{"start":{"line":325,"column":8},"end":{"line":325,"column":null}},"31":{"start":{"line":329,"column":4},"end":{"line":332,"column":null}},"32":{"start":{"line":330,"column":18},"end":{"line":330,"column":null}},"33":{"start":{"line":331,"column":6},"end":{"line":331,"column":null}},"34":{"start":{"line":334,"column":4},"end":{"line":334,"column":null}},"35":{"start":{"line":338,"column":4},"end":{"line":338,"column":null}},"36":{"start":{"line":338,"column":20},"end":{"line":338,"column":null}},"37":{"start":{"line":339,"column":4},"end":{"line":339,"column":null}},"38":{"start":{"line":339,"column":20},"end":{"line":339,"column":null}},"39":{"start":{"line":340,"column":4},"end":{"line":340,"column":null}},"40":{"start":{"line":344,"column":4},"end":{"line":344,"column":null}},"41":{"start":{"line":344,"column":35},"end":{"line":344,"column":null}},"42":{"start":{"line":345,"column":4},"end":{"line":345,"column":null}},"43":{"start":{"line":345,"column":39},"end":{"line":345,"column":null}},"44":{"start":{"line":346,"column":4},"end":{"line":346,"column":null}},"45":{"start":{"line":346,"column":35},"end":{"line":346,"column":null}},"46":{"start":{"line":347,"column":4},"end":{"line":347,"column":null}},"47":{"start":{"line":355,"column":21},"end":{"line":355,"column":null}},"48":{"start":{"line":357,"column":54},"end":{"line":365,"column":null}},"49":{"start":{"line":367,"column":30},"end":{"line":367,"column":null}},"50":{"start":{"line":369,"column":4},"end":{"line":376,"column":null}},"51":{"start":{"line":370,"column":6},"end":{"line":375,"column":null}},"52":{"start":{"line":371,"column":8},"end":{"line":374,"column":null}},"53":{"start":{"line":371,"column":40},"end":{"line":371,"column":60}},"54":{"start":{"line":372,"column":10},"end":{"line":372,"column":null}},"55":{"start":{"line":373,"column":10},"end":{"line":373,"column":null}},"56":{"start":{"line":378,"column":4},"end":{"line":381,"column":null}},"57":{"start":{"line":379,"column":6},"end":{"line":379,"column":null}},"58":{"start":{"line":380,"column":6},"end":{"line":380,"column":null}},"59":{"start":{"line":383,"column":29},"end":{"line":385,"column":null}},"60":{"start":{"line":384,"column":11},"end":{"line":384,"column":null}},"61":{"start":{"line":387,"column":4},"end":{"line":389,"column":null}},"62":{"start":{"line":388,"column":6},"end":{"line":388,"column":null}},"63":{"start":{"line":391,"column":51},"end":{"line":391,"column":null}},"64":{"start":{"line":392,"column":27},"end":{"line":392,"column":null}},"65":{"start":{"line":393,"column":21},"end":{"line":393,"column":null}},"66":{"start":{"line":395,"column":4},"end":{"line":407,"column":null}},"67":{"start":{"line":396,"column":28},"end":{"line":396,"column":null}},"68":{"start":{"line":396,"column":49},"end":{"line":396,"column":76}},"69":{"start":{"line":397,"column":26},"end":{"line":397,"column":null}},"70":{"start":{"line":399,"column":6},"end":{"line":406,"column":null}},"71":{"start":{"line":400,"column":8},"end":{"line":400,"column":null}},"72":{"start":{"line":400,"column":47},"end":{"line":400,"column":null}},"73":{"start":{"line":401,"column":8},"end":{"line":404,"column":null}},"74":{"start":{"line":401,"column":42},"end":{"line":401,"column":68}},"75":{"start":{"line":402,"column":10},"end":{"line":402,"column":null}},"76":{"start":{"line":403,"column":10},"end":{"line":403,"column":null}},"77":{"start":{"line":405,"column":8},"end":{"line":405,"column":null}},"78":{"start":{"line":405,"column":43},"end":{"line":405,"column":71}},"79":{"start":{"line":405,"column":96},"end":{"line":405,"column":null}},"80":{"start":{"line":409,"column":4},"end":{"line":413,"column":null}},"81":{"start":{"line":410,"column":24},"end":{"line":410,"column":null}},"82":{"start":{"line":410,"column":45},"end":{"line":410,"column":102}},"83":{"start":{"line":410,"column":75},"end":{"line":410,"column":101}},"84":{"start":{"line":411,"column":6},"end":{"line":411,"column":null}},"85":{"start":{"line":411,"column":34},"end":{"line":411,"column":null}},"86":{"start":{"line":412,"column":6},"end":{"line":412,"column":null}},"87":{"start":{"line":415,"column":4},"end":{"line":415,"column":null}},"88":{"start":{"line":425,"column":29},"end":{"line":427,"column":null}},"89":{"start":{"line":429,"column":47},"end":{"line":429,"column":null}},"90":{"start":{"line":430,"column":4},"end":{"line":437,"column":null}},"91":{"start":{"line":431,"column":6},"end":{"line":436,"column":null}},"92":{"start":{"line":432,"column":25},"end":{"line":432,"column":null}},"93":{"start":{"line":433,"column":8},"end":{"line":433,"column":null}},"94":{"start":{"line":435,"column":8},"end":{"line":435,"column":null}},"95":{"start":{"line":439,"column":59},"end":{"line":446,"column":null}},"96":{"start":{"line":448,"column":31},"end":{"line":448,"column":null}},"97":{"start":{"line":451,"column":4},"end":{"line":472,"column":null}},"98":{"start":{"line":452,"column":32},"end":{"line":452,"column":null}},"99":{"start":{"line":454,"column":6},"end":{"line":454,"column":null}},"100":{"start":{"line":456,"column":25},"end":{"line":462,"column":null}},"101":{"start":{"line":464,"column":6},"end":{"line":469,"column":null}},"102":{"start":{"line":465,"column":8},"end":{"line":465,"column":null}},"103":{"start":{"line":466,"column":8},"end":{"line":466,"column":null}},"104":{"start":{"line":468,"column":8},"end":{"line":468,"column":null}},"105":{"start":{"line":471,"column":6},"end":{"line":471,"column":null}},"106":{"start":{"line":475,"column":4},"end":{"line":475,"column":null}},"107":{"start":{"line":477,"column":21},"end":{"line":482,"column":null}},"108":{"start":{"line":478,"column":27},"end":{"line":479,"column":null}},"109":{"start":{"line":480,"column":30},"end":{"line":480,"column":null}},"110":{"start":{"line":481,"column":6},"end":{"line":481,"column":null}},"111":{"start":{"line":484,"column":4},"end":{"line":486,"column":null}},"112":{"start":{"line":485,"column":6},"end":{"line":485,"column":null}},"113":{"start":{"line":488,"column":19},"end":{"line":510,"column":null}},"114":{"start":{"line":489,"column":18},"end":{"line":489,"column":null}},"115":{"start":{"line":491,"column":6},"end":{"line":498,"column":null}},"116":{"start":{"line":492,"column":8},"end":{"line":492,"column":null}},"117":{"start":{"line":493,"column":6},"end":{"line":498,"column":null}},"118":{"start":{"line":497,"column":8},"end":{"line":497,"column":null}},"119":{"start":{"line":500,"column":6},"end":{"line":502,"column":null}},"120":{"start":{"line":501,"column":8},"end":{"line":501,"column":null}},"121":{"start":{"line":504,"column":22},"end":{"line":504,"column":null}},"122":{"start":{"line":505,"column":6},"end":{"line":507,"column":null}},"123":{"start":{"line":506,"column":8},"end":{"line":506,"column":null}},"124":{"start":{"line":509,"column":6},"end":{"line":509,"column":null}},"125":{"start":{"line":512,"column":4},"end":{"line":512,"column":null}},"126":{"start":{"line":512,"column":26},"end":{"line":512,"column":43}},"127":{"start":{"line":514,"column":42},"end":{"line":514,"column":null}},"128":{"start":{"line":515,"column":27},"end":{"line":515,"column":null}},"129":{"start":{"line":517,"column":4},"end":{"line":524,"column":null}},"130":{"start":{"line":518,"column":6},"end":{"line":518,"column":null}},"131":{"start":{"line":518,"column":32},"end":{"line":518,"column":null}},"132":{"start":{"line":520,"column":6},"end":{"line":523,"column":null}},"133":{"start":{"line":521,"column":8},"end":{"line":521,"column":null}},"134":{"start":{"line":522,"column":8},"end":{"line":522,"column":null}},"135":{"start":{"line":526,"column":4},"end":{"line":530,"column":null}},"136":{"start":{"line":527,"column":24},"end":{"line":527,"column":null}},"137":{"start":{"line":527,"column":43},"end":{"line":527,"column":73}},"138":{"start":{"line":528,"column":6},"end":{"line":528,"column":null}},"139":{"start":{"line":528,"column":34},"end":{"line":528,"column":null}},"140":{"start":{"line":529,"column":6},"end":{"line":529,"column":null}},"141":{"start":{"line":532,"column":4},"end":{"line":532,"column":null}},"142":{"start":{"line":544,"column":43},"end":{"line":544,"column":null}},"143":{"start":{"line":546,"column":84},"end":{"line":575,"column":null}},"144":{"start":{"line":577,"column":4},"end":{"line":593,"column":null}},"145":{"start":{"line":577,"column":17},"end":{"line":577,"column":20}},"146":{"start":{"line":578,"column":22},"end":{"line":578,"column":null}},"147":{"start":{"line":579,"column":22},"end":{"line":582,"column":null}},"148":{"start":{"line":584,"column":24},"end":{"line":584,"column":null}},"149":{"start":{"line":584,"column":67},"end":{"line":584,"column":89}},"150":{"start":{"line":585,"column":23},"end":{"line":585,"column":null}},"151":{"start":{"line":587,"column":6},"end":{"line":592,"column":null}},"152":{"start":{"line":595,"column":4},"end":{"line":602,"column":null}},"153":{"start":{"line":596,"column":6},"end":{"line":601,"column":null}},"154":{"start":{"line":604,"column":4},"end":{"line":611,"column":null}},"155":{"start":{"line":605,"column":6},"end":{"line":610,"column":null}},"156":{"start":{"line":613,"column":4},"end":{"line":620,"column":null}},"157":{"start":{"line":614,"column":6},"end":{"line":619,"column":null}},"158":{"start":{"line":622,"column":4},"end":{"line":629,"column":null}},"159":{"start":{"line":623,"column":6},"end":{"line":628,"column":null}},"160":{"start":{"line":631,"column":4},"end":{"line":638,"column":null}},"161":{"start":{"line":632,"column":6},"end":{"line":637,"column":null}},"162":{"start":{"line":640,"column":4},"end":{"line":640,"column":null}},"163":{"start":{"line":644,"column":4},"end":{"line":650,"column":null}},"164":{"start":{"line":645,"column":6},"end":{"line":649,"column":null}},"165":{"start":{"line":645,"column":56},"end":{"line":645,"column":88}},"166":{"start":{"line":646,"column":8},"end":{"line":646,"column":null}},"167":{"start":{"line":647,"column":8},"end":{"line":647,"column":null}},"168":{"start":{"line":648,"column":8},"end":{"line":648,"column":null}},"169":{"start":{"line":654,"column":4},"end":{"line":658,"column":null}},"170":{"start":{"line":662,"column":36},"end":{"line":662,"column":null}},"171":{"start":{"line":669,"column":2},"end":{"line":669,"column":null}},"172":{"start":{"line":679,"column":2},"end":{"line":679,"column":null}},"173":{"start":{"line":691,"column":2},"end":{"line":691,"column":null}}},"fnMap":{"0":{"name":"loadQuestionsFromMLDataset","decl":{"start":{"line":37,"column":9},"end":{"line":37,"column":59}},"loc":{"start":{"line":37,"column":59},"end":{"line":60,"column":null}},"line":37},"1":{"name":"(anonymous_1)","decl":{"start":{"line":44,"column":34},"end":{"line":44,"column":35}},"loc":{"start":{"line":44,"column":47},"end":{"line":51,"column":10}},"line":44},"2":{"name":"(anonymous_2)","decl":{"start":{"line":291,"column":2},"end":{"line":291,"column":16}},"loc":{"start":{"line":291,"column":16},"end":{"line":302,"column":null}},"line":291},"3":{"name":"(anonymous_3)","decl":{"start":{"line":297,"column":43},"end":{"line":297,"column":48}},"loc":{"start":{"line":297,"column":48},"end":{"line":297,"column":58}},"line":297},"4":{"name":"(anonymous_4)","decl":{"start":{"line":298,"column":45},"end":{"line":298,"column":50}},"loc":{"start":{"line":298,"column":50},"end":{"line":298,"column":62}},"line":298},"5":{"name":"(anonymous_5)","decl":{"start":{"line":304,"column":10},"end":{"line":304,"column":26}},"loc":{"start":{"line":304,"column":43},"end":{"line":311,"column":null}},"line":304},"6":{"name":"(anonymous_6)","decl":{"start":{"line":313,"column":10},"end":{"line":313,"column":39}},"loc":{"start":{"line":313,"column":89},"end":{"line":335,"column":null}},"line":313},"7":{"name":"(anonymous_7)","decl":{"start":{"line":337,"column":10},"end":{"line":337,"column":35}},"loc":{"start":{"line":337,"column":78},"end":{"line":341,"column":null}},"line":337},"8":{"name":"(anonymous_8)","decl":{"start":{"line":343,"column":10},"end":{"line":343,"column":29}},"loc":{"start":{"line":343,"column":78},"end":{"line":348,"column":null}},"line":343},"9":{"name":"(anonymous_9)","decl":{"start":{"line":350,"column":8},"end":{"line":350,"column":null}},"loc":{"start":{"line":354,"column":34},"end":{"line":416,"column":null}},"line":354},"10":{"name":"(anonymous_10)","decl":{"start":{"line":371,"column":34},"end":{"line":371,"column":40}},"loc":{"start":{"line":371,"column":40},"end":{"line":371,"column":60}},"line":371},"11":{"name":"(anonymous_11)","decl":{"start":{"line":384,"column":6},"end":{"line":384,"column":11}},"loc":{"start":{"line":384,"column":11},"end":{"line":384,"column":null}},"line":384},"12":{"name":"(anonymous_12)","decl":{"start":{"line":396,"column":44},"end":{"line":396,"column":49}},"loc":{"start":{"line":396,"column":49},"end":{"line":396,"column":76}},"line":396},"13":{"name":"(anonymous_13)","decl":{"start":{"line":401,"column":36},"end":{"line":401,"column":42}},"loc":{"start":{"line":401,"column":42},"end":{"line":401,"column":68}},"line":401},"14":{"name":"(anonymous_14)","decl":{"start":{"line":405,"column":37},"end":{"line":405,"column":43}},"loc":{"start":{"line":405,"column":43},"end":{"line":405,"column":71}},"line":405},"15":{"name":"(anonymous_15)","decl":{"start":{"line":410,"column":40},"end":{"line":410,"column":45}},"loc":{"start":{"line":410,"column":45},"end":{"line":410,"column":102}},"line":410},"16":{"name":"(anonymous_16)","decl":{"start":{"line":410,"column":69},"end":{"line":410,"column":75}},"loc":{"start":{"line":410,"column":75},"end":{"line":410,"column":101}},"line":410},"17":{"name":"(anonymous_17)","decl":{"start":{"line":418,"column":8},"end":{"line":418,"column":null}},"loc":{"start":{"line":424,"column":76},"end":{"line":533,"column":null}},"line":424},"18":{"name":"(anonymous_18)","decl":{"start":{"line":477,"column":56},"end":{"line":477,"column":61}},"loc":{"start":{"line":477,"column":61},"end":{"line":482,"column":5}},"line":477},"19":{"name":"(anonymous_19)","decl":{"start":{"line":488,"column":34},"end":{"line":488,"column":39}},"loc":{"start":{"line":488,"column":39},"end":{"line":510,"column":5}},"line":488},"20":{"name":"(anonymous_20)","decl":{"start":{"line":512,"column":16},"end":{"line":512,"column":17}},"loc":{"start":{"line":512,"column":26},"end":{"line":512,"column":43}},"line":512},"21":{"name":"(anonymous_21)","decl":{"start":{"line":527,"column":38},"end":{"line":527,"column":43}},"loc":{"start":{"line":527,"column":43},"end":{"line":527,"column":73}},"line":527},"22":{"name":"(anonymous_22)","decl":{"start":{"line":535,"column":8},"end":{"line":535,"column":null}},"loc":{"start":{"line":543,"column":32},"end":{"line":641,"column":null}},"line":543},"23":{"name":"(anonymous_23)","decl":{"start":{"line":584,"column":62},"end":{"line":584,"column":67}},"loc":{"start":{"line":584,"column":67},"end":{"line":584,"column":89}},"line":584},"24":{"name":"(anonymous_24)","decl":{"start":{"line":643,"column":2},"end":{"line":643,"column":21}},"loc":{"start":{"line":643,"column":59},"end":{"line":651,"column":null}},"line":643},"25":{"name":"(anonymous_25)","decl":{"start":{"line":645,"column":44},"end":{"line":645,"column":56}},"loc":{"start":{"line":645,"column":56},"end":{"line":645,"column":88}},"line":645},"26":{"name":"(anonymous_26)","decl":{"start":{"line":653,"column":2},"end":{"line":653,"column":99}},"loc":{"start":{"line":653,"column":99},"end":{"line":659,"column":null}},"line":653},"27":{"name":"generateQuestionsFromText","decl":{"start":{"line":664,"column":22},"end":{"line":664,"column":null}},"loc":{"start":{"line":668,"column":32},"end":{"line":670,"column":null}},"line":668},"28":{"name":"generatePracticeQuiz","decl":{"start":{"line":672,"column":22},"end":{"line":672,"column":null}},"loc":{"start":{"line":678,"column":74},"end":{"line":680,"column":null}},"line":678},"29":{"name":"generateStudySuggestions","decl":{"start":{"line":682,"column":22},"end":{"line":682,"column":null}},"loc":{"start":{"line":690,"column":30},"end":{"line":692,"column":null}},"line":690}},"branchMap":{"0":{"loc":{"start":{"line":40,"column":4},"end":{"line":53,"column":null}},"type":"if","locations":[{"start":{"line":40,"column":4},"end":{"line":53,"column":null}},{"start":{},"end":{}}],"line":40},"1":{"loc":{"start":{"line":42,"column":6},"end":{"line":52,"column":null}},"type":"if","locations":[{"start":{"line":42,"column":6},"end":{"line":52,"column":null}},{"start":{},"end":{}}],"line":42},"2":{"loc":{"start":{"line":42,"column":10},"end":{"line":42,"column":59}},"type":"binary-expr","locations":[{"start":{"line":42,"column":10},"end":{"line":42,"column":28}},{"start":{"line":42,"column":28},"end":{"line":42,"column":59}}],"line":42},"3":{"loc":{"start":{"line":46,"column":19},"end":{"line":46,"column":null}},"type":"binary-expr","locations":[{"start":{"line":46,"column":19},"end":{"line":46,"column":32}},{"start":{"line":46,"column":32},"end":{"line":46,"column":null}}],"line":46},"4":{"loc":{"start":{"line":47,"column":25},"end":{"line":47,"column":null}},"type":"binary-expr","locations":[{"start":{"line":47,"column":25},"end":{"line":47,"column":45}},{"start":{"line":47,"column":45},"end":{"line":47,"column":64}},{"start":{"line":47,"column":64},"end":{"line":47,"column":null}}],"line":47},"5":{"loc":{"start":{"line":48,"column":20},"end":{"line":48,"column":null}},"type":"binary-expr","locations":[{"start":{"line":48,"column":20},"end":{"line":48,"column":34}},{"start":{"line":48,"column":34},"end":{"line":48,"column":null}}],"line":48},"6":{"loc":{"start":{"line":49,"column":22},"end":{"line":49,"column":null}},"type":"binary-expr","locations":[{"start":{"line":49,"column":22},"end":{"line":49,"column":38}},{"start":{"line":49,"column":38},"end":{"line":49,"column":null}}],"line":49},"7":{"loc":{"start":{"line":50,"column":23},"end":{"line":50,"column":null}},"type":"binary-expr","locations":[{"start":{"line":50,"column":23},"end":{"line":50,"column":40}},{"start":{"line":50,"column":40},"end":{"line":50,"column":null}}],"line":50},"8":{"loc":{"start":{"line":317,"column":6},"end":{"line":317,"column":null}},"type":"if","locations":[{"start":{"line":317,"column":6},"end":{"line":317,"column":null}},{"start":{},"end":{}}],"line":317},"9":{"loc":{"start":{"line":319,"column":6},"end":{"line":321,"column":null}},"type":"if","locations":[{"start":{"line":319,"column":6},"end":{"line":321,"column":null}},{"start":{},"end":{}}],"line":319},"10":{"loc":{"start":{"line":324,"column":6},"end":{"line":326,"column":null}},"type":"if","locations":[{"start":{"line":324,"column":6},"end":{"line":326,"column":null}},{"start":{},"end":{}}],"line":324},"11":{"loc":{"start":{"line":331,"column":21},"end":{"line":331,"column":null}},"type":"cond-expr","locations":[{"start":{"line":331,"column":37},"end":{"line":331,"column":63}},{"start":{"line":331,"column":63},"end":{"line":331,"column":null}}],"line":331},"12":{"loc":{"start":{"line":338,"column":4},"end":{"line":338,"column":null}},"type":"if","locations":[{"start":{"line":338,"column":4},"end":{"line":338,"column":null}},{"start":{},"end":{}}],"line":338},"13":{"loc":{"start":{"line":339,"column":4},"end":{"line":339,"column":null}},"type":"if","locations":[{"start":{"line":339,"column":4},"end":{"line":339,"column":null}},{"start":{},"end":{}}],"line":339},"14":{"loc":{"start":{"line":344,"column":4},"end":{"line":344,"column":null}},"type":"if","locations":[{"start":{"line":344,"column":4},"end":{"line":344,"column":null}},{"start":{},"end":{}}],"line":344},"15":{"loc":{"start":{"line":345,"column":4},"end":{"line":345,"column":null}},"type":"if","locations":[{"start":{"line":345,"column":4},"end":{"line":345,"column":null}},{"start":{},"end":{}}],"line":345},"16":{"loc":{"start":{"line":346,"column":4},"end":{"line":346,"column":null}},"type":"if","locations":[{"start":{"line":346,"column":4},"end":{"line":346,"column":null}},{"start":{},"end":{}}],"line":346},"17":{"loc":{"start":{"line":353,"column":4},"end":{"line":353,"column":null}},"type":"default-arg","locations":[{"start":{"line":353,"column":20},"end":{"line":353,"column":null}}],"line":353},"18":{"loc":{"start":{"line":371,"column":8},"end":{"line":374,"column":null}},"type":"if","locations":[{"start":{"line":371,"column":8},"end":{"line":374,"column":null}},{"start":{},"end":{}}],"line":371},"19":{"loc":{"start":{"line":378,"column":4},"end":{"line":381,"column":null}},"type":"if","locations":[{"start":{"line":378,"column":4},"end":{"line":381,"column":null}},{"start":{},"end":{}}],"line":378},"20":{"loc":{"start":{"line":387,"column":4},"end":{"line":389,"column":null}},"type":"if","locations":[{"start":{"line":387,"column":4},"end":{"line":389,"column":null}},{"start":{},"end":{}}],"line":387},"21":{"loc":{"start":{"line":400,"column":8},"end":{"line":400,"column":null}},"type":"if","locations":[{"start":{"line":400,"column":8},"end":{"line":400,"column":null}},{"start":{},"end":{}}],"line":400},"22":{"loc":{"start":{"line":401,"column":8},"end":{"line":404,"column":null}},"type":"if","locations":[{"start":{"line":401,"column":8},"end":{"line":404,"column":null}},{"start":{},"end":{}}],"line":401},"23":{"loc":{"start":{"line":405,"column":8},"end":{"line":405,"column":null}},"type":"if","locations":[{"start":{"line":405,"column":8},"end":{"line":405,"column":null}},{"start":{},"end":{}}],"line":405},"24":{"loc":{"start":{"line":409,"column":11},"end":{"line":409,"column":91}},"type":"binary-expr","locations":[{"start":{"line":409,"column":11},"end":{"line":409,"column":47}},{"start":{"line":409,"column":47},"end":{"line":409,"column":91}}],"line":409},"25":{"loc":{"start":{"line":411,"column":6},"end":{"line":411,"column":null}},"type":"if","locations":[{"start":{"line":411,"column":6},"end":{"line":411,"column":null}},{"start":{},"end":{}}],"line":411},"26":{"loc":{"start":{"line":425,"column":29},"end":{"line":427,"column":null}},"type":"cond-expr","locations":[{"start":{"line":426,"column":8},"end":{"line":426,"column":null}},{"start":{"line":427,"column":8},"end":{"line":427,"column":null}}],"line":425},"27":{"loc":{"start":{"line":430,"column":4},"end":{"line":437,"column":null}},"type":"if","locations":[{"start":{"line":430,"column":4},"end":{"line":437,"column":null}},{"start":{},"end":{}}],"line":430},"28":{"loc":{"start":{"line":448,"column":31},"end":{"line":448,"column":null}},"type":"binary-expr","locations":[{"start":{"line":448,"column":31},"end":{"line":448,"column":81}},{"start":{"line":448,"column":81},"end":{"line":448,"column":null}}],"line":448},"29":{"loc":{"start":{"line":457,"column":18},"end":{"line":457,"column":null}},"type":"binary-expr","locations":[{"start":{"line":457,"column":18},"end":{"line":457,"column":27}},{"start":{"line":457,"column":27},"end":{"line":457,"column":null}}],"line":457},"30":{"loc":{"start":{"line":464,"column":6},"end":{"line":469,"column":null}},"type":"if","locations":[{"start":{"line":464,"column":6},"end":{"line":469,"column":null}},{"start":{"line":467,"column":13},"end":{"line":469,"column":null}}],"line":464},"31":{"loc":{"start":{"line":464,"column":10},"end":{"line":464,"column":84}},"type":"binary-expr","locations":[{"start":{"line":464,"column":10},"end":{"line":464,"column":32}},{"start":{"line":464,"column":32},"end":{"line":464,"column":53}},{"start":{"line":464,"column":53},"end":{"line":464,"column":84}}],"line":464},"32":{"loc":{"start":{"line":468,"column":71},"end":{"line":468,"column":101}},"type":"binary-expr","locations":[{"start":{"line":468,"column":71},"end":{"line":468,"column":100}},{"start":{"line":468,"column":100},"end":{"line":468,"column":101}}],"line":468},"33":{"loc":{"start":{"line":478,"column":27},"end":{"line":479,"column":null}},"type":"binary-expr","locations":[{"start":{"line":478,"column":27},"end":{"line":478,"column":37}},{"start":{"line":478,"column":37},"end":{"line":478,"column":null}},{"start":{"line":479,"column":26},"end":{"line":479,"column":null}}],"line":478},"34":{"loc":{"start":{"line":481,"column":13},"end":{"line":481,"column":null}},"type":"binary-expr","locations":[{"start":{"line":481,"column":13},"end":{"line":481,"column":29}},{"start":{"line":481,"column":29},"end":{"line":481,"column":null}}],"line":481},"35":{"loc":{"start":{"line":484,"column":4},"end":{"line":486,"column":null}},"type":"if","locations":[{"start":{"line":484,"column":4},"end":{"line":486,"column":null}},{"start":{},"end":{}}],"line":484},"36":{"loc":{"start":{"line":491,"column":6},"end":{"line":498,"column":null}},"type":"if","locations":[{"start":{"line":491,"column":6},"end":{"line":498,"column":null}},{"start":{"line":493,"column":6},"end":{"line":498,"column":null}}],"line":491},"37":{"loc":{"start":{"line":493,"column":6},"end":{"line":498,"column":null}},"type":"if","locations":[{"start":{"line":493,"column":6},"end":{"line":498,"column":null}},{"start":{},"end":{}}],"line":493},"38":{"loc":{"start":{"line":494,"column":9},"end":{"line":495,"column":null}},"type":"binary-expr","locations":[{"start":{"line":494,"column":9},"end":{"line":494,"column":36}},{"start":{"line":494,"column":36},"end":{"line":494,"column":null}},{"start":{"line":495,"column":9},"end":{"line":495,"column":38}},{"start":{"line":495,"column":38},"end":{"line":495,"column":null}}],"line":494},"39":{"loc":{"start":{"line":500,"column":6},"end":{"line":502,"column":null}},"type":"if","locations":[{"start":{"line":500,"column":6},"end":{"line":502,"column":null}},{"start":{},"end":{}}],"line":500},"40":{"loc":{"start":{"line":505,"column":6},"end":{"line":507,"column":null}},"type":"if","locations":[{"start":{"line":505,"column":6},"end":{"line":507,"column":null}},{"start":{},"end":{}}],"line":505},"41":{"loc":{"start":{"line":505,"column":10},"end":{"line":505,"column":45}},"type":"binary-expr","locations":[{"start":{"line":505,"column":10},"end":{"line":505,"column":21}},{"start":{"line":505,"column":21},"end":{"line":505,"column":45}}],"line":505},"42":{"loc":{"start":{"line":518,"column":6},"end":{"line":518,"column":null}},"type":"if","locations":[{"start":{"line":518,"column":6},"end":{"line":518,"column":null}},{"start":{},"end":{}}],"line":518},"43":{"loc":{"start":{"line":520,"column":6},"end":{"line":523,"column":null}},"type":"if","locations":[{"start":{"line":520,"column":6},"end":{"line":523,"column":null}},{"start":{},"end":{}}],"line":520},"44":{"loc":{"start":{"line":520,"column":10},"end":{"line":520,"column":73}},"type":"binary-expr","locations":[{"start":{"line":520,"column":10},"end":{"line":520,"column":33}},{"start":{"line":520,"column":33},"end":{"line":520,"column":73}}],"line":520},"45":{"loc":{"start":{"line":526,"column":11},"end":{"line":526,"column":67}},"type":"binary-expr","locations":[{"start":{"line":526,"column":11},"end":{"line":526,"column":34}},{"start":{"line":526,"column":34},"end":{"line":526,"column":67}}],"line":526},"46":{"loc":{"start":{"line":528,"column":6},"end":{"line":528,"column":null}},"type":"if","locations":[{"start":{"line":528,"column":6},"end":{"line":528,"column":null}},{"start":{},"end":{}}],"line":528},"47":{"loc":{"start":{"line":579,"column":22},"end":{"line":582,"column":null}},"type":"binary-expr","locations":[{"start":{"line":579,"column":22},"end":{"line":579,"column":55}},{"start":{"line":579,"column":55},"end":{"line":582,"column":null}}],"line":579},"48":{"loc":{"start":{"line":585,"column":23},"end":{"line":585,"column":null}},"type":"cond-expr","locations":[{"start":{"line":585,"column":35},"end":{"line":585,"column":91}},{"start":{"line":585,"column":91},"end":{"line":585,"column":null}}],"line":585},"49":{"loc":{"start":{"line":591,"column":18},"end":{"line":591,"column":null}},"type":"cond-expr","locations":[{"start":{"line":591,"column":34},"end":{"line":591,"column":43}},{"start":{"line":591,"column":43},"end":{"line":591,"column":null}}],"line":591},"50":{"loc":{"start":{"line":595,"column":4},"end":{"line":602,"column":null}},"type":"if","locations":[{"start":{"line":595,"column":4},"end":{"line":602,"column":null}},{"start":{},"end":{}}],"line":595},"51":{"loc":{"start":{"line":604,"column":4},"end":{"line":611,"column":null}},"type":"if","locations":[{"start":{"line":604,"column":4},"end":{"line":611,"column":null}},{"start":{},"end":{}}],"line":604},"52":{"loc":{"start":{"line":613,"column":4},"end":{"line":620,"column":null}},"type":"if","locations":[{"start":{"line":613,"column":4},"end":{"line":620,"column":null}},{"start":{},"end":{}}],"line":613},"53":{"loc":{"start":{"line":622,"column":4},"end":{"line":629,"column":null}},"type":"if","locations":[{"start":{"line":622,"column":4},"end":{"line":629,"column":null}},{"start":{},"end":{}}],"line":622},"54":{"loc":{"start":{"line":631,"column":4},"end":{"line":638,"column":null}},"type":"if","locations":[{"start":{"line":631,"column":4},"end":{"line":638,"column":null}},{"start":{},"end":{}}],"line":631},"55":{"loc":{"start":{"line":645,"column":6},"end":{"line":649,"column":null}},"type":"if","locations":[{"start":{"line":645,"column":6},"end":{"line":649,"column":null}},{"start":{},"end":{}}],"line":645},"56":{"loc":{"start":{"line":667,"column":2},"end":{"line":667,"column":null}},"type":"default-arg","locations":[{"start":{"line":667,"column":18},"end":{"line":667,"column":null}}],"line":667}},"s":{"0":0,"1":0,"2":0,"3":0,"4":0,"5":0,"6":0,"7":0,"8":0,"9":0,"10":0,"11":0,"12":0,"13":0,"14":0,"15":0,"16":0,"17":0,"18":0,"19":0,"20":0,"21":0,"22":0,"23":0,"24":0,"25":0,"26":0,"27":0,"28":0,"29":0,"30":0,"31":0,"32":0,"33":0,"34":0,"35":0,"36":0,"37":0,"38":0,"39":0,"40":0,"41":0,"42":0,"43":0,"44":0,"45":0,"46":0,"47":0,"48":0,"49":0,"50":0,"51":0,"52":0,"53":0,"54":0,"55":0,"56":0,"57":0,"58":0,"59":0,"60":0,"61":0,"62":0,"63":0,"64":0,"65":0,"66":0,"67":0,"68":0,"69":0,"70":0,"71":0,"72":0,"73":0,"74":0,"75":0,"76":0,"77":0,"78":0,"79":0,"80":0,"81":0,"82":0,"83":0,"84":0,"85":0,"86":0,"87":0,"88":0,"89":0,"90":0,"91":0,"92":0,"93":0,"94":0,"95":0,"96":0,"97":0,"98":0,"99":0,"100":0,"101":0,"102":0,"103":0,"104":0,"105":0,"106":0,"107":0,"108":0,"109":0,"110":0,"111":0,"112":0,"113":0,"114":0,"115":0,"116":0,"117":0,"118":0,"119":0,"120":0,"121":0,"122":0,"123":0,"124":0,"125":0,"126":0,"127":0,"128":0,"129":0,"130":0,"131":0,"132":0,"133":0,"134":0,"135":0,"136":0,"137":0,"138":0,"139":0,"140":0,"141":0,"142":0,"143":0,"144":0,"145":0,"146":0,"147":0,"148":0,"149":0,"150":0,"151":0,"152":0,"153":0,"154":0,"155":0,"156":0,"157":0,"158":0,"159":0,"160":0,"161":0,"162":0,"163":0,"164":0,"165":0,"166":0,"167":0,"168":0,"169":0,"170":0,"171":0,"172":0,"173":0},"f":{"0":0,"1":0,"2":0,"3":0,"4":0,"5":0,"6":0,"7":0,"8":0,"9":0,"10":0,"11":0,"12":0,"13":0,"14":0,"15":0,"16":0,"17":0,"18":0,"19":0,"20":0,"21":0,"22":0,"23":0,"24":0,"25":0,"26":0,"27":0,"28":0,"29":0},"b":{"0":[0,0],"1":[0,0],"2":[0,0],"3":[0,0],"4":[0,0,0],"5":[0,0],"6":[0,0],"7":[0,0],"8":[0,0],"9":[0,0],"10":[0,0],"11":[0,0],"12":[0,0],"13":[0,0],"14":[0,0],"15":[0,0],"16":[0,0],"17":[0],"18":[0,0],"19":[0,0],"20":[0,0],"21":[0,0],"22":[0,0],"23":[0,0],"24":[0,0],"25":[0,0],"26":[0,0],"27":[0,0],"28":[0,0],"29":[0,0],"30":[0,0],"31":[0,0,0],"32":[0,0],"33":[0,0,0],"34":[0,0],"35":[0,0],"36":[0,0],"37":[0,0],"38":[0,0,0,0],"39":[0,0],"40":[0,0],"41":[0,0],"42":[0,0],"43":[0,0],"44":[0,0],"45":[0,0],"46":[0,0],"47":[0,0],"48":[0,0],"49":[0,0],"50":[0,0],"51":[0,0],"52":[0,0],"53":[0,0],"54":[0,0],"55":[0,0],"56":[0]},"meta":{"lastBranch":57,"lastFunction":30,"lastStatement":174,"seen":{"f:37:9:37:59":0,"s:38:2:56:Infinity":0,"s:39:24:39:Infinity":1,"b:40:4:53:Infinity:undefined:undefined:undefined:undefined":0,"s:40:4:53:Infinity":2,"s:41:19:41:Infinity":3,"b:42:6:52:Infinity:undefined:undefined:undefined:undefined":1,"s:42:6:52:Infinity":4,"b:42:10:42:28:42:28:42:59":2,"s:43:8:43:Infinity":5,"s:44:8:51:Infinity":6,"f:44:34:44:35":1,"s:44:47:51:10":7,"b:46:19:46:32:46:32:46:Infinity":3,"b:47:25:47:45:47:45:47:64:47:64:47:Infinity":4,"b:48:20:48:34:48:34:48:Infinity":5,"b:49:22:49:38:49:38:49:Infinity":6,"b:50:23:50:40:50:40:50:Infinity":7,"s:55:4:55:Infinity":8,"s:59:2:59:Infinity":9,"s:62:48:286:Infinity":10,"f:291:2:291:16":2,"s:293:25:293:Infinity":11,"s:295:4:299:Infinity":12,"f:297:43:297:48":3,"s:297:48:297:58":13,"f:298:45:298:50":4,"s:298:50:298:62":14,"s:301:4:301:Infinity":15,"f:304:10:304:26":5,"s:305:21:305:Infinity":16,"s:306:4:309:Infinity":17,"s:306:17:306:38":18,"s:307:16:307:Infinity":19,"s:308:6:308:Infinity":20,"s:310:4:310:Infinity":21,"f:313:10:313:39":6,"s:314:45:314:Infinity":22,"s:316:4:327:Infinity":23,"b:317:6:317:Infinity:undefined:undefined:undefined:undefined":8,"s:317:6:317:Infinity":24,"s:317:29:317:Infinity":25,"b:319:6:321:Infinity:undefined:undefined:undefined:undefined":9,"s:319:6:321:Infinity":26,"s:320:8:320:Infinity":27,"s:323:6:323:Infinity":28,"b:324:6:326:Infinity:undefined:undefined:undefined:undefined":10,"s:324:6:326:Infinity":29,"s:325:8:325:Infinity":30,"s:329:4:332:Infinity":31,"s:330:18:330:Infinity":32,"s:331:6:331:Infinity":33,"b:331:37:331:63:331:63:331:Infinity":11,"s:334:4:334:Infinity":34,"f:337:10:337:35":7,"b:338:4:338:Infinity:undefined:undefined:undefined:undefined":12,"s:338:4:338:Infinity":35,"s:338:20:338:Infinity":36,"b:339:4:339:Infinity:undefined:undefined:undefined:undefined":13,"s:339:4:339:Infinity":37,"s:339:20:339:Infinity":38,"s:340:4:340:Infinity":39,"f:343:10:343:29":8,"b:344:4:344:Infinity:undefined:undefined:undefined:undefined":14,"s:344:4:344:Infinity":40,"s:344:35:344:Infinity":41,"b:345:4:345:Infinity:undefined:undefined:undefined:undefined":15,"s:345:4:345:Infinity":42,"s:345:39:345:Infinity":43,"b:346:4:346:Infinity:undefined:undefined:undefined:undefined":16,"s:346:4:346:Infinity":44,"s:346:35:346:Infinity":45,"s:347:4:347:Infinity":46,"f:350:8:350:Infinity":9,"b:353:20:353:Infinity":17,"s:355:21:355:Infinity":47,"s:357:54:365:Infinity":48,"s:367:30:367:Infinity":49,"s:369:4:376:Infinity":50,"s:370:6:375:Infinity":51,"b:371:8:374:Infinity:undefined:undefined:undefined:undefined":18,"s:371:8:374:Infinity":52,"f:371:34:371:40":10,"s:371:40:371:60":53,"s:372:10:372:Infinity":54,"s:373:10:373:Infinity":55,"b:378:4:381:Infinity:undefined:undefined:undefined:undefined":19,"s:378:4:381:Infinity":56,"s:379:6:379:Infinity":57,"s:380:6:380:Infinity":58,"s:383:29:385:Infinity":59,"f:384:6:384:11":11,"s:384:11:384:Infinity":60,"b:387:4:389:Infinity:undefined:undefined:undefined:undefined":20,"s:387:4:389:Infinity":61,"s:388:6:388:Infinity":62,"s:391:51:391:Infinity":63,"s:392:27:392:Infinity":64,"s:393:21:393:Infinity":65,"s:395:4:407:Infinity":66,"s:396:28:396:Infinity":67,"f:396:44:396:49":12,"s:396:49:396:76":68,"s:397:26:397:Infinity":69,"s:399:6:406:Infinity":70,"b:400:8:400:Infinity:undefined:undefined:undefined:undefined":21,"s:400:8:400:Infinity":71,"s:400:47:400:Infinity":72,"b:401:8:404:Infinity:undefined:undefined:undefined:undefined":22,"s:401:8:404:Infinity":73,"f:401:36:401:42":13,"s:401:42:401:68":74,"s:402:10:402:Infinity":75,"s:403:10:403:Infinity":76,"b:405:8:405:Infinity:undefined:undefined:undefined:undefined":23,"s:405:8:405:Infinity":77,"f:405:37:405:43":14,"s:405:43:405:71":78,"s:405:96:405:Infinity":79,"s:409:4:413:Infinity":80,"b:409:11:409:47:409:47:409:91":24,"s:410:24:410:Infinity":81,"f:410:40:410:45":15,"s:410:45:410:102":82,"f:410:69:410:75":16,"s:410:75:410:101":83,"b:411:6:411:Infinity:undefined:undefined:undefined:undefined":25,"s:411:6:411:Infinity":84,"s:411:34:411:Infinity":85,"s:412:6:412:Infinity":86,"s:415:4:415:Infinity":87,"f:418:8:418:Infinity":17,"s:425:29:427:Infinity":88,"b:426:8:426:Infinity:427:8:427:Infinity":26,"s:429:47:429:Infinity":89,"b:430:4:437:Infinity:undefined:undefined:undefined:undefined":27,"s:430:4:437:Infinity":90,"s:431:6:436:Infinity":91,"s:432:25:432:Infinity":92,"s:433:8:433:Infinity":93,"s:435:8:435:Infinity":94,"s:439:59:446:Infinity":95,"s:448:31:448:Infinity":96,"b:448:31:448:81:448:81:448:Infinity":28,"s:451:4:472:Infinity":97,"s:452:32:452:Infinity":98,"s:454:6:454:Infinity":99,"s:456:25:462:Infinity":100,"b:457:18:457:27:457:27:457:Infinity":29,"b:464:6:469:Infinity:467:13:469:Infinity":30,"s:464:6:469:Infinity":101,"b:464:10:464:32:464:32:464:53:464:53:464:84":31,"s:465:8:465:Infinity":102,"s:466:8:466:Infinity":103,"s:468:8:468:Infinity":104,"b:468:71:468:100:468:100:468:101":32,"s:471:6:471:Infinity":105,"s:475:4:475:Infinity":106,"s:477:21:482:Infinity":107,"f:477:56:477:61":18,"s:478:27:479:Infinity":108,"b:478:27:478:37:478:37:478:Infinity:479:26:479:Infinity":33,"s:480:30:480:Infinity":109,"s:481:6:481:Infinity":110,"b:481:13:481:29:481:29:481:Infinity":34,"b:484:4:486:Infinity:undefined:undefined:undefined:undefined":35,"s:484:4:486:Infinity":111,"s:485:6:485:Infinity":112,"s:488:19:510:Infinity":113,"f:488:34:488:39":19,"s:489:18:489:Infinity":114,"b:491:6:498:Infinity:493:6:498:Infinity":36,"s:491:6:498:Infinity":115,"s:492:8:492:Infinity":116,"b:493:6:498:Infinity:undefined:undefined:undefined:undefined":37,"s:493:6:498:Infinity":117,"b:494:9:494:36:494:36:494:Infinity:495:9:495:38:495:38:495:Infinity":38,"s:497:8:497:Infinity":118,"b:500:6:502:Infinity:undefined:undefined:undefined:undefined":39,"s:500:6:502:Infinity":119,"s:501:8:501:Infinity":120,"s:504:22:504:Infinity":121,"b:505:6:507:Infinity:undefined:undefined:undefined:undefined":40,"s:505:6:507:Infinity":122,"b:505:10:505:21:505:21:505:45":41,"s:506:8:506:Infinity":123,"s:509:6:509:Infinity":124,"s:512:4:512:Infinity":125,"f:512:16:512:17":20,"s:512:26:512:43":126,"s:514:42:514:Infinity":127,"s:515:27:515:Infinity":128,"s:517:4:524:Infinity":129,"b:518:6:518:Infinity:undefined:undefined:undefined:undefined":42,"s:518:6:518:Infinity":130,"s:518:32:518:Infinity":131,"b:520:6:523:Infinity:undefined:undefined:undefined:undefined":43,"s:520:6:523:Infinity":132,"b:520:10:520:33:520:33:520:73":44,"s:521:8:521:Infinity":133,"s:522:8:522:Infinity":134,"s:526:4:530:Infinity":135,"b:526:11:526:34:526:34:526:67":45,"s:527:24:527:Infinity":136,"f:527:38:527:43":21,"s:527:43:527:73":137,"b:528:6:528:Infinity:undefined:undefined:undefined:undefined":46,"s:528:6:528:Infinity":138,"s:528:34:528:Infinity":139,"s:529:6:529:Infinity":140,"s:532:4:532:Infinity":141,"f:535:8:535:Infinity":22,"s:544:43:544:Infinity":142,"s:546:84:575:Infinity":143,"s:577:4:593:Infinity":144,"s:577:17:577:20":145,"s:578:22:578:Infinity":146,"s:579:22:582:Infinity":147,"b:579:22:579:55:579:55:582:Infinity":47,"s:584:24:584:Infinity":148,"f:584:62:584:67":23,"s:584:67:584:89":149,"s:585:23:585:Infinity":150,"b:585:35:585:91:585:91:585:Infinity":48,"s:587:6:592:Infinity":151,"b:591:34:591:43:591:43:591:Infinity":49,"b:595:4:602:Infinity:undefined:undefined:undefined:undefined":50,"s:595:4:602:Infinity":152,"s:596:6:601:Infinity":153,"b:604:4:611:Infinity:undefined:undefined:undefined:undefined":51,"s:604:4:611:Infinity":154,"s:605:6:610:Infinity":155,"b:613:4:620:Infinity:undefined:undefined:undefined:undefined":52,"s:613:4:620:Infinity":156,"s:614:6:619:Infinity":157,"b:622:4:629:Infinity:undefined:undefined:undefined:undefined":53,"s:622:4:629:Infinity":158,"s:623:6:628:Infinity":159,"b:631:4:638:Infinity:undefined:undefined:undefined:undefined":54,"s:631:4:638:Infinity":160,"s:632:6:637:Infinity":161,"s:640:4:640:Infinity":162,"f:643:2:643:21":24,"s:644:4:650:Infinity":163,"b:645:6:649:Infinity:undefined:undefined:undefined:undefined":55,"s:645:6:649:Infinity":164,"f:645:44:645:56":25,"s:645:56:645:88":165,"s:646:8:646:Infinity":166,"s:647:8:647:Infinity":167,"s:648:8:648:Infinity":168,"f:653:2:653:99":26,"s:654:4:658:Infinity":169,"s:662:36:662:Infinity":170,"f:664:22:664:Infinity":27,"b:667:18:667:Infinity":56,"s:669:2:669:Infinity":171,"f:672:22:672:Infinity":28,"s:679:2:679:Infinity":172,"f:682:22:682:Infinity":29,"s:691:2:691:Infinity":173}}}
,"/home/runner/workspace/server/ml-client.ts": {"path":"/home/runner/workspace/server/ml-client.ts","statementMap":{"0":{"start":{"line":1,"column":16},"end":{"line":1,"column":null}},"1":{"start":{"line":10,"column":13},"end":{"line":10,"column":null}},"2":{"start":{"line":11,"column":20},"end":{"line":11,"column":null}},"3":{"start":{"line":12,"column":12},"end":{"line":12,"column":null}},"4":{"start":{"line":12,"column":29},"end":{"line":12,"column":49}},"5":{"start":{"line":14,"column":1},"end":{"line":41,"column":null}},"6":{"start":{"line":15,"column":15},"end":{"line":20,"column":null}},"7":{"start":{"line":22,"column":2},"end":{"line":22,"column":null}},"8":{"start":{"line":25,"column":2},"end":{"line":29,"column":null}},"9":{"start":{"line":26,"column":3},"end":{"line":26,"column":null}},"10":{"start":{"line":28,"column":3},"end":{"line":28,"column":null}},"11":{"start":{"line":31,"column":2},"end":{"line":33,"column":null}},"12":{"start":{"line":32,"column":3},"end":{"line":32,"column":null}},"13":{"start":{"line":35,"column":2},"end":{"line":35,"column":null}},"14":{"start":{"line":37,"column":2},"end":{"line":39,"column":null}},"15":{"start":{"line":38,"column":3},"end":{"line":38,"column":null}},"16":{"start":{"line":40,"column":2},"end":{"line":40,"column":null}},"17":{"start":{"line":45,"column":13},"end":{"line":45,"column":null}},"18":{"start":{"line":46,"column":20},"end":{"line":46,"column":null}},"19":{"start":{"line":47,"column":12},"end":{"line":47,"column":null}},"20":{"start":{"line":47,"column":29},"end":{"line":47,"column":49}},"21":{"start":{"line":49,"column":1},"end":{"line":55,"column":null}},"22":{"start":{"line":50,"column":15},"end":{"line":50,"column":null}},"23":{"start":{"line":51,"column":2},"end":{"line":51,"column":null}},"24":{"start":{"line":52,"column":2},"end":{"line":52,"column":null}},"25":{"start":{"line":54,"column":2},"end":{"line":54,"column":null}}},"fnMap":{"0":{"name":"callMLService","decl":{"start":{"line":9,"column":22},"end":{"line":9,"column":45}},"loc":{"start":{"line":9,"column":118},"end":{"line":42,"column":null}},"line":9},"1":{"name":"(anonymous_1)","decl":{"start":{"line":12,"column":23},"end":{"line":12,"column":29}},"loc":{"start":{"line":12,"column":29},"end":{"line":12,"column":49}},"line":12},"2":{"name":"healthCheck","decl":{"start":{"line":44,"column":22},"end":{"line":44,"column":34}},"loc":{"start":{"line":44,"column":70},"end":{"line":56,"column":null}},"line":44},"3":{"name":"(anonymous_3)","decl":{"start":{"line":47,"column":23},"end":{"line":47,"column":29}},"loc":{"start":{"line":47,"column":29},"end":{"line":47,"column":49}},"line":47}},"branchMap":{"0":{"loc":{"start":{"line":1,"column":16},"end":{"line":1,"column":null}},"type":"binary-expr","locations":[{"start":{"line":1,"column":16},"end":{"line":1,"column":46}},{"start":{"line":1,"column":46},"end":{"line":1,"column":null}}],"line":1},"1":{"loc":{"start":{"line":9,"column":74},"end":{"line":9,"column":118}},"type":"default-arg","locations":[{"start":{"line":9,"column":86},"end":{"line":9,"column":118}}],"line":9},"2":{"loc":{"start":{"line":31,"column":2},"end":{"line":33,"column":null}},"type":"if","locations":[{"start":{"line":31,"column":2},"end":{"line":33,"column":null}},{"start":{},"end":{}}],"line":31},"3":{"loc":{"start":{"line":37,"column":2},"end":{"line":39,"column":null}},"type":"if","locations":[{"start":{"line":37,"column":2},"end":{"line":39,"column":null}},{"start":{},"end":{}}],"line":37},"4":{"loc":{"start":{"line":44,"column":34},"end":{"line":44,"column":70}},"type":"default-arg","locations":[{"start":{"line":44,"column":46},"end":{"line":44,"column":70}}],"line":44}},"s":{"0":0,"1":0,"2":0,"3":0,"4":0,"5":0,"6":0,"7":0,"8":0,"9":0,"10":0,"11":0,"12":0,"13":0,"14":0,"15":0,"16":0,"17":0,"18":0,"19":0,"20":0,"21":0,"22":0,"23":0,"24":0,"25":0},"f":{"0":0,"1":0,"2":0,"3":0},"b":{"0":[0,0],"1":[0],"2":[0,0],"3":[0,0],"4":[0]},"meta":{"lastBranch":5,"lastFunction":4,"lastStatement":26,"seen":{"s:1:16:1:Infinity":0,"b:1:16:1:46:1:46:1:Infinity":0,"f:9:22:9:45":0,"b:9:86:9:118":1,"s:10:13:10:Infinity":1,"s:11:20:11:Infinity":2,"s:12:12:12:Infinity":3,"f:12:23:12:29":1,"s:12:29:12:49":4,"s:14:1:41:Infinity":5,"s:15:15:20:Infinity":6,"s:22:2:22:Infinity":7,"s:25:2:29:Infinity":8,"s:26:3:26:Infinity":9,"s:28:3:28:Infinity":10,"b:31:2:33:Infinity:undefined:undefined:undefined:undefined":2,"s:31:2:33:Infinity":11,"s:32:3:32:Infinity":12,"s:35:2:35:Infinity":13,"b:37:2:39:Infinity:undefined:undefined:undefined:undefined":3,"s:37:2:39:Infinity":14,"s:38:3:38:Infinity":15,"s:40:2:40:Infinity":16,"f:44:22:44:34":2,"b:44:46:44:70":4,"s:45:13:45:Infinity":17,"s:46:20:46:Infinity":18,"s:47:12:47:Infinity":19,"f:47:23:47:29":3,"s:47:29:47:49":20,"s:49:1:55:Infinity":21,"s:50:15:50:Infinity":22,"s:51:2:51:Infinity":23,"s:52:2:52:Infinity":24,"s:54:2:54:Infinity":25}}}
,"/home/runner/workspace/server/naiveBayes.ts": {"path":"/home/runner/workspace/server/naiveBayes.ts","statementMap":{"0":{"start":{"line":32,"column":45},"end":{"line":32,"column":null}},"1":{"start":{"line":34,"column":4},"end":{"line":45,"column":null}},"2":{"start":{"line":35,"column":6},"end":{"line":35,"column":null}},"3":{"start":{"line":35,"column":29},"end":{"line":35,"column":null}},"4":{"start":{"line":37,"column":6},"end":{"line":39,"column":null}},"5":{"start":{"line":38,"column":8},"end":{"line":38,"column":null}},"6":{"start":{"line":41,"column":6},"end":{"line":41,"column":null}},"7":{"start":{"line":42,"column":6},"end":{"line":44,"column":null}},"8":{"start":{"line":43,"column":8},"end":{"line":43,"column":null}},"9":{"start":{"line":47,"column":4},"end":{"line":47,"column":null}},"10":{"start":{"line":54,"column":47},"end":{"line":61,"column":null}},"11":{"start":{"line":63,"column":4},"end":{"line":117,"column":null}},"12":{"start":{"line":64,"column":16},"end":{"line":64,"column":null}},"13":{"start":{"line":67,"column":6},"end":{"line":116,"column":null}},"14":{"start":{"line":69,"column":10},"end":{"line":72,"column":null}},"15":{"start":{"line":70,"column":12},"end":{"line":70,"column":null}},"16":{"start":{"line":71,"column":12},"end":{"line":71,"column":null}},"17":{"start":{"line":73,"column":10},"end":{"line":73,"column":null}},"18":{"start":{"line":76,"column":10},"end":{"line":85,"column":null}},"19":{"start":{"line":77,"column":12},"end":{"line":77,"column":null}},"20":{"start":{"line":78,"column":12},"end":{"line":78,"column":null}},"21":{"start":{"line":79,"column":10},"end":{"line":85,"column":null}},"22":{"start":{"line":80,"column":12},"end":{"line":80,"column":null}},"23":{"start":{"line":81,"column":12},"end":{"line":81,"column":null}},"24":{"start":{"line":82,"column":10},"end":{"line":85,"column":null}},"25":{"start":{"line":83,"column":12},"end":{"line":83,"column":null}},"26":{"start":{"line":84,"column":12},"end":{"line":84,"column":null}},"27":{"start":{"line":86,"column":10},"end":{"line":86,"column":null}},"28":{"start":{"line":89,"column":10},"end":{"line":92,"column":null}},"29":{"start":{"line":90,"column":12},"end":{"line":90,"column":null}},"30":{"start":{"line":91,"column":12},"end":{"line":91,"column":null}},"31":{"start":{"line":93,"column":10},"end":{"line":93,"column":null}},"32":{"start":{"line":96,"column":10},"end":{"line":107,"column":null}},"33":{"start":{"line":97,"column":12},"end":{"line":97,"column":null}},"34":{"start":{"line":98,"column":12},"end":{"line":98,"column":null}},"35":{"start":{"line":99,"column":10},"end":{"line":107,"column":null}},"36":{"start":{"line":100,"column":12},"end":{"line":100,"column":null}},"37":{"start":{"line":101,"column":10},"end":{"line":107,"column":null}},"38":{"start":{"line":102,"column":12},"end":{"line":102,"column":null}},"39":{"start":{"line":103,"column":10},"end":{"line":107,"column":null}},"40":{"start":{"line":104,"column":12},"end":{"line":104,"column":null}},"41":{"start":{"line":105,"column":10},"end":{"line":107,"column":null}},"42":{"start":{"line":106,"column":12},"end":{"line":106,"column":null}},"43":{"start":{"line":108,"column":10},"
[...]
:undefined:undefined:undefined:undefined":9,"s:89:10:92:Infinity":28,"b:89:14:89:27:89:27:89:38":10,"s:90:12:90:Infinity":29,"s:91:12:91:Infinity":30,"s:93:10:93:Infinity":31,"b:96:10:107:Infinity:99:10:107:Infinity":11,"s:96:10:107:Infinity":32,"s:97:12:97:Infinity":33,"s:98:12:98:Infinity":34,"b:99:10:107:Infinity:101:10:107:Infinity":12,"s:99:10:107:Infinity":35,"s:100:12:100:Infinity":36,"b:101:10:107:Infinity:103:10:107:Infinity":13,"s:101:10:107:Infinity":37,"s:102:12:102:Infinity":38,"b:103:10:107:Infinity:105:10:107:Infinity":14,"s:103:10:107:Infinity":39,"s:104:12:104:Infinity":40,"b:105:10:107:Infinity:undefined:undefined:undefined:undefined":15,"s:105:10:107:Infinity":41,"s:106:12:106:Infinity":42,"s:108:10:108:Infinity":43,"b:111:10:114:Infinity:undefined:undefined:undefined:undefined":16,"s:111:10:114:Infinity":44,"b:111:14:111:27:111:27:111:38":17,"s:112:12:112:Infinity":45,"s:113:12:113:Infinity":46,"s:115:10:115:Infinity":47,"s:119:4:119:Infinity":48,"f:125:10:125:Infinity":2,"s:130:70:171:Infinity":49,"s:173:45:173:Infinity":50,"s:175:4:202:Infinity":51,"s:176:29:176:Infinity":52,"s:177:26:177:Infinity":53,"s:180:6:188:Infinity":54,"b:181:8:184:Infinity:undefined:undefined:undefined:undefined":18,"s:181:8:184:Infinity":55,"s:182:27:182:Infinity":56,"s:183:10:183:Infinity":57,"s:187:8:187:Infinity":58,"b:187:26:187:58:187:58:187:63":19,"s:191:36:191:Infinity":59,"s:192:33:192:Infinity":60,"s:194:26:194:Infinity":61,"s:197:6:201:Infinity":62,"s:205:21:205:Infinity":63,"f:205:36:205:37":3,"s:205:48:205:78":64,"s:206:4:208:Infinity":65,"s:207:6:207:Infinity":66,"s:211:4:211:Infinity":67,"f:211:17:211:18":4,"s:211:27:211:56":68,"s:213:4:213:Infinity":69,"f:219:16:219:Infinity":5,"s:222:18:222:Infinity":70,"b:224:4:227:Infinity:undefined:undefined:undefined:undefined":20,"s:224:4:227:Infinity":71,"s:225:6:225:Infinity":72,"s:226:6:226:Infinity":73,"s:229:44:229:Infinity":74,"s:232:51:238:Infinity":75,"s:241:4:249:Infinity":76,"s:242:6:248:Infinity":77,"s:243:22:243:Infinity":78,"f:243:33:243:38":6,"s:243:38:243:58":79,"b:244:8:247:Infinity:undefined:undefined:undefined:undefined":21,"s:244:8:247:Infinity":80,"s:245:10:245:Infinity":81,"s:246:10:246:Infinity":82,"s:252:4:256:Infinity":83,"b:253:6:255:Infinity:undefined:undefined:undefined:undefined":22,"s:253:6:255:Infinity":84,"b:253:10:253:27:253:27:253:45":23,"s:254:8:254:Infinity":85,"s:258:4:261:Infinity":86,"f:258:29:258:35":7,"s:258:35:261:6":87,"b:260:20:260:47:260:47:260:63:260:63:260:Infinity":24,"f:268:8:268:28":8,"s:274:29:274:Infinity":88,"s:277:30:277:Infinity":89,"b:279:4:281:Infinity:undefined:undefined:undefined:undefined":25,"s:279:4:281:Infinity":90,"s:280:6:280:Infinity":91,"s:284:51:284:Infinity":92,"b:286:4:299:Infinity:289:11:299:Infinity":26,"s:286:4:299:Infinity":93,"s:288:6:288:Infinity":94,"s:291:6:298:Infinity":95,"s:302:31:302:Infinity":96,"s:305:24:305:Infinity":97,"s:308:4:308:Infinity":98,"b:311:4:313:Infinity:undefined:undefined:undefined:undefined":27,"s:311:4:313:Infinity":99,"b:311:8:311:38:311:38:311:70":28,"s:312:6:312:Infinity":100,"s:316:24:316:Infinity":101,"s:317:23:317:Infinity":102,"s:319:4:323:Infinity":103,"s:327:37:327:Infinity":104}}}
,"/home/runner/workspace/server/verify-question-dataset.ts": {"path":"/home/runner/workspace/server/verify-question-dataset.ts","statementMap":{"0":{"start":{"line":6,"column":22},"end":{"line":6,"column":null}},"1":{"start":{"line":8,"column":2},"end":{"line":12,"column":null}},"2":{"start":{"line":9,"column":4},"end":{"line":9,"column":null}},"3":{"start":{"line":10,"column":4},"end":{"line":10,"column":null}},"4":{"start":{"line":11,"column":4},"end":{"line":11,"column":null}},"5":{"start":{"line":14,"column":15},"end":{"line":14,"column":null}},"6":{"start":{"line":16,"column":2},"end":{"line":19,"column":null}},"7":{"start":{"line":17,"column":4},"end":{"line":17,"column":null}},"8":{"start":{"line":18,"column":4},"end":{"line":18,"column":null}},"9":{"start":{"line":21,"column":20},"end":{"line":21,"column":null}},"10":{"start":{"line":22,"column":21},"end":{"line":22,"column":null}},"11":{"start":{"line":22,"column":55},"end":{"line":22,"column":65}},"12":{"start":{"line":23,"column":23},"end":{"line":23,"column":null}},"13":{"start":{"line":23,"column":57},"end":{"line":23,"column":69}},"14":{"start":{"line":25,"column":2},"end":{"line":25,"column":null}},"15":{"start":{"line":26,"column":2},"end":{"line":26,"column":null}},"16":{"start":{"line":27,"column":2},"end":{"line":27,"column":null}},"17":{"start":{"line":28,"column":2},"end":{"line":28,"column":null}},"18":{"start":{"line":29,"column":2},"end":{"line":29,"column":null}},"19":{"start":{"line":31,"column":52},"end":{"line":31,"column":null}},"20":{"start":{"line":32,"column":2},"end":{"line":34,"column":null}},"21":{"start":{"line":33,"column":4},"end":{"line":33,"column":null}},"22":{"start":{"line":36,"column":2},"end":{"line":36,"column":null}},"23":{"start":{"line":37,"column":2},"end":{"line":39,"column":null}},"24":{"start":{"line":37,"column":51},"end":{"line":37,"column":62}},"25":{"start":{"line":38,"column":4},"end":{"line":38,"column":null}},"26":{"start":{"line":41,"column":54},"end":{"line":41,"column":null}},"27":{"start":{"line":42,"column":2},"end":{"line":44,"column":null}},"28":{"start":{"line":43,"column":4},"end":{"line":43,"column":null}},"29":{"start":{"line":46,"column":2},"end":{"line":46,"column":null}},"30":{"start":{"line":47,"column":2},"end":{"line":49,"column":null}},"31":{"start":{"line":48,"column":4},"end":{"line":48,"column":null}},"32":{"start":{"line":52,"column":2},"end":{"line":52,"column":null}},"33":{"start":{"line":53,"column":2},"end":{"line":56,"column":null}},"34":{"start":{"line":54,"column":4},"end":{"line":54,"column":null}},"35":{"start":{"line":55,"column":4},"end":{"line":55,"column":null}},"36":{"start":{"line":59,"column":0},"end":{"line":59,"column":null}}},"fnMap":{"0":{"name":"verifyQuestionDataset","decl":{"start":{"line":5,"column":15},"end":{"line":5,"column":39}},"loc":{"start":{"line":5,"column":39},"end":{"line":57,"column":null}},"line":5},"1":{"name":"(anonymous_1)","decl":{"start":{"line":22,"column":43},"end":{"line":22,"column":44}},"loc":{"start":{"line":22,"column":55},"end":{"line":22,"column":65}},"line":22},"2":{"name":"(anonymous_2)","decl":{"start":{"line":23,"column":45},"end":{"line":23,"column":46}},"loc":{"start":{"line":23,"column":57},"end":{"line":23,"column":69}},"line":23},"3":{"name":"(anonymous_3)","decl":{"start":{"line":32,"column":20},"end":{"line":32,"column":21}},"loc":{"start":{"line":32,"column":32},"end":{"line":34,"column":3}},"line":32},"4":{"name":"(anonymous_4)","decl":{"start":{"line":37,"column":41},"end":{"line":37,"column":42}},"loc":{"start":{"line":37,"column":51},"end":{"line":37,"column":62}},"line":37},"5":{"name":"(anonymous_5)","decl":{"start":{"line":37,"column":72},"end":{"line":37,"column":73}},"loc":{"start":{"line":37,"column":90},"end":{"line":39,"column":3}},"line":37},"6":{"name":"(anonymous_6)","decl":{"start":{"line":42,"column":20},"end":{"line":42,"column":21}},"loc":{"start":{"line":42,"column":32},"end":{"line":44,"column":3}},"line":42},"7":{"name":"(anonymous_7)","decl":{"start":{"line":47,"column":46},"end":{"line":47,"column":47}},"loc":{"start":{"line":47,"column":65},"end":{"line":49,"column":3}},"line":47},"8":{"name":"(anonymous_8)","decl":{"start":{"line":53,"column":32},"end":{"line":53,"column":33}},"loc":{"start":{"line":53,"column":55},"end":{"line":56,"column":3}},"line":53}},"branchMap":{"0":{"loc":{"start":{"line":8,"column":2},"end":{"line":12,"column":null}},"type":"if","locations":[{"start":{"line":8,"column":2},"end":{"line":12,"column":null}},{"start":{},"end":{}}],"line":8},"1":{"loc":{"start":{"line":16,"column":2},"end":{"line":19,"column":null}},"type":"if","locations":[{"start":{"line":16,"column":2},"end":{"line":19,"column":null}},{"start":{},"end":{}}],"line":16},"2":{"loc":{"start":{"line":16,"column":6},"end":{"line":16,"column":57}},"type":"binary-expr","locations":[{"start":{"line":16,"column":6},"end":{"line":16,"column":25}},{"start":{"line":16,"column":25},"end":{"line":16,"column":57}}],"line":16},"3":{"loc":{"start":{"line":33,"column":37},"end":{"line":33,"column":75}},"type":"binary-expr","locations":[{"start":{"line":33,"column":37},"end":{"line":33,"column":70}},{"start":{"line":33,"column":70},"end":{"line":33,"column":75}}],"line":33},"4":{"loc":{"start":{"line":43,"column":41},"end":{"line":43,"column":83}},"type":"binary-expr","locations":[{"start":{"line":43,"column":41},"end":{"line":43,"column":78}},{"start":{"line":43,"column":78},"end":{"line":43,"column":83}}],"line":43},"5":{"loc":{"start":{"line":55,"column":31},"end":{"line":55,"column":53}},"type":"binary-expr","locations":[{"start":{"line":55,"column":31},"end":{"line":55,"column":52}},{"start":{"line":55,"column":52},"end":{"line":55,"column":53}}],"line":55}},"s":{"0":0,"1":0,"2":0,"3":0,"4":0,"5":0,"6":0,"7":0,"8":0,"9":0,"10":0,"11":0,"12":0,"13":0,"14":0,"15":0,"16":0,"17":0,"18":0,"19":0,"20":0,"21":0,"22":0,"23":0,"24":0,"25":0,"26":0,"27":0,"28":0,"29":0,"30":0,"31":0,"32":0,"33":0,"34":0,"35":0,"36":0},"f":{"0":0,"1":0,"2":0,"3":0,"4":0,"5":0,"6":0,"7":0,"8":0},"b":{"0":[0,0],"1":[0,0],"2":[0,0],"3":[0,0],"4":[0,0],"5":[0,0]},"meta":{"lastBranch":6,"lastFunction":9,"lastStatement":37,"seen":{"f:5:15:5:39":0,"s:6:22:6:Infinity":0,"b:8:2:12:Infinity:undefined:undefined:undefined:undefined":0,"s:8:2:12:Infinity":1,"s:9:4:9:Infinity":2,"s:10:4:10:Infinity":3,"s:11:4:11:Infinity":4,"s:14:15:14:Infinity":5,"b:16:2:19:Infinity:undefined:undefined:undefined:undefined":1,"s:16:2:19:Infinity":6,"b:16:6:16:25:16:25:16:57":2,"s:17:4:17:Infinity":7,"s:18:4:18:Infinity":8,"s:21:20:21:Infinity":9,"s:22:21:22:Infinity":10,"f:22:43:22:44":1,"s:22:55:22:65":11,"s:23:23:23:Infinity":12,"f:23:45:23:46":2,"s:23:57:23:69":13,"s:25:2:25:Infinity":14,"s:26:2:26:Infinity":15,"s:27:2:27:Infinity":16,"s:28:2:28:Infinity":17,"s:29:2:29:Infinity":18,"s:31:52:31:Infinity":19,"s:32:2:34:Infinity":20,"f:32:20:32:21":3,"s:33:4:33:Infinity":21,"b:33:37:33:70:33:70:33:75":3,"s:36:2:36:Infinity":22,"s:37:2:39:Infinity":23,"f:37:41:37:42":4,"s:37:51:37:62":24,"f:37:72:37:73":5,"s:38:4:38:Infinity":25,"s:41:54:41:Infinity":26,"s:42:2:44:Infinity":27,"f:42:20:42:21":6,"s:43:4:43:Infinity":28,"b:43:41:43:78:43:78:43:83":4,"s:46:2:46:Infinity":29,"s:47:2:49:Infinity":30,"f:47:46:47:47":7,"s:48:4:48:Infinity":31,"s:52:2:52:Infinity":32,"s:53:2:56:Infinity":33,"f:53:32:53:33":8,"s:54:4:54:Infinity":34,"s:55:4:55:Infinity":35,"b:55:31:55:52:55:52:55:53":5,"s:59:0:59:Infinity":36}}}
,"/home/runner/workspace/shared/schema.ts": {"path":"/home/runner/workspace/shared/schema.ts","statementMap":{"0":{"start":{"line":16,"column":13},"end":{"line":33,"column":null}},"1":{"start":{"line":36,"column":13},"end":{"line":42,"column":null}},"2":{"start":{"line":38,"column":56},"end":{"line":38,"column":66}},"3":{"start":{"line":45,"column":13},"end":{"line":54,"column":null}},"4":{"start":{"line":57,"column":13},"end":{"line":65,"column":null}},"5":{"start":{"line":68,"column":13},"end":{"line":73,"column":null}},"6":{"start":{"line":70,"column":56},"end":{"line":70,"column":66}},"7":{"start":{"line":71,"column":58},"end":{"line":71,"column":69}},"8":{"start":{"line":76,"column":13},"end":{"line":87,"column":null}},"9":{"start":{"line":81,"column":59},"end":{"line":81,"column":73}},"10":{"start":{"line":90,"column":13},"end":{"line":100,"column":null}},"11":{"start":{"line":92,"column":56},"end":{"line":92,"column":68}},"12":{"start":{"line":103,"column":13},"end":{"line":114,"column":null}},"13":{"start":{"line":105,"column":56},"end":{"line":105,"column":66}},"14":{"start":{"line":106,"column":56},"end":{"line":106,"column":68}},"15":{"start":{"line":117,"column":13},"end":{"line":126,"column":null}},"16":{"start":{"line":119,"column":56},"end":{"line":119,"column":66}},"17":{"start":{"line":120,"column":64},"end":{"line":120,"column":78}},"18":{"start":{"line":121,"column":71},"end":{"line":121,"column":88}},"19":{"start":{"line":129,"column":13},"end":{"line":141,"column":null}},"20":{"start":{"line":134,"column":59},"end":{"line":134,"column":73}},"21":{"start":{"line":144,"column":13},"end":{"line":153,"column":null}},"22":{"start":{"line":146,"column":56},"end":{"line":146,"column":66}},"23":{"start":{"line":147,"column":66},"end":{"line":147,"column":85}},"24":{"start":{"line":156,"column":13},"end":{"line":162,"column":null}},"25":{"start":{"line":158,"column":56},"end":{"line":158,"column":66}},"26":{"start":{"line":165,"column":13},"end":{"line":173,"column":null}},"27":{"start":{"line":167,"column":56},"end":{"line":167,"column":66}},"28":{"start":{"line":176,"column":13},"end":{"line":184,"column":null}},"29":{"start":{"line":178,"column":46},"end":{"line":178,"column":56}},"30":{"start":{"line":187,"column":13},"end":{"line":194,"column":null}},"31":{"start":{"line":189,"column":64},"end":{"line":189,"column":72}},"32":{"start":{"line":191,"column":59},"end":{"line":191,"column":73}},"33":{"start":{"line":197,"column":13},"end":{"line":206,"column":null}},"34":{"start":{"line":208,"column":37},"end":{"line":220,"column":null}},"35":{"start":{"line":213,"column":4},"end":{"line":219,"column":null}},"36":{"start":{"line":214,"column":6},"end":{"line":218,"column":null}},"37":{"start":{"line":222,"column":13},"end":{"line":225,"column":null}},"38":{"start":{"line":227,"column":13},"end":{"line":230,"column":null}},"39":{"start":{"line":232,"column":13},"end":{"line":235,"column":null}},"40":{"start":{"line":237,"column":13},"end":{"line":240,"column":null}},"41":{"start":{"line":242,"column":13},"end":{"line":245,"column":null}},"42":{"start":{"line":247,"column":13},"end":{"line":250,"column":null}},"43":{"start":{"line":252,"column":13},"end":{"line":255,"column":null}},"44":{"start":{"line":257,"column":13},"end":{"line":260,"column":null}},"45":{"start":{"line":262,"column":13},"end":{"line":265,"column":null}},"46":{"start":{"line":267,"column":13},"end":{"line":270,"column":null}}},"fnMap":{"0":{"name":"(anonymous_0)","decl":{"start":{"line":38,"column":50},"end":{"line":38,"column":56}},"loc":{"start":{"line":38,"column":56},"end":{"line":38,"column":66}},"line":38},"1":{"name":"(anonymous_1)","decl":{"start":{"line":70,"column":50},"end":{"line":70,"column":56}},"loc":{"start":{"line":70,"column":56},"end":{"line":70,"column":66}},"line":70},"2":{"name":"(anonymous_2)","decl":{"start":{"line":71,"column":52},"end":{"line":71,"column":58}},"loc":{"start":{"line":71,"column":58},"end":{"line":71,"column":69}},"line":71},"3":{"name":"(anonymous_3)","decl":{"start":{"line":81,"column":53},"end":{"line":81,"column":59}},"loc":{"start":{"line":81,"column":59},"end":{"line":81,"column":73}},"line":81},"4":{"name":"(anonymous_4)","decl":{"start":{"line":92,"column":50},"end":{"line":92,"column":56}},"loc":{"start":{"line":92,"column":56},"end":{"line":92,"column":68}},"line":92},"5":{"name":"(anonymous_5)","decl":{"start":{"line":105,"column":50},"end":{"line":105,"column":56}},"loc":{"start":{"line":105,"column":56},"end":{"line":105,"column":66}},"line":105},"6":{"name":"(anonymous_6)","decl":{"start":{"line":106,"column":50},"end":{"line":106,"column":56}},"loc":{"start":{"line":106,"column":56},"end":{"line":106,"column":68}},"line":106},"7":{"name":"(anonymous_7)","decl":{"start":{"line":119,"column":50},"end":{"line":119,"column":56}},"loc":{"start":{"line":119,"column":56},"end":{"line":119,"column":66}},"line":119},"8":{"name":"(anonymous_8)","decl":{"start":{"line":120,"column":58},"end":{"line":120,"column":64}},"loc":{"start":{"line":120,"column":64},"end":{"line":120,"column":78}},"line":120},"9":{"name":"(anonymous_9)","decl":{"start":{"line":121,"column":65},"end":{"line":121,"column":71}},"loc":{"start":{"line":121,"column":71},"end":{"line":121,"column":88}},"line":121},"10":{"name":"(anonymous_10)","decl":{"start":{"line":134,"column":53},"end":{"line":134,"column":59}},"loc":{"start":{"line":134,"column":59},"end":{"line":134,"column":73}},"line":134},"11":{"name":"(anonymous_11)","decl":{"start":{"line":146,"column":50},"end":{"line":146,"column":56}},"loc":{"start":{"line":146,"column":56},"end":{"line":146,"column":66}},"line":146},"12":{"name":"(anonymous_12)","decl":{"start":{"line":147,"column":60},"end":{"line":147,"column":66}},"loc":{"start":{"line":147,"column":66},"end":{"line":147,"column":85}},"line":147},"13":{"name":"(anonymous_13)","decl":{"start":{"line":158,"column":50},"end":{"line":158,"column":56}},"loc":{"start":{"line":158,"column":56},"end":{"line":158,"column":66}},"line":158},"14":{"name":"(anonymous_14)","decl":{"start":{"line":167,"column":50},"end":{"line":167,"column":56}},"loc":{"start":{"line":167,"column":56},"end":{"line":167,"column":66}},"line":167},"15":{"name":"(anonymous_15)","decl":{"start":{"line":178,"column":40},"end":{"line":178,"column":46}},"loc":{"start":{"line":178,"column":46},"end":{"line":178,"column":56}},"line":178},"16":{"name":"(anonymous_16)","decl":{"start":{"line":189,"column":58},"end":{"line":189,"column":64}},"loc":{"start":{"line":189,"column":64},"end":{"line":189,"column":72}},"line":189},"17":{"name":"(anonymous_17)","decl":{"start":{"line":191,"column":53},"end":{"line":191,"column":59}},"loc":{"start":{"line":191,"column":59},"end":{"line":191,"column":73}},"line":191},"18":{"name":"(anonymous_18)","decl":{"start":{"line":212,"column":15},"end":{"line":212,"column":16}},"loc":{"start":{"line":212,"column":30},"end":{"line":220,"column":3}},"line":212}},"branchMap":{"0":{"loc":{"start":{"line":213,"column":4},"end":{"line":219,"column":null}},"type":"if","locations":[{"start":{"line":213,"column":4},"end":{"line":219,"column":null}},{"start":{},"end":{}}],"line":213}},"s":{"0":1,"1":1,"2":0,"3":1,"4":1,"5":1,"6":0,"7":0,"8":1,"9":0,"10":1,"11":0,"12":1,"13":0,"14":0,"15":1,"16":0,"17":0,"18":0,"19":1,"20":0,"21":1,"22":0,"23":0,"24":1,"25":0,"26":1,"27":0,"28":1,"29":0,"30":1,"31":0,"32":0,"33":1,"34":1,"35":4,"36":2,"37":1,"38":1,"39":1,"40":1,"41":1,"42":1,"43":1,"44":1,"45":1,"46":1},"f":{"0":0,"1":0,"2":0,"3":0,"4":0,"5":0,"6":0,"7":0,"8":0,"9":0,"10":0,"11":0,"12":0,"13":0,"14":0,"15":0,"16":0,"17":0,"18":4},"b":{"0":[2,2]},"meta":{"lastBranch":1,"lastFunction":19,"lastStatement":47,"seen":{"s:16:13:33:Infinity":0,"s:36:13:42:Infinity":1,"f:38:50:38:56":0,"s:38:56:38:66":2,"s:45:13:54:Infinity":3,"s:57:13:65:Infinity":4,"s:68:13:73:Infinity":5,"f:70:50:70:56":1,"s:70:56:70:66":6,"f:71:52:71:58":2,"s:71:58:71:69":7,"s:76:13:87:Infinity":8,"f:81:53:81:59":3,"s:81:59:81:73":9,"s:90:13:100:Infinity":10,"f:92:50:92:56":4,"s:92:56:92:68":11,"s:103:13:114:Infinity":12,"f:105:50:105:56":5,"s:105:56:105:66":13,"f:106:50:106:56":6,"s:106:56:106:68":14,"s:117:13:126:Infinity":15,"f:119:50:119:56":7,"s:119:56:119:66":16,"f:120:58:120:64":8,"s:120:64:120:78":17,"f:121:65:121:71":9,"s:121:71:121:88":18,"s:129:13:141:Infinity":19,"f:134:53:134:59":10,"s:134:59:134:73":20,"s:144:13:153:Infinity":21,"f:146:50:146:56":11,"s:146:56:146:66":22,"f:147:60:147:66":12,"s:147:66:147:85":23,"s:156:13:162:Infinity":24,"f:158:50:158:56":13,"s:158:56:158:66":25,"s:165:13:173:Infinity":26,"f:167:50:167:56":14,"s:167:56:167:66":27,"s:176:13:184:Infinity":28,"f:178:40:178:46":15,"s:178:46:178:56":29,"s:187:13:194:Infinity":30,"f:189:58:189:64":16,"s:189:64:189:72":31,"f:191:53:191:59":17,"s:191:59:191:73":32,"s:197:13:206:Infinity":33,"s:208:37:220:Infinity":34,"f:212:15:212:16":18,"b:213:4:219:Infinity:undefined:undefined:undefined:undefined":0,"s:213:4:219:Infinity":35,"s:214:6:218:Infinity":36,"s:222:13:225:Infinity":37,"s:227:13:230:Infinity":38,"s:232:13:235:Infinity":39,"s:237:13:240:Infinity":40,"s:242:13:245:Infinity":41,"s:247:13:250:Infinity":42,"s:252:13:255:Infinity":43,"s:257:13:260:Infinity":44,"s:262:13:265:Infinity":45,"s:267:13:270:Infinity":46}}}
}
