{"/home/runner/workspace/client/src/lib/firebase.ts": {"path":"/home/runner/workspace/client/src/lib/firebase.ts","statementMap":{"0":{"start":{"line":5,"column":23},"end":{"line":12,"column":null}},"1":{"start":{"line":14,"column":6},"end":{"line":14,"column":null}},"2":{"start":{"line":15,"column":13},"end":{"line":15,"column":null}},"3":{"start":{"line":16,"column":13},"end":{"line":16,"column":null}}},"fnMap":{},"branchMap":{},"s":{"0":0,"1":0,"2":0,"3":0},"f":{},"b":{},"meta":{"lastBranch":0,"lastFunction":0,"lastStatement":4,"seen":{"s:5:23:12:Infinity":0,"s:14:6:14:Infinity":1,"s:15:13:15:Infinity":2,"s:16:13:16:Infinity":3}}}
,"/home/runner/workspace/client/src/lib/passwordValidation.ts": {"path":"/home/runner/workspace/client/src/lib/passwordValidation.ts","statementMap":{"0":{"start":{"line":15,"column":17},"end":{"line":21,"column":null}},"1":{"start":{"line":23,"column":16},"end":{"line":23,"column":null}},"2":{"start":{"line":24,"column":18},"end":{"line":24,"column":null}},"3":{"start":{"line":26,"column":17},"end":{"line":26,"column":null}},"4":{"start":{"line":27,"column":2},"end":{"line":37,"column":null}},"5":{"start":{"line":28,"column":4},"end":{"line":28,"column":null}},"6":{"start":{"line":29,"column":2},"end":{"line":37,"column":null}},"7":{"start":{"line":30,"column":4},"end":{"line":30,"column":null}},"8":{"start":{"line":31,"column":2},"end":{"line":37,"column":null}},"9":{"start":{"line":32,"column":4},"end":{"line":32,"column":null}},"10":{"start":{"line":33,"column":2},"end":{"line":37,"column":null}},"11":{"start":{"line":34,"column":4},"end":{"line":34,"column":null}},"12":{"start":{"line":36,"column":4},"end":{"line":36,"column":null}},"13":{"start":{"line":39,"column":2},"end":{"line":44,"column":null}},"14":{"start":{"line":48,"column":2},"end":{"line":54,"column":null}}},"fnMap":{"0":{"name":"validatePasswordStrength","decl":{"start":{"line":14,"column":16},"end":{"line":14,"column":41}},"loc":{"start":{"line":14,"column":77},"end":{"line":45,"column":null}},"line":14},"1":{"name":"getPasswordRequirements","decl":{"start":{"line":47,"column":16},"end":{"line":47,"column":52}},"loc":{"start":{"line":47,"column":52},"end":{"line":55,"column":null}},"line":47}},"branchMap":{"0":{"loc":{"start":{"line":27,"column":2},"end":{"line":37,"column":null}},"type":"if","locations":[{"start":{"line":27,"column":2},"end":{"line":37,"column":null}},{"start":{"line":29,"column":2},"end":{"line":37,"column":null}}],"line":27},"1":{"loc":{"start":{"line":29,"column":2},"end":{"line":37,"column":null}},"type":"if","locations":[{"start":{"line":29,"column":2},"end":{"line":37,"column":null}},{"start":{"line":31,"column":2},"end":{"line":37,"column":null}}],"line":29},"2":{"loc":{"start":{"line":29,"column":13},"end":{"line":29,"column":41}},"type":"binary-expr","locations":[{"start":{"line":29,"column":13},"end":{"line":29,"column":28}},{"start":{"line":29,"column":28},"end":{"line":29,"column":41}}],"line":29},"3":{"loc":{"start":{"line":31,"column":2},"end":{"line":37,"column":null}},"type":"if","locations":[{"start":{"line":31,"column":2},"end":{"line":37,"column":null}},{"start":{"line":33,"column":2},"end":{"line":37,"column":null}}],"line":31},"4":{"loc":{"start":{"line":33,"column":2},"end":{"line":37,"column":null}},"type":"if","locations":[{"start":{"line":33,"column":2},"end":{"line":37,"column":null}},{"start":{"line":35,"column":9},"end":{"line":37,"column":null}}],"line":33}},"s":{"0":17,"1":17,"2":17,"3":17,"4":17,"5":1,"6":16,"7":9,"8":7,"9":5,"10":2,"11":1,"12":1,"13":17,"14":2},"f":{"0":17,"1":2},"b":{"0":[1,16],"1":[9,7],"2":[16,14],"3":[5,2],"4":[1,1]},"meta":{"lastBranch":5,"lastFunction":2,"lastStatement":15,"seen":{"f:14:16:14:41":0,"s:15:17:21:Infinity":0,"s:23:16:23:Infinity":1,"s:24:18:24:Infinity":2,"s:26:17:26:Infinity":3,"b:27:2:37:Infinity:29:2:37:Infinity":0,"s:27:2:37:Infinity":4,"s:28:4:28:Infinity":5,"b:29:2:37:Infinity:31:2:37:Infinity":1,"s:29:2:37:Infinity":6,"b:29:13:29:28:29:28:29:41":2,"s:30:4:30:Infinity":7,"b:31:2:37:Infinity:33:2:37:Infinity":3,"s:31:2:37:Infinity":8,"s:32:4:32:Infinity":9,"b:33:2:37:Infinity:35:9:37:Infinity":4,"s:33:2:37:Infinity":10,"s:34:4:34:Infinity":11,"s:36:4:36:Infinity":12,"s:39:2:44:Infinity":13,"f:47:16:47:52":1,"s:48:2:54:Infinity":14}}}
,"/home/runner/workspace/client/src/lib/queryClient.ts": {"path":"/home/runner/workspace/client/src/lib/queryClient.ts","statementMap":{"0":{"start":{"line":4,"column":2},"end":{"line":7,"column":null}},"1":{"start":{"line":5,"column":18},"end":{"line":5,"column":null}},"2":{"start":{"line":6,"column":4},"end":{"line":6,"column":null}},"3":{"start":{"line":15,"column":14},"end":{"line":20,"column":null}},"4":{"start":{"line":22,"column":2},"end":{"line":22,"column":null}},"5":{"start":{"line":23,"column":2},"end":{"line":23,"column":null}},"6":{"start":{"line":30,"column":2},"end":{"line":42,"column":null}},"7":{"start":{"line":31,"column":2},"end":{"line":42,"column":null}},"8":{"start":{"line":32,"column":16},"end":{"line":34,"column":null}},"9":{"start":{"line":36,"column":4},"end":{"line":38,"column":null}},"10":{"start":{"line":37,"column":6},"end":{"line":37,"column":null}},"11":{"start":{"line":40,"column":4},"end":{"line":40,"column":null}},"12":{"start":{"line":41,"column":4},"end":{"line":41,"column":null}},"13":{"start":{"line":44,"column":27},"end":{"line":57,"column":null}}},"fnMap":{"0":{"name":"throwIfResNotOk","decl":{"start":{"line":3,"column":15},"end":{"line":3,"column":31}},"loc":{"start":{"line":3,"column":46},"end":{"line":8,"column":null}},"line":3},"1":{"name":"apiRequest","decl":{"start":{"line":10,"column":22},"end":{"line":10,"column":null}},"loc":{"start":{"line":14,"column":21},"end":{"line":24,"column":null}},"line":14},"2":{"name":"(anonymous_2)","decl":{"start":{"line":30,"column":2},"end":{"line":30,"column":3}},"loc":{"start":{"line":31,"column":2},"end":{"line":42,"column":null}},"line":31},"3":{"name":"(anonymous_3)","decl":{"start":{"line":31,"column":2},"end":{"line":31,"column":9}},"loc":{"start":{"line":31,"column":26},"end":{"line":42,"column":null}},"line":31}},"branchMap":{"0":{"loc":{"start":{"line":4,"column":2},"end":{"line":7,"column":null}},"type":"if","locations":[{"start":{"line":4,"column":2},"end":{"line":7,"column":null}},{"start":{},"end":{}}],"line":4},"1":{"loc":{"start":{"line":5,"column":18},"end":{"line":5,"column":null}},"type":"binary-expr","locations":[{"start":{"line":5,"column":18},"end":{"line":5,"column":39}},{"start":{"line":5,"column":39},"end":{"line":5,"column":null}}],"line":5},"2":{"loc":{"start":{"line":17,"column":13},"end":{"line":17,"column":null}},"type":"cond-expr","locations":[{"start":{"line":17,"column":20},"end":{"line":17,"column":61}},{"start":{"line":17,"column":61},"end":{"line":17,"column":null}}],"line":17},"3":{"loc":{"start":{"line":18,"column":10},"end":{"line":18,"column":null}},"type":"cond-expr","locations":[{"start":{"line":18,"column":17},"end":{"line":18,"column":40}},{"start":{"line":18,"column":40},"end":{"line":18,"column":null}}],"line":18},"4":{"loc":{"start":{"line":36,"column":4},"end":{"line":38,"column":null}},"type":"if","locations":[{"start":{"line":36,"column":4},"end":{"line":38,"column":null}},{"start":{},"end":{}}],"line":36},"5":{"loc":{"start":{"line":36,"column":8},"end":{"line":36,"column":69}},"type":"binary-expr","locations":[{"start":{"line":36,"column":8},"end":{"line":36,"column":49}},{"start":{"line":36,"column":49},"end":{"line":36,"column":69}}],"line":36}},"s":{"0":0,"1":0,"2":0,"3":0,"4":0,"5":0,"6":0,"7":0,"8":0,"9":0,"10":0,"11":0,"12":0,"13":0},"f":{"0":0,"1":0,"2":0,"3":0},"b":{"0":[0,0],"1":[0,0],"2":[0,0],"3":[0,0],"4":[0,0],"5":[0,0]},"meta":{"lastBranch":6,"lastFunction":4,"lastStatement":14,"seen":{"f:3:15:3:31":0,"b:4:2:7:Infinity:undefined:undefined:undefined:undefined":0,"s:4:2:7:Infinity":0,"s:5:18:5:Infinity":1,"b:5:18:5:39:5:39:5:Infinity":1,"s:6:4:6:Infinity":2,"f:10:22:10:Infinity":1,"s:15:14:20:Infinity":3,"b:17:20:17:61:17:61:17:Infinity":2,"b:18:17:18:40:18:40:18:Infinity":3,"s:22:2:22:Infinity":4,"s:23:2:23:Infinity":5,"s:30:2:42:Infinity":6,"f:30:2:30:3":2,"s:31:2:42:Infinity":7,"f:31:2:31:9":3,"s:32:16:34:Infinity":8,"b:36:4:38:Infinity:undefined:undefined:undefined:undefined":4,"s:36:4:38:Infinity":9,"b:36:8:36:49:36:49:36:69":5,"s:37:6:37:Infinity":10,"s:40:4:40:Infinity":11,"s:41:4:41:Infinity":12,"s:44:27:57:Infinity":13}}}
,"/home/runner/workspace/client/src/lib/utils.ts": {"path":"/home/runner/workspace/client/src/lib/utils.ts","statementMap":{"0":{"start":{"line":5,"column":2},"end":{"line":5,"column":null}}},"fnMap":{"0":{"name":"cn","decl":{"start":{"line":4,"column":16},"end":{"line":4,"column":22}},"loc":{"start":{"line":4,"column":44},"end":{"line":6,"column":null}},"line":4}},"branchMap":{},"s":{"0":0},"f":{"0":0},"b":{},"meta":{"lastBranch":0,"lastFunction":1,"lastStatement":1,"seen":{"f:4:16:4:22":0,"s:5:2:5:Infinity":0}}}
,"/home/runner/workspace/server/auth.ts": {"path":"/home/runner/workspace/server/auth.ts","statementMap":{"0":{"start":{"line":7,"column":20},"end":{"line":7,"column":null}},"1":{"start":{"line":10,"column":2},"end":{"line":10,"column":null}},"2":{"start":{"line":14,"column":2},"end":{"line":14,"column":null}},"3":{"start":{"line":17,"column":0},"end":{"line":38,"column":null}},"4":{"start":{"line":21,"column":6},"end":{"line":35,"column":null}},"5":{"start":{"line":22,"column":21},"end":{"line":22,"column":null}},"6":{"start":{"line":23,"column":8},"end":{"line":25,"column":null}},"7":{"start":{"line":24,"column":10},"end":{"line":24,"column":null}},"8":{"start":{"line":27,"column":24},"end":{"line":27,"column":null}},"9":{"start":{"line":28,"column":8},"end":{"line":30,"column":null}},"10":{"start":{"line":29,"column":10},"end":{"line":29,"column":null}},"11":{"start":{"line":32,"column":8},"end":{"line":32,"column":null}},"12":{"start":{"line":34,"column":8},"end":{"line":34,"column":null}},"13":{"start":{"line":40,"column":0},"end":{"line":42,"column":null}},"14":{"start":{"line":41,"column":2},"end":{"line":41,"column":null}},"15":{"start":{"line":44,"column":0},"end":{"line":51,"column":null}},"16":{"start":{"line":45,"column":2},"end":{"line":50,"column":null}},"17":{"start":{"line":46,"column":17},"end":{"line":46,"column":null}},"18":{"start":{"line":47,"column":4},"end":{"line":47,"column":null}},"19":{"start":{"line":49,"column":4},"end":{"line":49,"column":null}},"20":{"start":{"line":54,"column":2},"end":{"line":56,"column":null}},"21":{"start":{"line":55,"column":4},"end":{"line":55,"column":null}},"22":{"start":{"line":57,"column":2},"end":{"line":57,"column":null}},"23":{"start":{"line":61,"column":2},"end":{"line":63,"column":null}},"24":{"start":{"line":62,"column":4},"end":{"line":62,"column":null}},"25":{"start":{"line":64,"column":2},"end":{"line":64,"column":null}}},"fnMap":{"0":{"name":"hashPassword","decl":{"start":{"line":9,"column":22},"end":{"line":9,"column":35}},"loc":{"start":{"line":9,"column":70},"end":{"line":11,"column":null}},"line":9},"1":{"name":"comparePassword","decl":{"start":{"line":13,"column":22},"end":{"line":13,"column":38}},"loc":{"start":{"line":13,"column":88},"end":{"line":15,"column":null}},"line":13},"2":{"name":"(anonymous_2)","decl":{"start":{"line":20,"column":4},"end":{"line":20,"column":11}},"loc":{"start":{"line":20,"column":37},"end":{"line":36,"column":null}},"line":20},"3":{"name":"(anonymous_3)","decl":{"start":{"line":40,"column":23},"end":{"line":40,"column":24}},"loc":{"start":{"line":40,"column":53},"end":{"line":42,"column":1}},"line":40},"4":{"name":"(anonymous_4)","decl":{"start":{"line":44,"column":25},"end":{"line":44,"column":32}},"loc":{"start":{"line":44,"column":53},"end":{"line":51,"column":1}},"line":44},"5":{"name":"requireAuth","decl":{"start":{"line":53,"column":16},"end":{"line":53,"column":28}},"loc":{"start":{"line":53,"column":59},"end":{"line":58,"column":null}},"line":53},"6":{"name":"requireAdmin","decl":{"start":{"line":60,"column":16},"end":{"line":60,"column":29}},"loc":{"start":{"line":60,"column":60},"end":{"line":65,"column":null}},"line":60}},"branchMap":{"0":{"loc":{"start":{"line":23,"column":8},"end":{"line":25,"column":null}},"type":"if","locations":[{"start":{"line":23,"column":8},"end":{"line":25,"column":null}},{"start":{},"end":{}}],"line":23},"1":{"loc":{"start":{"line":28,"column":8},"end":{"line":30,"column":null}},"type":"if","locations":[{"start":{"line":28,"column":8},"end":{"line":30,"column":null}},{"start":{},"end":{}}],"line":28},"2":{"loc":{"start":{"line":54,"column":2},"end":{"line":56,"column":null}},"type":"if","locations":[{"start":{"line":54,"column":2},"end":{"line":56,"column":null}},{"start":{},"end":{}}],"line":54},"3":{"loc":{"start":{"line":61,"column":2},"end":{"line":63,"column":null}},"type":"if","locations":[{"start":{"line":61,"column":2},"end":{"line":63,"column":null}},{"start":{},"end":{}}],"line":61},"4":{"loc":{"start":{"line":61,"column":6},"end":{"line":61,"column":59}},"type":"binary-expr","locations":[{"start":{"line":61,"column":6},"end":{"line":61,"column":32}},{"start":{"line":61,"column":32},"end":{"line":61,"column":59}}],"line":61}},"s":{"0":1,"1":7,"2":3,"3":1,"4":0,"5":0,"6":0,"7":0,"8":0,"9":0,"10":0,"11":0,"12":0,"13":1,"14":0,"15":1,"16":0,"17":0,"18":0,"19":0,"20":2,"21":1,"22":1,"23":3,"24":1,"25":2},"f":{"0":7,"1":3,"2":0,"3":0,"4":0,"5":2,"6":3},"b":{"0":[0,0],"1":[0,0],"2":[1,1],"3":[1,2],"4":[3,2]},"meta":{"lastBranch":5,"lastFunction":7,"lastStatement":26,"seen":{"s:7:20:7:Infinity":0,"f:9:22:9:35":0,"s:10:2:10:Infinity":1,"f:13:22:13:38":1,"s:14:2:14:Infinity":2,"s:17:0:38:Infinity":3,"f:20:4:20:11":2,"s:21:6:35:Infinity":4,"s:22:21:22:Infinity":5,"b:23:8:25:Infinity:undefined:undefined:undefined:undefined":0,"s:23:8:25:Infinity":6,"s:24:10:24:Infinity":7,"s:27:24:27:Infinity":8,"b:28:8:30:Infinity:undefined:undefined:undefined:undefined":1,"s:28:8:30:Infinity":9,"s:29:10:29:Infinity":10,"s:32:8:32:Infinity":11,"s:34:8:34:Infinity":12,"s:40:0:42:Infinity":13,"f:40:23:40:24":3,"s:41:2:41:Infinity":14,"s:44:0:51:Infinity":15,"f:44:25:44:32":4,"s:45:2:50:Infinity":16,"s:46:17:46:Infinity":17,"s:47:4:47:Infinity":18,"s:49:4:49:Infinity":19,"f:53:16:53:28":5,"b:54:2:56:Infinity:undefined:undefined:undefined:undefined":2,"s:54:2:56:Infinity":20,"s:55:4:55:Infinity":21,"s:57:2:57:Infinity":22,"f:60:16:60:29":6,"b:61:2:63:Infinity:undefined:undefined:undefined:undefined":3,"s:61:2:63:Infinity":23,"b:61:6:61:32:61:32:61:59":4,"s:62:4:62:Infinity":24,"s:64:2:64:Infinity":25}}}
,"/home/runner/workspace/server/dailyChallenges.ts": {"path":"/home/runner/workspace/server/dailyChallenges.ts","statementMap":{"0":{"start":{"line":17,"column":18},"end":{"line":17,"column":null}},"1":{"start":{"line":18,"column":4},"end":{"line":18,"column":null}},"2":{"start":{"line":20,"column":21},"end":{"line":20,"column":null}},"3":{"start":{"line":23,"column":23},"end":{"line":23,"column":null}},"4":{"start":{"line":23,"column":42},"end":{"line":23,"column":68}},"5":{"start":{"line":24,"column":23},"end":{"line":24,"column":null}},"6":{"start":{"line":24,"column":42},"end":{"line":24,"column":68}},"7":{"start":{"line":27,"column":4},"end":{"line":36,"column":null}},"8":{"start":{"line":28,"column":28},"end":{"line":28,"column":null}},"9":{"start":{"line":29,"column":28},"end":{"line":29,"column":null}},"10":{"start":{"line":31,"column":6},"end":{"line":35,"column":null}},"11":{"start":{"line":39,"column":17},"end":{"line":39,"column":null}},"12":{"start":{"line":40,"column":4},"end":{"line":42,"column":null}},"13":{"start":{"line":41,"column":6},"end":{"line":41,"column":null}},"14":{"start":{"line":45,"column":33},"end":{"line":51,"column":null}},"15":{"start":{"line":46,"column":6},"end":{"line":46,"column":null}},"16":{"start":{"line":46,"column":21},"end":{"line":46,"column":null}},"17":{"start":{"line":47,"column":6},"end":{"line":47,"column":null}},"18":{"start":{"line":47,"column":21},"end":{"line":47,"column":null}},"19":{"start":{"line":48,"column":6},"end":{"line":48,"column":null}},"20":{"start":{"line":48,"column":22},"end":{"line":48,"column":null}},"21":{"start":{"line":49,"column":6},"end":{"line":49,"column":null}},"22":{"start":{"line":49,"column":22},"end":{"line":49,"column":null}},"23":{"start":{"line":50,"column":6},"end":{"line":50,"column":null}},"24":{"start":{"line":53,"column":31},"end":{"line":53,"column":null}},"25":{"start":{"line":56,"column":22},"end":{"line":56,"column":null}},"26":{"start":{"line":57,"column":25},"end":{"line":57,"column":null}},"27":{"start":{"line":58,"column":25},"end":{"line":58,"column":null}},"28":{"start":{"line":61,"column":23},"end":{"line":61,"column":null}},"29":{"start":{"line":62,"column":29},"end":{"line":62,"column":null}},"30":{"start":{"line":63,"column":29},"end":{"line":63,"column":null}},"31":{"start":{"line":66,"column":4},"end":{"line":96,"column":null}},"32":{"start":{"line":68,"column":6},"end":{"line":68,"column":null}},"33":{"start":{"line":71,"column":33},"end":{"line":71,"column":null}},"34":{"start":{"line":72,"column":28},"end":{"line":72,"column":null}},"35":{"start":{"line":72,"column":64},"end":{"line":72,"column":72}},"36":{"start":{"line":74,"column":23},"end":{"line":77,"column":null}},"37":{"start":{"line":78,"column":6},"end":{"line":78,"column":null}},"38":{"start":{"line":78,"column":42},"end":{"line":78,"column":66}},"39":{"start":{"line":80,"column":30},"end":{"line":84,"column":null}},"40":{"start":{"line":81,"column":8},"end":{"line":83,"column":null}},"41":{"start":{"line":86,"column":30},"end":{"line":86,"column":null}},"42":{"start":{"line":87,"column":25},"end":{"line":89,"column":null}},"43":{"start":{"line":91,"column":6},"end":{"line":95,"column":null}},"44":{"start":{"line":92,"column":23},"end":{"line":92,"column":null}},"45":{"start":{"line":93,"column":8},"end":{"line":93,"column":null}},"46":{"start":{"line":94,"column":8},"end":{"line":94,"column":null}},"47":{"start":{"line":99,"column":4},"end":{"line":125,"column":null}},"48":{"start":{"line":101,"column":6},"end":{"line":101,"column":null}},"49":{"start":{"line":104,"column":30},"end":{"line":107,"column":null}},"50":{"start":{"line":109,"column":37},"end":{"line":113,"column":null}},"51":{"start":{"line":110,"column":8},"end":{"line":112,"column":null}},"52":{"start":{"line":115,"column":28},"end":{"line":115,"column":null}},"53":{"start":{"line":116,"column":25},"end":{"line":118,"column":null}},"54":{"start":{"line":120,"column":6},"end":{"line":124,"column":null}},"55":{"start":{"line":121,"column":23},"end":{"line":121,"column":null}},"56":{"start":{"line":122,"column":8},"end":{"line":122,"column":null}},"57":{"start":{"line":123,"column":8},"end":{"line":123,"column":null}},"58":{"start":{"line":127,"column":4},"end":{"line":131,"column":null}},"59":{"start":{"line":138,"column":18},"end":{"line":138,"column":null}},"60":{"start":{"line":139,"column":4},"end":{"line":139,"column":null}},"61":{"start":{"line":140,"column":23},"end":{"line":140,"column":null}},"62":{"start":{"line":142,"column":4},"end":{"line":142,"column":null}},"63":{"start":{"line":143,"column":4},"end":{"line":143,"column":null}},"64":{"start":{"line":146,"column":24},"end":{"line":146,"column":null}},"65":{"start":{"line":146,"column":45},"end":{"line":146,"column":57}},"66":{"start":{"line":147,"column":4},"end":{"line":150,"column":null}},"67":{"start":{"line":148,"column":6},"end":{"line":148,"column":null}},"68":{"start":{"line":149,"column":6},"end":{"line":149,"column":null}},"69":{"start":{"line":153,"column":4},"end":{"line":156,"column":null}},"70":{"start":{"line":154,"column":6},"end":{"line":154,"column":null}},"71":{"start":{"line":155,"column":6},"end":{"line":155,"column":null}},"72":{"start":{"line":159,"column":4},"end":{"line":159,"column":null}},"73":{"start":{"line":160,"column":19},"end":{"line":160,"column":null}},"74":{"start":{"line":161,"column":4},"end":{"line":161,"column":null}},"75":{"start":{"line":168,"column":18},"end":{"line":168,"column":null}},"76":{"start":{"line":169,"column":4},"end":{"line":169,"column":null}},"77":{"start":{"line":170,"column":23},"end":{"line":170,"column":null}},"78":{"start":{"line":172,"column":4},"end":{"line":172,"column":null}},"79":{"start":{"line":173,"column":4},"end":{"line":173,"column":null}},"80":{"start":{"line":175,"column":22},"end":{"line":177,"column":null}},"81":{"start":{"line":176,"column":11},"end":{"line":176,"column":null}},"82":{"start":{"line":179,"column":4},"end":{"line":190,"column":null}},"83":{"start":{"line":180,"column":6},"end":{"line":180,"column":null}},"84":{"start":{"line":181,"column":6},"end":{"line":181,"column":null}},"85":{"start":{"line":183,"column":6},"end":{"line":183,"column":null}},"86":{"start":{"line":184,"column":6},"end":{"line":189,"column":null}},"87":{"start":{"line":184,"column":81},"end":{"line":189,"column":8}},"88":{"start":{"line":194,"column":39},"end":{"line":194,"column":null}}},"fnMap":{"0":{"name":"(anonymous_0)","decl":{"start":{"line":12,"column":8},"end":{"line":12,"column":27}},"loc":{"start":{"line":16,"column":5},"end":{"line":132,"column":null}},"line":16},"1":{"name":"(anonymous_1)","decl":{"start":{"line":23,"column":37},"end":{"line":23,"column":42}},"loc":{"start":{"line":23,"column":42},"end":{"line":23,"column":68}},"line":23},"2":{"name":"(anonymous_2)","decl":{"start":{"line":24,"column":37},"end":{"line":24,"column":42}},"loc":{"start":{"line":24,"column":42},"end":{"line":24,"column":68}},"line":24},"3":{"name":"(anonymous_3)","decl":{"start":{"line":45,"column":33},"end":{"line":45,"column":34}},"loc":{"start":{"line":45,"column":62},"end":{"line":51,"column":null}},"line":45},"4":{"name":"(anonymous_4)","decl":{"start":{"line":72,"column":59},"end":{"line":72,"column":64}},"loc":{"start":{"line":72,"column":64},"end":{"line":72,"column":72}},"line":72},"5":{"name":"(anonymous_5)","decl":{"start":{"line":78,"column":37},"end":{"line":78,"column":42}},"loc":{"start":{"line":78,"column":42},"end":{"line":78,"column":66}},"line":78},"6":{"name":"(anonymous_6)","decl":{"start":{"line":80,"column":48},"end":{"line":80,"column":null}},"loc":{"start":{"line":81,"column":8},"end":{"line":83,"column":null}},"line":81},"7":{"name":"(anonymous_7)","decl":{"start":{"line":109,"column":62},"end":{"line":109,"column":null}},"loc":{"start":{"line":110,"column":8},"end":{"line":112,"column":null}},"line":110},"8":{"name":"(anonymous_8)","decl":{"start":{"line":137,"column":8},"end":{"line":137,"column":26}},"loc":{"start":{"line":137,"column":42},"end":{"line":162,"column":null}},"line":137},"9":{"name":"(anonymous_9)","decl":{"start":{"line":146,"column":40},"end":{"line":146,"column":45}},"loc":{"start":{"line":146,"column":45},"end":{"line":146,"column":57}},"line":146},"10":{"name":"(anonymous_10)","decl":{"start":{"line":167,"column":8},"end":{"line":167,"column":31}},"loc":{"start":{"line":167,"column":115},"end":{"line":191,"column":null}},"line":167},"11":{"name":"(anonymous_11)","decl":{"start":{"line":176,"column":6},"end":{"line":176,"column":11}},"loc":{"start":{"line":176,"column":11},"end":{"line":176,"column":null}},"line":176},"12":{"name":"(anonymous_12)","decl":{"start":{"line":184,"column":75},"end":{"line":184,"column":81}},"loc":{"start":{"line":184,"column":81},"end":{"line":189,"column":8}},"line":184}},"branchMap":{"0":{"loc":{"start":{"line":27,"column":4},"end":{"line":36,"column":null}},"type":"if","locations":[{"start":{"line":27,"column":4},"end":{"line":36,"column":null}},{"start":{},"end":{}}],"line":27},"1":{"loc":{"start":{"line":27,"column":8},"end":{"line":27,"column":34}},"type":"binary-expr","locations":[{"start":{"line":27,"column":8},"end":{"line":27,"column":22}},{"start":{"line":27,"column":22},"end":{"line":27,"column":34}}],"line":27},"2":{"loc":{"start":{"line":40,"column":4},"end":{"line":42,"column":null}},"type":"if","locations":[{"start":{"line":40,"column":4},"end":{"line":42,"column":null}},{"start":{},"end":{}}],"line":40},"3":{"loc":{"start":{"line":46,"column":6},"end":{"line":46,"column":null}},"type":"if","locations":[{"start":{"line":46,"column":6},"end":{"line":46,"column":null}},{"start":{},"end":{}}],"line":46},"4":{"loc":{"start":{"line":47,"column":6},"end":{"line":47,"column":null}},"type":"if","locations":[{"start":{"line":47,"column":6},"end":{"line":47,"column":null}},{"start":{},"end":{}}],"line":47},"5":{"loc":{"start":{"line":48,"column":6},"end":{"line":48,"column":null}},"type":"if","locations":[{"start":{"line":48,"column":6},"end":{"line":48,"column":null}},{"start":{},"end":{}}],"line":48},"6":{"loc":{"start":{"line":49,"column":6},"end":{"line":49,"column":null}},"type":"if","locations":[{"start":{"line":49,"column":6},"end":{"line":49,"column":null}},{"start":{},"end":{}}],"line":49},"7":{"loc":{"start":{"line":57,"column":25},"end":{"line":57,"column":null}},"type":"binary-expr","locations":[{"start":{"line":57,"column":25},"end":{"line":57,"column":44}},{"start":{"line":57,"column":44},"end":{"line":57,"column":null}}],"line":57},"8":{"loc":{"start":{"line":58,"column":25},"end":{"line":58,"column":null}},"type":"binary-expr","locations":[{"start":{"line":58,"column":25},"end":{"line":58,"column":44}},{"start":{"line":58,"column":44},"end":{"line":58,"column":null}}],"line":58},"9":{"loc":{"start":{"line":66,"column":4},"end":{"line":96,"column":null}},"type":"if","locations":[{"start":{"line":66,"column":4},"end":{"line":96,"column":null}},{"start":{"line":69,"column":11},"end":{"line":96,"column":null}}],"line":66},"10":{"loc":{"start":{"line":75,"column":8},"end":{"line":75,"column":null}},"type":"binary-expr","locations":[{"start":{"line":75,"column":8},"end":{"line":75,"column":36}},{"start":{"line":75,"column":36},"end":{"line":75,"column":null}}],"line":75},"11":{"loc":{"start":{"line":81,"column":8},"end":{"line":83,"column":null}},"type":"binary-expr","locations":[{"start":{"line":81,"column":8},"end":{"line":81,"column":null}},{"start":{"line":82,"column":9},"end":{"line":82,"column":26}},{"start":{"line":82,"column":26},"end":{"line":82,"column":57}},{"start":{"line":82,"column":57},"end":{"line":82,"column":null}},{"start":{"line":83,"column":9},"end":{"line":83,"column":26}},{"start":{"line":83,"column":26},"end":{"line":83,"column":57}},{"start":{"line":83,"column":57},"end":{"line":83,"column":null}}],"line":81},"12":{"loc":{"start":{"line":86,"column":30},"end":{"line":86,"column":null}},"type":"cond-expr","locations":[{"start":{"line":86,"column":59},"end":{"line":86,"column":77}},{"start":{"line":86,"column":77},"end":{"line":86,"column":null}}],"line":86},"13":{"loc":{"start":{"line":87,"column":25},"end":{"line":89,"column":null}},"type":"cond-expr","locations":[{"start":{"line":88,"column":10},"end":{"line":88,"column":null}},{"start":{"line":89,"column":10},"end":{"line":89,"column":null}}],"line":87},"14":{"loc":{"start":{"line":91,"column":6},"end":{"line":95,"column":null}},"type":"if","locations":[{"start":{"line":91,"column":6},"end":{"line":95,"column":null}},{"start":{},"end":{}}],"line":91},"15":{"loc":{"start":{"line":99,"column":4},"end":{"line":125,"column":null}},"type":"if","locations":[{"start":{"line":99,"column":4},"end":{"line":125,"column":null}},{"start":{"line":102,"column":11},"end":{"line":125,"column":null}}],"line":99},"16":{"loc":{"start":{"line":105,"column":8},"end":{"line":105,"column":null}},"type":"binary-expr","locations":[{"start":{"line":105,"column":8},"end":{"line":105,"column":36}},{"start":{"line":105,"column":36},"end":{"line":105,"column":null}}],"line":105},"17":{"loc":{"start":{"line":110,"column":8},"end":{"line":112,"column":null}},"type":"binary-expr","locations":[{"start":{"line":110,"column":8},"end":{"line":110,"column":null}},{"start":{"line":111,"column":9},"end":{"line":111,"column":25}},{"start":{"line":111,"column":25},"end":{"line":111,"column":null}},{"start":{"line":112,"column":9},"end":{"line":112,"column":25}},{"start":{"line":112,"column":25},"end":{"line":112,"column":null}}],"line":110},"18":{"loc":{"start":{"line":115,"column":28},"end":{"line":115,"column":null}},"type":"cond-expr","locations":[{"start":{"line":115,"column":64},"end":{"line":115,"column":89}},{"start":{"line":115,"column":89},"end":{"line":115,"column":null}}],"line":115},"19":{"loc":{"start":{"line":116,"column":25},"end":{"line":118,"column":null}},"type":"cond-expr","locations":[{"start":{"line":117,"column":10},"end":{"line":117,"column":null}},{"start":{"line":118,"column":10},"end":{"line":118,"column":null}}],"line":116},"20":{"loc":{"start":{"line":120,"column":6},"end":{"line":124,"column":null}},"type":"if","locations":[{"start":{"line":120,"column":6},"end":{"line":124,"column":null}},{"start":{},"end":{}}],"line":120},"21":{"loc":{"start":{"line":147,"column":4},"end":{"line":150,"column":null}},"type":"if","locations":[{"start":{"line":147,"column":4},"end":{"line":150,"column":null}},{"start":{},"end":{}}],"line":147},"22":{"loc":{"start":{"line":153,"column":4},"end":{"line":156,"column":null}},"type":"if","locations":[{"start":{"line":153,"column":4},"end":{"line":156,"column":null}},{"start":{},"end":{}}],"line":153},"23":{"loc":{"start":{"line":161,"column":11},"end":{"line":161,"column":null}},"type":"binary-expr","locations":[{"start":{"line":161,"column":11},"end":{"line":161,"column":40}},{"start":{"line":161,"column":40},"end":{"line":161,"column":null}}],"line":161},"24":{"loc":{"start":{"line":176,"column":11},"end":{"line":176,"column":null}},"type":"binary-expr","locations":[{"start":{"line":176,"column":11},"end":{"line":176,"column":44}},{"start":{"line":176,"column":44},"end":{"line":176,"column":null}}],"line":176},"25":{"loc":{"start":{"line":179,"column":4},"end":{"line":190,"column":null}},"type":"if","locations":[{"start":{"line":179,"column":4},"end":{"line":190,"column":null}},{"start":{"line":182,"column":11},"end":{"line":190,"column":null}}],"line":179}},"s":{"0":0,"1":0,"2":0,"3":0,"4":0,"5":0,"6":0,"7":0,"8":0,"9":0,"10":0,"11":0,"12":0,"13":0,"14":0,"15":0,"16":0,"17":0,"18":0,"19":0,"20":0,"21":0,"22":0,"23":0,"24":0,"25":0,"26":0,"27":0,"28":0,"29":0,"30":0,"31":0,"32":0,"33":0,"34":0,"35":0,"36":0,"37":0,"38":0,"39":0,"40":0,"41":0,"42":0,"43":0,"44":0,"45":0,"46":0,"47":0,"48":0,"49":0,"50":0,"51":0,"52":0,"53":0,"54":0,"55":0,"56":0,"57":0,"58":0,"59":0,"60":0,"61":0,"62":0,"63":0,"64":0,"65":0,"66":0,"67":0,"68":0,"69":0,"70":0,"71":0,"72":0,"73":0,"74":0,"75":0,"76":0,"77":0,"78":0,"79":0,"80":0,"81":0,"82":0,"83":0,"84":0,"85":0,"86":0,"87":0,"88":0},"f":{"0":0,"1":0,"2":0,"3":0,"4":0,"5":0,"6":0,"7":0,"8":0,"9":0,"10":0,"11":0,"12":0},"b":{"0":[0,0],"1":[0,0],"2":[0,0],"3":[0,0],"4":[0,0],"5":[0,0],"6":[0,0],"7":[0,0],"8":[0,0],"9":[0,0],"10":[0,0],"11":[0,0,0,0,0,0,0],"12":[0,0],"13":[0,0],"14":[0,0],"15":[0,0],"16":[0,0],"17":[0,0,0,0,0],"18":[0,0],"19":[0,0],"20":[0,0],"21":[0,0],"22":[0,0],"23":[0,0],"24":[0,0],"25":[0,0]},"meta":{"lastBranch":26,"lastFunction":13,"lastStatement":89,"seen":{"f:12:8:12:27":0,"s:17:18:17:Infinity":0,"s:18:4:18:Infinity":1,"s:20:21:20:Infinity":2,"s:23:23:23:Infinity":3,"f:23:37:23:42":1,"s:23:42:23:68":4,"s:24:23:24:Infinity":5,"f:24:37:24:42":2,"s:24:42:24:68":6,"b:27:4:36:Infinity:undefined:undefined:undefined:undefined":0,"s:27:4:36:Infinity":7,"b:27:8:27:22:27:22:27:34":1,"s:28:28:28:Infinity":8,"s:29:28:29:Infinity":9,"s:31:6:35:Infinity":10,"s:39:17:39:Infinity":11,"b:40:4:42:Infinity:undefined:undefined:undefined:undefined":2,"s:40:4:42:Infinity":12,"s:41:6:41:Infinity":13,"s:45:33:51:Infinity":14,"f:45:33:45:34":3,"b:46:6:46:Infinity:undefined:undefined:undefined:undefined":3,"s:46:6:46:Infinity":15,"s:46:21:46:Infinity":16,"b:47:6:47:Infinity:undefined:undefined:undefined:undefined":4,"s:47:6:47:Infinity":17,"s:47:21:47:Infinity":18,"b:48:6:48:Infinity:undefined:undefined:undefined:undefined":5,"s:48:6:48:Infinity":19,"s:48:22:48:Infinity":20,"b:49:6:49:Infinity:undefined:undefined:undefined:undefined":6,"s:49:6:49:Infinity":21,"s:49:22:49:Infinity":22,"s:50:6:50:Infinity":23,"s:53:31:53:Infinity":24,"s:56:22:56:Infinity":25,"s:57:25:57:Infinity":26,"b:57:25:57:44:57:44:57:Infinity":7,"s:58:25:58:Infinity":27,"b:58:25:58:44:58:44:58:Infinity":8,"s:61:23:61:Infinity":28,"s:62:29:62:Infinity":29,"s:63:29:63:Infinity":30,"b:66:4:96:Infinity:69:11:96:Infinity":9,"s:66:4:96:Infinity":31,"s:68:6:68:Infinity":32,"s:71:33:71:Infinity":33,"s:72:28:72:Infinity":34,"f:72:59:72:64":4,"s:72:64:72:72":35,"s:74:23:77:Infinity":36,"b:75:8:75:36:75:36:75:Infinity":10,"s:78:6:78:Infinity":37,"f:78:37:78:42":5,"s:78:42:78:66":38,"s:80:30:84:Infinity":39,"f:80:48:80:Infinity":6,"s:81:8:83:Infinity":40,"b:81:8:81:Infinity:82:9:82:26:82:26:82:57:82:57:82:Infinity:83:9:83:26:83:26:83:57:83:57:83:Infinity":11,"s:86:30:86:Infinity":41,"b:86:59:86:77:86:77:86:Infinity":12,"s:87:25:89:Infinity":42,"b:88:10:88:Infinity:89:10:89:Infinity":13,"b:91:6:95:Infinity:undefined:undefined:undefined:undefined":14,"s:91:6:95:Infinity":43,"s:92:23:92:Infinity":44,"s:93:8:93:Infinity":45,"s:94:8:94:Infinity":46,"b:99:4:125:Infinity:102:11:125:Infinity":15,"s:99:4:125:Infinity":47,"s:101:6:101:Infinity":48,"s:104:30:107:Infinity":49,"b:105:8:105:36:105:36:105:Infinity":16,"s:109:37:113:Infinity":50,"f:109:62:109:Infinity":7,"s:110:8:112:Infinity":51,"b:110:8:110:Infinity:111:9:111:25:111:25:111:Infinity:112:9:112:25:112:25:112:Infinity":17,"s:115:28:115:Infinity":52,"b:115:64:115:89:115:89:115:Infinity":18,"s:116:25:118:Infinity":53,"b:117:10:117:Infinity:118:10:118:Infinity":19,"b:120:6:124:Infinity:undefined:undefined:undefined:undefined":20,"s:120:6:124:Infinity":54,"s:121:23:121:Infinity":55,"s:122:8:122:Infinity":56,"s:123:8:123:Infinity":57,"s:127:4:131:Infinity":58,"f:137:8:137:26":8,"s:138:18:138:Infinity":59,"s:139:4:139:Infinity":60,"s:140:23:140:Infinity":61,"s:142:4:142:Infinity":62,"s:143:4:143:Infinity":63,"s:146:24:146:Infinity":64,"f:146:40:146:45":9,"s:146:45:146:57":65,"b:147:4:150:Infinity:undefined:undefined:undefined:undefined":21,"s:147:4:150:Infinity":66,"s:148:6:148:Infinity":67,"s:149:6:149:Infinity":68,"b:153:4:156:Infinity:undefined:undefined:undefined:undefined":22,"s:153:4:156:Infinity":69,"s:154:6:154:Infinity":70,"s:155:6:155:Infinity":71,"s:159:4:159:Infinity":72,"s:160:19:160:Infinity":73,"s:161:4:161:Infinity":74,"b:161:11:161:40:161:40:161:Infinity":23,"f:167:8:167:31":10,"s:168:18:168:Infinity":75,"s:169:4:169:Infinity":76,"s:170:23:170:Infinity":77,"s:172:4:172:Infinity":78,"s:173:4:173:Infinity":79,"s:175:22:177:Infinity":80,"f:176:6:176:11":11,"s:176:11:176:Infinity":81,"b:176:11:176:44:176:44:176:Infinity":24,"b:179:4:190:Infinity:182:11:190:Infinity":25,"s:179:4:190:Infinity":82,"s:180:6:180:Infinity":83,"s:181:6:181:Infinity":84,"s:183:6:183:Infinity":85,"s:184:6:189:Infinity":86,"f:184:75:184:81":12,"s:184:81:189:8":87,"s:194:39:194:Infinity":88}}}
,"/home/runner/workspace/server/db.ts": {"path":"/home/runner/workspace/server/db.ts","statementMap":{"0":{"start":{"line":6,"column":0},"end":{"line":6,"column":null}},"1":{"start":{"line":8,"column":0},"end":{"line":12,"column":null}},"2":{"start":{"line":9,"column":2},"end":{"line":11,"column":null}},"3":{"start":{"line":14,"column":20},"end":{"line":14,"column":null}},"4":{"start":{"line":15,"column":13},"end":{"line":15,"column":null}}},"fnMap":{},"branchMap":{"0":{"loc":{"start":{"line":8,"column":0},"end":{"line":12,"column":null}},"type":"if","locations":[{"start":{"line":8,"column":0},"end":{"line":12,"column":null}},{"start":{},"end":{}}],"line":8}},"s":{"0":0,"1":0,"2":0,"3":0,"4":0},"f":{},"b":{"0":[0,0]},"meta":{"lastBranch":1,"lastFunction":0,"lastStatement":5,"seen":{"s:6:0:6:Infinity":0,"b:8:0:12:Infinity:undefined:undefined:undefined:undefined":0,"s:8:0:12:Infinity":1,"s:9:2:11:Infinity":2,"s:14:20:14:Infinity":3,"s:15:13:15:Infinity":4}}}
,"/home/runner/workspace/server/huggingface-client.ts": {"path":"/home/runner/workspace/server/huggingface-client.ts","statementMap":{"0":{"start":{"line":5,"column":11},"end":{"line":5,"column":null}},"1":{"start":{"line":14,"column":2},"end":{"line":30,"column":null}},"2":{"start":{"line":15,"column":19},"end":{"line":21,"column":null}},"3":{"start":{"line":23,"column":4},"end":{"line":26,"column":null}},"4":{"start":{"line":28,"column":4},"end":{"line":28,"column":null}},"5":{"start":{"line":29,"column":4},"end":{"line":29,"column":null}},"6":{"start":{"line":37,"column":2},"end":{"line":53,"column":null}},"7":{"start":{"line":38,"column":19},"end":{"line":38,"column":null}},"8":{"start":{"line":40,"column":19},"end":{"line":47,"column":null}},"9":{"start":{"line":49,"column":4},"end":{"line":49,"column":null}},"10":{"start":{"line":51,"column":4},"end":{"line":51,"column":null}},"11":{"start":{"line":52,"column":4},"end":{"line":52,"column":null}},"12":{"start":{"line":65,"column":2},"end":{"line":182,"column":null}},"13":{"start":{"line":67,"column":30},"end":{"line":74,"column":null}},"14":{"start":{"line":76,"column":26},"end":{"line":78,"column":null}},"15":{"start":{"line":80,"column":19},"end":{"line":100,"column":null}},"16":{"start":{"line":102,"column":19},"end":{"line":111,"column":null}},"17":{"start":{"line":114,"column":26},"end":{"line":114,"column":null}},"18":{"start":{"line":117,"column":27},"end":{"line":117,"column":null}},"19":{"start":{"line":120,"column":27},"end":{"line":120,"column":null}},"20":{"start":{"line":121,"column":4},"end":{"line":127,"column":null}},"21":{"start":{"line":122,"column":6},"end":{"line":126,"column":null}},"22":{"start":{"line":123,"column":8},"end":{"line":123,"column":null}},"23":{"start":{"line":125,"column":8},"end":{"line":125,"column":null}},"24":{"start":{"line":130,"column":4},"end":{"line":142,"column":null}},"25":{"start":{"line":131,"column":28},"end":{"line":131,"column":null}},"26":{"start":{"line":132,"column":6},"end":{"line":141,"column":null}},"27":{"start":{"line":133,"column":8},"end":{"line":140,"column":null}},"28":{"start":{"line":134,"column":22},"end":{"line":134,"column":null}},"29":{"start":{"line":135,"column":10},"end":{"line":137,"column":null}},"30":{"start":{"line":136,"column":12},"end":{"line":136,"column":null}},"31":{"start":{"line":139,"column":10},"end":{"line":139,"column":null}},"32":{"start":{"line":145,"column":4},"end":{"line":169,"column":null}},"33":{"start":{"line":147,"column":8},"end":{"line":151,"column":null}},"34":{"start":{"line":155,"column":33},"end":{"line":155,"column":null}},"35":{"start":{"line":156,"column":8},"end":{"line":158,"column":null}},"36":{"start":{"line":157,"column":10},"end":{"line":157,"column":null}},"37":{"start":{"line":160,"column":8},"end":{"line":167,"column":null}},"38":{"start":{"line":162,"column":62},"end":{"line":162,"column":80}},"39":{"start":{"line":171,"column":4},"end":{"line":171,"column":null}},"40":{"start":{"line":173,"column":4},"end":{"line":175,"column":null}},"41":{"start":{"line":174,"column":6},"end":{"line":174,"column":null}},"42":{"start":{"line":177,"column":4},"end":{"line":177,"column":null}},"43":{"start":{"line":180,"column":4},"end":{"line":180,"column":null}},"44":{"start":{"line":181,"column":4},"end":{"line":181,"column":null}}},"fnMap":{"0":{"name":"classifyQuestionHF","decl":{"start":{"line":10,"column":22},"end":{"line":10,"column":41}},"loc":{"start":{"line":13,"column":3},"end":{"line":31,"column":null}},"line":13},"1":{"name":"generateStudySuggestionsHF","decl":{"start":{"line":36,"column":22},"end":{"line":36,"column":49}},"loc":{"start":{"line":36,"column":87},"end":{"line":54,"column":null}},"line":36},"2":{"name":"generateQuestionsHF","decl":{"start":{"line":59,"column":22},"end":{"line":59,"column":null}},"loc":{"start":{"line":64,"column":18},"end":{"line":183,"column":null}},"line":64},"3":{"name":"(anonymous_3)","decl":{"start":{"line":146,"column":14},"end":{"line":146,"column":null}},"loc":{"start":{"line":147,"column":8},"end":{"line":151,"column":null}},"line":147},"4":{"name":"(anonymous_4)","decl":{"start":{"line":153,"column":11},"end":{"line":153,"column":16}},"loc":{"start":{"line":153,"column":16},"end":{"line":168,"column":7}},"line":153},"5":{"name":"(anonymous_5)","decl":{"start":{"line":162,"column":45},"end":{"line":162,"column":46}},"loc":{"start":{"line":162,"column":62},"end":{"line":162,"column":80}},"line":162}},"branchMap":{"0":{"loc":{"start":{"line":63,"column":2},"end":{"line":63,"column":null}},"type":"default-arg","locations":[{"start":{"line":63,"column":18},"end":{"line":63,"column":null}}],"line":63},"1":{"loc":{"start":{"line":76,"column":26},"end":{"line":78,"column":null}},"type":"cond-expr","locations":[{"start":{"line":77,"column":8},"end":{"line":77,"column":null}},{"start":{"line":78,"column":8},"end":{"line":78,"column":null}}],"line":76},"2":{"loc":{"start":{"line":83,"column":16},"end":{"line":83,"column":103}},"type":"binary-expr","locations":[{"start":{"line":83,"column":16},"end":{"line":83,"column":83}},{"start":{"line":83,"column":83},"end":{"line":83,"column":103}}],"line":83},"3":{"loc":{"start":{"line":121,"column":4},"end":{"line":127,"column":null}},"type":"if","locations":[{"start":{"line":121,"column":4},"end":{"line":127,"column":null}},{"start":{},"end":{}}],"line":121},"4":{"loc":{"start":{"line":130,"column":4},"end":{"line":142,"column":null}},"type":"if","locations":[{"start":{"line":130,"column":4},"end":{"line":142,"column":null}},{"start":{},"end":{}}],"line":130},"5":{"loc":{"start":{"line":135,"column":10},"end":{"line":137,"column":null}},"type":"if","locations":[{"start":{"line":135,"column":10},"end":{"line":137,"column":null}},{"start":{},"end":{}}],"line":135},"6":{"loc":{"start":{"line":135,"column":14},"end":{"line":135,"column":78}},"type":"binary-expr","locations":[{"start":{"line":135,"column":14},"end":{"line":135,"column":30}},{"start":{"line":135,"column":30},"end":{"line":135,"column":45}},{"start":{"line":135,"column":45},"end":{"line":135,"column":78}}],"line":135},"7":{"loc":{"start":{"line":147,"column":8},"end":{"line":151,"column":null}},"type":"binary-expr","locations":[{"start":{"line":147,"column":8},"end":{"line":147,"column":null}},{"start":{"line":148,"column":8},"end":{"line":148,"column":null}},{"start":{"line":149,"column":8},"end":{"line":149,"column":null}},{"start":{"line":150,"column":9},"end":{"line":150,"column":48}},{"start":{"line":150,"column":48},"end":{"line":150,"column":null}},{"start":{"line":151,"column":8},"end":{"line":151,"column":null}}],"line":147},"8":{"loc":{"start":{"line":156,"column":8},"end":{"line":158,"column":null}},"type":"if","locations":[{"start":{"line":156,"column":8},"end":{"line":158,"column":null}},{"start":{},"end":{}}],"line":156},"9":{"loc":{"start":{"line":164,"column":20},"end":{"line":164,"column":null}},"type":"binary-expr","locations":[{"start":{"line":164,"column":20},"end":{"line":164,"column":34}},{"start":{"line":164,"column":34},"end":{"line":164,"column":null}}],"line":164},"10":{"loc":{"start":{"line":165,"column":22},"end":{"line":165,"column":null}},"type":"binary-expr","locations":[{"start":{"line":165,"column":22},"end":{"line":165,"column":38}},{"start":{"line":165,"column":38},"end":{"line":165,"column":null}}],"line":165},"11":{"loc":{"start":{"line":173,"column":4},"end":{"line":175,"column":null}},"type":"if","locations":[{"start":{"line":173,"column":4},"end":{"line":175,"column":null}},{"start":{},"end":{}}],"line":173}},"s":{"0":0,"1":0,"2":0,"3":0,"4":0,"5":0,"6":0,"7":0,"8":0,"9":0,"10":0,"11":0,"12":0,"13":0,"14":0,"15":0,"16":0,"17":0,"18":0,"19":0,"20":0,"21":0,"22":0,"23":0,"24":0,"25":0,"26":0,"27":0,"28":0,"29":0,"30":0,"31":0,"32":0,"33":0,"34":0,"35":0,"36":0,"37":0,"38":0,"39":0,"40":0,"41":0,"42":0,"43":0,"44":0},"f":{"0":0,"1":0,"2":0,"3":0,"4":0,"5":0},"b":{"0":[0],"1":[0,0],"2":[0,0],"3":[0,0],"4":[0,0],"5":[0,0],"6":[0,0,0],"7":[0,0,0,0,0,0],"8":[0,0],"9":[0,0],"10":[0,0],"11":[0,0]},"meta":{"lastBranch":12,"lastFunction":6,"lastStatement":45,"seen":{"s:5:11:5:Infinity":0,"f:10:22:10:41":0,"s:14:2:30:Infinity":1,"s:15:19:21:Infinity":2,"s:23:4:26:Infinity":3,"s:28:4:28:Infinity":4,"s:29:4:29:Infinity":5,"f:36:22:36:49":1,"s:37:2:53:Infinity":6,"s:38:19:38:Infinity":7,"s:40:19:47:Infinity":8,"s:49:4:49:Infinity":9,"s:51:4:51:Infinity":10,"s:52:4:52:Infinity":11,"f:59:22:59:Infinity":2,"b:63:18:63:Infinity":0,"s:65:2:182:Infinity":12,"s:67:30:74:Infinity":13,"s:76:26:78:Infinity":14,"b:77:8:77:Infinity:78:8:78:Infinity":1,"s:80:19:100:Infinity":15,"b:83:16:83:83:83:83:83:103":2,"s:102:19:111:Infinity":16,"s:114:26:114:Infinity":17,"s:117:27:117:Infinity":18,"s:120:27:120:Infinity":19,"b:121:4:127:Infinity:undefined:undefined:undefined:undefined":3,"s:121:4:127:Infinity":20,"s:122:6:126:Infinity":21,"s:123:8:123:Infinity":22,"s:125:8:125:Infinity":23,"b:130:4:142:Infinity:undefined:undefined:undefined:undefined":4,"s:130:4:142:Infinity":24,"s:131:28:131:Infinity":25,"s:132:6:141:Infinity":26,"s:133:8:140:Infinity":27,"s:134:22:134:Infinity":28,"b:135:10:137:Infinity:undefined:undefined:undefined:undefined":5,"s:135:10:137:Infinity":29,"b:135:14:135:30:135:30:135:45:135:45:135:78":6,"s:136:12:136:Infinity":30,"s:139:10:139:Infinity":31,"s:145:4:169:Infinity":32,"f:146:14:146:Infinity":3,"s:147:8:151:Infinity":33,"b:147:8:147:Infinity:148:8:148:Infinity:149:8:149:Infinity:150:9:150:48:150:48:150:Infinity:151:8:151:Infinity":7,"f:153:11:153:16":4,"s:155:33:155:Infinity":34,"b:156:8:158:Infinity:undefined:undefined:undefined:undefined":8,"s:156:8:158:Infinity":35,"s:157:10:157:Infinity":36,"s:160:8:167:Infinity":37,"f:162:45:162:46":5,"s:162:62:162:80":38,"b:164:20:164:34:164:34:164:Infinity":9,"b:165:22:165:38:165:38:165:Infinity":10,"s:171:4:171:Infinity":39,"b:173:4:175:Infinity:undefined:undefined:undefined:undefined":11,"s:173:4:175:Infinity":40,"s:174:6:174:Infinity":41,"s:177:4:177:Infinity":42,"s:180:4:180:Infinity":43,"s:181:4:181:Infinity":44}}}
,"/home/runner/workspace/server/huggingface-ml.ts": {"path":"/home/runner/workspace/server/huggingface-ml.ts","statementMap":{"0":{"start":{"line":3,"column":21},"end":{"line":3,"column":null}},"1":{"start":{"line":4,"column":26},"end":{"line":4,"column":null}},"2":{"start":{"line":6,"column":35},"end":{"line":6,"column":null}},"3":{"start":{"line":9,"column":2},"end":{"line":11,"column":null}},"4":{"start":{"line":10,"column":4},"end":{"line":10,"column":null}},"5":{"start":{"line":12,"column":2},"end":{"line":14,"column":null}},"6":{"start":{"line":13,"column":4},"end":{"line":13,"column":null}},"7":{"start":{"line":15,"column":2},"end":{"line":15,"column":null}},"8":{"start":{"line":74,"column":2},"end":{"line":74,"column":null}},"9":{"start":{"line":81,"column":2},"end":{"line":83,"column":null}},"10":{"start":{"line":82,"column":4},"end":{"line":82,"column":null}},"11":{"start":{"line":85,"column":18},"end":{"line":85,"column":null}},"12":{"start":{"line":86,"column":14},"end":{"line":86,"column":null}},"13":{"start":{"line":88,"column":19},"end":{"line":95,"column":null}},"14":{"start":{"line":97,"column":2},"end":{"line":100,"column":null}},"15":{"start":{"line":98,"column":18},"end":{"line":98,"column":null}},"16":{"start":{"line":99,"column":4},"end":{"line":99,"column":null}},"17":{"start":{"line":102,"column":17},"end":{"line":102,"column":null}},"18":{"start":{"line":103,"column":2},"end":{"line":103,"column":null}},"19":{"start":{"line":111,"column":2},"end":{"line":113,"column":null}},"20":{"start":{"line":112,"column":4},"end":{"line":112,"column":null}},"21":{"start":{"line":115,"column":18},"end":{"line":115,"column":null}},"22":{"start":{"line":117,"column":19},"end":{"line":129,"column":null}},"23":{"start":{"line":131,"column":2},"end":{"line":134,"column":null}},"24":{"start":{"line":132,"column":22},"end":{"line":132,"column":null}},"25":{"start":{"line":133,"column":4},"end":{"line":133,"column":null}},"26":{"start":{"line":136,"column":17},"end":{"line":136,"column":null}},"27":{"start":{"line":138,"column":2},"end":{"line":140,"column":null}},"28":{"start":{"line":139,"column":4},"end":{"line":139,"column":null}},"29":{"start":{"line":142,"column":2},"end":{"line":142,"column":null}},"30":{"start":{"line":149,"column":16},"end":{"line":149,"column":null}},"31":{"start":{"line":151,"column":2},"end":{"line":151,"column":null}},"32":{"start":{"line":153,"column":17},"end":{"line":157,"column":null}},"33":{"start":{"line":159,"column":2},"end":{"line":159,"column":null}},"34":{"start":{"line":166,"column":16},"end":{"line":166,"column":null}},"35":{"start":{"line":168,"column":2},"end":{"line":168,"column":null}},"36":{"start":{"line":170,"column":17},"end":{"line":174,"column":null}},"37":{"start":{"line":176,"column":2},"end":{"line":176,"column":null}},"38":{"start":{"line":183,"column":16},"end":{"line":183,"column":null}},"39":{"start":{"line":185,"column":2},"end":{"line":185,"column":null}},"40":{"start":{"line":187,"column":17},"end":{"line":191,"column":null}},"41":{"start":{"line":193,"column":2},"end":{"line":193,"column":null}},"42":{"start":{"line":197,"column":2},"end":{"line":199,"column":null}},"43":{"start":{"line":198,"column":4},"end":{"line":198,"column":null}},"44":{"start":{"line":201,"column":2},"end":{"line":209,"column":null}},"45":{"start":{"line":202,"column":19},"end":{"line":202,"column":null}},"46":{"start":{"line":203,"column":4},"end":{"line":203,"column":null}},"47":{"start":{"line":203,"column":17},"end":{"line":203,"column":null}},"48":{"start":{"line":205,"column":4},"end":{"line":205,"column":null}},"49":{"start":{"line":207,"column":4},"end":{"line":207,"column":null}},"50":{"start":{"line":208,"column":4},"end":{"line":208,"column":null}}},"fnMap":{"0":{"name":"getHfClient","decl":{"start":{"line":8,"column":9},"end":{"line":8,"column":43}},"loc":{"start":{"line":8,"column":43},"end":{"line":16,"column":null}},"line":8},"1":{"name":"isHuggingFaceConfigured","decl":{"start":{"line":73,"column":16},"end":{"line":73,"column":51}},"loc":{"start":{"line":73,"column":51},"end":{"line":75,"column":null}},"line":73},"2":{"name":"callHuggingFaceEndpoint","decl":{"start":{"line":77,"column":15},"end":{"line":77,"column":null}},"loc":{"start":{"line":80,"column":14},"end":{"line":104,"column":null}},"line":80},"3":{"name":"callHuggingFaceInference","decl":{"start":{"line":106,"column":22},"end":{"line":106,"column":null}},"loc":{"start":{"line":110,"column":14},"end":{"line":143,"column":null}},"line":110},"4":{"name":"generateQuizFromHuggingFace","decl":{"start":{"line":145,"column":22},"end":{"line":145,"column":null}},"loc":{"start":{"line":148,"column":32},"end":{"line":160,"column":null}},"line":148},"5":{"name":"recommendCareerFromHuggingFace","decl":{"start":{"line":162,"column":22},"end":{"line":162,"column":null}},"loc":{"start":{"line":165,"column":33},"end":{"line":177,"column":null}},"line":165},"6":{"name":"suggestStudyFromHuggingFace","decl":{"start":{"line":179,"column":22},"end":{"line":179,"column":null}},"loc":{"start":{"line":182,"column":30},"end":{"line":194,"column":null}},"line":182},"7":{"name":"healthCheckHuggingFace","decl":{"start":{"line":196,"column":22},"end":{"line":196,"column":65}},"loc":{"start":{"line":196,"column":65},"end":{"line":210,"column":null}},"line":196}},"branchMap":{"0":{"loc":{"start":{"line":9,"column":2},"end":{"line":11,"column":null}},"type":"if","locations":[{"start":{"line":9,"column":2},"end":{"line":11,"column":null}},{"start":{},"end":{}}],"line":9},"1":{"loc":{"start":{"line":12,"column":2},"end":{"line":14,"column":null}},"type":"if","locations":[{"start":{"line":12,"column":2},"end":{"line":14,"column":null}},{"start":{},"end":{}}],"line":12},"2":{"loc":{"start":{"line":74,"column":12},"end":{"line":74,"column":null}},"type":"binary-expr","locations":[{"start":{"line":74,"column":12},"end":{"line":74,"column":28}},{"start":{"line":74,"column":28},"end":{"line":74,"column":null}}],"line":74},"3":{"loc":{"start":{"line":81,"column":2},"end":{"line":83,"column":null}},"type":"if","locations":[{"start":{"line":81,"column":2},"end":{"line":83,"column":null}},{"start":{},"end":{}}],"line":81},"4":{"loc":{"start":{"line":85,"column":18},"end":{"line":85,"column":null}},"type":"binary-expr","locations":[{"start":{"line":85,"column":18},"end":{"line":85,"column":39}},{"start":{"line":85,"column":39},"end":{"line":85,"column":null}}],"line":85},"5":{"loc":{"start":{"line":97,"column":2},"end":{"line":100,"column":null}},"type":"if","locations":[{"start":{"line":97,"column":2},"end":{"line":100,"column":null}},{"start":{},"end":{}}],"line":97},"6":{"loc":{"start":{"line":111,"column":2},"end":{"line":113,"column":null}},"type":"if","locations":[{"start":{"line":111,"column":2},"end":{"line":113,"column":null}},{"start":{},"end":{}}],"line":111},"7":{"loc":{"start":{"line":115,"column":18},"end":{"line":115,"column":null}},"type":"binary-expr","locations":[{"start":{"line":115,"column":18},"end":{"line":115,"column":39}},{"start":{"line":115,"column":39},"end":{"line":115,"column":null}}],"line":115},"8":{"loc":{"start":{"line":131,"column":2},"end":{"line":134,"column":null}},"type":"if","locations":[{"start":{"line":131,"column":2},"end":{"line":134,"column":null}},{"start":{},"end":{}}],"line":131},"9":{"loc":{"start":{"line":138,"column":2},"end":{"line":140,"column":null}},"type":"if","locations":[{"start":{"line":138,"column":2},"end":{"line":140,"column":null}},{"start":{},"end":{}}],"line":138},"10":{"loc":{"start":{"line":138,"column":6},"end":{"line":138,"column":50}},"type":"binary-expr","locations":[{"start":{"line":138,"column":6},"end":{"line":138,"column":31}},{"start":{"line":138,"column":31},"end":{"line":138,"column":50}}],"line":138},"11":{"loc":{"start":{"line":149,"column":16},"end":{"line":149,"column":null}},"type":"binary-expr","locations":[{"start":{"line":149,"column":16},"end":{"line":149,"column":27}},{"start":{"line":149,"column":27},"end":{"line":149,"column":56}},{"start":{"line":149,"column":56},"end":{"line":149,"column":null}}],"line":149},"12":{"loc":{"start":{"line":159,"column":9},"end":{"line":159,"column":null}},"type":"binary-expr","locations":[{"start":{"line":159,"column":9},"end":{"line":159,"column":29}},{"start":{"line":159,"column":29},"end":{"line":159,"column":null}}],"line":159},"13":{"loc":{"start":{"line":166,"column":16},"end":{"line":166,"column":null}},"type":"binary-expr","locations":[{"start":{"line":166,"column":16},"end":{"line":166,"column":27}},{"start":{"line":166,"column":27},"end":{"line":166,"column":58}},{"start":{"line":166,"column":58},"end":{"line":166,"column":null}}],"line":166},"14":{"loc":{"start":{"line":183,"column":16},"end":{"line":183,"column":null}},"type":"binary-expr","locations":[{"start":{"line":183,"column":16},"end":{"line":183,"column":27}},{"start":{"line":183,"column":27},"end":{"line":183,"column":57}},{"start":{"line":183,"column":57},"end":{"line":183,"column":null}}],"line":183},"15":{"loc":{"start":{"line":193,"column":9},"end":{"line":193,"column":null}},"type":"binary-expr","locations":[{"start":{"line":193,"column":9},"end":{"line":193,"column":31}},{"start":{"line":193,"column":31},"end":{"line":193,"column":null}}],"line":193},"16":{"loc":{"start":{"line":197,"column":2},"end":{"line":199,"column":null}},"type":"if","locations":[{"start":{"line":197,"column":2},"end":{"line":199,"column":null}},{"start":{},"end":{}}],"line":197},"17":{"loc":{"start":{"line":203,"column":4},"end":{"line":203,"column":null}},"type":"if","locations":[{"start":{"line":203,"column":4},"end":{"line":203,"column":null}},{"start":{},"end":{}}],"line":203}},"s":{"0":0,"1":0,"2":0,"3":0,"4":0,"5":0,"6":0,"7":0,"8":0,"9":0,"10":0,"11":0,"12":0,"13":0,"14":0,"15":0,"16":0,"17":0,"18":0,"19":0,"20":0,"21":0,"22":0,"23":0,"24":0,"25":0,"26":0,"27":0,"28":0,"29":0,"30":0,"31":0,"32":0,"33":0,"34":0,"35":0,"36":0,"37":0,"38":0,"39":0,"40":0,"41":0,"42":0,"43":0,"44":0,"45":0,"46":0,"47":0,"48":0,"49":0,"50":0},"f":{"0":0,"1":0,"2":0,"3":0,"4":0,"5":0,"6":0,"7":0},"b":{"0":[0,0],"1":[0,0],"2":[0,0],"3":[0,0],"4":[0,0],"5":[0,0],"6":[0,0],"7":[0,0],"8":[0,0],"9":[0,0],"10":[0,0],"11":[0,0,0],"12":[0,0],"13":[0,0,0],"14":[0,0,0],"15":[0,0],"16":[0,0],"17":[0,0]},"meta":{"lastBranch":18,"lastFunction":8,"lastStatement":51,"seen":{"s:3:21:3:Infinity":0,"s:4:26:4:Infinity":1,"s:6:35:6:Infinity":2,"f:8:9:8:43":0,"b:9:2:11:Infinity:undefined:undefined:undefined:undefined":0,"s:9:2:11:Infinity":3,"s:10:4:10:Infinity":4,"b:12:2:14:Infinity:undefined:undefined:undefined:undefined":1,"s:12:2:14:Infinity":5,"s:13:4:13:Infinity":6,"s:15:2:15:Infinity":7,"f:73:16:73:51":1,"s:74:2:74:Infinity":8,"b:74:12:74:28:74:28:74:Infinity":2,"f:77:15:77:Infinity":2,"b:81:2:83:Infinity:undefined:undefined:undefined:undefined":3,"s:81:2:83:Infinity":9,"s:82:4:82:Infinity":10,"s:85:18:85:Infinity":11,"b:85:18:85:39:85:39:85:Infinity":4,"s:86:14:86:Infinity":12,"s:88:19:95:Infinity":13,"b:97:2:100:Infinity:undefined:undefined:undefined:undefined":5,"s:97:2:100:Infinity":14,"s:98:18:98:Infinity":15,"s:99:4:99:Infinity":16,"s:102:17:102:Infinity":17,"s:103:2:103:Infinity":18,"f:106:22:106:Infinity":3,"b:111:2:113:Infinity:undefined:undefined:undefined:undefined":6,"s:111:2:113:Infinity":19,"s:112:4:112:Infinity":20,"s:115:18:115:Infinity":21,"b:115:18:115:39:115:39:115:Infinity":7,"s:117:19:129:Infinity":22,"b:131:2:134:Infinity:undefined:undefined:undefined:undefined":8,"s:131:2:134:Infinity":23,"s:132:22:132:Infinity":24,"s:133:4:133:Infinity":25,"s:136:17:136:Infinity":26,"b:138:2:140:Infinity:undefined:undefined:undefined:undefined":9,"s:138:2:140:Infinity":27,"b:138:6:138:31:138:31:138:50":10,"s:139:4:139:Infinity":28,"s:142:2:142:Infinity":29,"f:145:22:145:Infinity":4,"s:149:16:149:Infinity":30,"b:149:16:149:27:149:27:149:56:149:56:149:Infinity":11,"s:151:2:151:Infinity":31,"s:153:17:157:Infinity":32,"s:159:2:159:Infinity":33,"b:159:9:159:29:159:29:159:Infinity":12,"f:162:22:162:Infinity":5,"s:166:16:166:Infinity":34,"b:166:16:166:27:166:27:166:58:166:58:166:Infinity":13,"s:168:2:168:Infinity":35,"s:170:17:174:Infinity":36,"s:176:2:176:Infinity":37,"f:179:22:179:Infinity":6,"s:183:16:183:Infinity":38,"b:183:16:183:27:183:27:183:57:183:57:183:Infinity":14,"s:185:2:185:Infinity":39,"s:187:17:191:Infinity":40,"s:193:2:193:Infinity":41,"b:193:9:193:31:193:31:193:Infinity":15,"f:196:22:196:65":7,"b:197:2:199:Infinity:undefined:undefined:undefined:undefined":16,"s:197:2:199:Infinity":42,"s:198:4:198:Infinity":43,"s:201:2:209:Infinity":44,"s:202:19:202:Infinity":45,"b:203:4:203:Infinity:undefined:undefined:undefined:undefined":17,"s:203:4:203:Infinity":46,"s:203:17:203:Infinity":47,"s:205:4:205:Infinity":48,"s:207:4:207:Infinity":49,"s:208:4:208:Infinity":50}}}
,"/home/runner/workspace/server/judge0.ts": {"path":"/home/runner/workspace/server/judge0.ts","statementMap":{"0":{"start":{"line":6,"column":23},"end":{"line":6,"column":null}},"1":{"start":{"line":7,"column":20},"end":{"line":7,"column":null}},"2":{"start":{"line":8,"column":24},"end":{"line":8,"column":null}},"3":{"start":{"line":11,"column":28},"end":{"line":20,"column":null}},"4":{"start":{"line":46,"column":4},"end":{"line":48,"column":null}},"5":{"start":{"line":47,"column":6},"end":{"line":47,"column":null}},"6":{"start":{"line":50,"column":21},"end":{"line":63,"column":null}},"7":{"start":{"line":65,"column":4},"end":{"line":68,"column":null}},"8":{"start":{"line":66,"column":20},"end":{"line":66,"column":null}},"9":{"start":{"line":67,"column":6},"end":{"line":67,"column":null}},"10":{"start":{"line":70,"column":17},"end":{"line":70,"column":null}},"11":{"start":{"line":71,"column":4},"end":{"line":71,"column":null}},"12":{"start":{"line":78,"column":4},"end":{"line":80,"column":null}},"13":{"start":{"line":79,"column":6},"end":{"line":79,"column":null}},"14":{"start":{"line":82,"column":21},"end":{"line":88,"column":null}},"15":{"start":{"line":90,"column":4},"end":{"line":93,"column":null}},"16":{"start":{"line":91,"column":20},"end":{"line":91,"column":null}},"17":{"start":{"line":92,"column":6},"end":{"line":92,"column":null}},"18":{"start":{"line":95,"column":4},"end":{"line":95,"column":null}},"19":{"start":{"line":108,"column":22},"end":{"line":108,"column":null}},"20":{"start":{"line":109,"column":24},"end":{"line":109,"column":null}},"21":{"start":{"line":110,"column":22},"end":{"line":110,"column":null}},"22":{"start":{"line":111,"column":25},"end":{"line":111,"column":null}},"23":{"start":{"line":113,"column":4},"end":{"line":124,"column":null}},"24":{"start":{"line":114,"column":21},"end":{"line":114,"column":null}},"25":{"start":{"line":118,"column":6},"end":{"line":120,"column":null}},"26":{"start":{"line":119,"column":8},"end":{"line":119,"column":null}},"27":{"start":{"line":123,"column":6},"end":{"line":123,"column":null}},"28":{"start":{"line":123,"column":35},"end":{"line":123,"column":68}},"29":{"start":{"line":126,"column":4},"end":{"line":126,"column":null}},"30":{"start":{"line":147,"column":20},"end":{"line":147,"column":null}},"31":{"start":{"line":149,"column":4},"end":{"line":178,"column":null}},"32":{"start":{"line":150,"column":6},"end":{"line":177,"column":null}},"33":{"start":{"line":151,"column":23},"end":{"line":156,"column":null}},"34":{"start":{"line":158,"column":29},"end":{"line":158,"column":null}},"35":{"start":{"line":159,"column":31},"end":{"line":159,"column":null}},"36":{"start":{"line":160,"column":23},"end":{"line":160,"column":null}},"37":{"start":{"line":162,"column":8},"end":{"line":168,"column":null}},"38":{"start":{"line":170,"column":8},"end":{"line":176,"column":null}},"39":{"start":{"line":180,"column":19},"end":{"line":180,"column":null}},"40":{"start":{"line":180,"column":39},"end":{"line":180,"column":47}},"41":{"start":{"line":182,"column":4},"end":{"line":186,"column":null}},"42":{"start":{"line":190,"column":29},"end":{"line":190,"column":null}}},"fnMap":{"0":{"name":"(anonymous_0)","decl":{"start":{"line":40,"column":8},"end":{"line":40,"column":19}},"loc":{"start":{"line":45,"column":33},"end":{"line":72,"column":null}},"line":45},"1":{"name":"(anonymous_1)","decl":{"start":{"line":77,"column":8},"end":{"line":77,"column":22}},"loc":{"start":{"line":77,"column":64},"end":{"line":96,"column":null}},"line":77},"2":{"name":"(anonymous_2)","decl":{"start":{"line":101,"column":8},"end":{"line":101,"column":20}},"loc":{"start":{"line":107,"column":32},"end":{"line":127,"column":null}},"line":107},"3":{"name":"(anonymous_3)","decl":{"start":{"line":123,"column":24},"end":{"line":123,"column":35}},"loc":{"start":{"line":123,"column":35},"end":{"line":123,"column":68}},"line":123},"4":{"name":"(anonymous_4)","decl":{"start":{"line":132,"column":8},"end":{"line":132,"column":21}},"loc":{"start":{"line":146,"column":5},"end":{"line":187,"column":null}},"line":146},"5":{"name":"(anonymous_5)","decl":{"start":{"line":180,"column":34},"end":{"line":180,"column":39}},"loc":{"start":{"line":180,"column":39},"end":{"line":180,"column":47}},"line":180}},"branchMap":{"0":{"loc":{"start":{"line":46,"column":4},"end":{"line":48,"column":null}},"type":"if","locations":[{"start":{"line":46,"column":4},"end":{"line":48,"column":null}},{"start":{},"end":{}}],"line":46},"1":{"loc":{"start":{"line":60,"column":15},"end":{"line":60,"column":null}},"type":"binary-expr","locations":[{"start":{"line":60,"column":15},"end":{"line":60,"column":31}},{"start":{"line":60,"column":31},"end":{"line":60,"column":null}}],"line":60},"2":{"loc":{"start":{"line":61,"column":25},"end":{"line":61,"column":null}},"type":"binary-expr","locations":[{"start":{"line":61,"column":25},"end":{"line":61,"column":50}},{"start":{"line":61,"column":50},"end":{"line":61,"column":null}}],"line":61},"3":{"loc":{"start":{"line":65,"column":4},"end":{"line":68,"column":null}},"type":"if","locations":[{"start":{"line":65,"column":4},"end":{"line":68,"column":null}},{"start":{},"end":{}}],"line":65},"4":{"loc":{"start":{"line":78,"column":4},"end":{"line":80,"column":null}},"type":"if","locations":[{"start":{"line":78,"column":4},"end":{"line":80,"column":null}},{"start":{},"end":{}}],"line":78},"5":{"loc":{"start":{"line":90,"column":4},"end":{"line":93,"column":null}},"type":"if","locations":[{"start":{"line":90,"column":4},"end":{"line":93,"column":null}},{"start":{},"end":{}}],"line":90},"6":{"loc":{"start":{"line":109,"column":24},"end":{"line":109,"column":null}},"type":"binary-expr","locations":[{"start":{"line":109,"column":24},"end":{"line":109,"column":46}},{"start":{"line":109,"column":46},"end":{"line":109,"column":null}}],"line":109},"7":{"loc":{"start":{"line":118,"column":6},"end":{"line":120,"column":null}},"type":"if","locations":[{"start":{"line":118,"column":6},"end":{"line":120,"column":null}},{"start":{},"end":{}}],"line":118},"8":{"loc":{"start":{"line":158,"column":29},"end":{"line":158,"column":null}},"type":"binary-expr","locations":[{"start":{"line":158,"column":29},"end":{"line":158,"column":54}},{"start":{"line":158,"column":54},"end":{"line":158,"column":null}}],"line":158},"9":{"loc":{"start":{"line":160,"column":23},"end":{"line":160,"column":null}},"type":"binary-expr","locations":[{"start":{"line":160,"column":23},"end":{"line":160,"column":58}},{"start":{"line":160,"column":58},"end":{"line":160,"column":null}}],"line":160},"10":{"loc":{"start":{"line":167,"column":17},"end":{"line":167,"column":null}},"type":"binary-expr","locations":[{"start":{"line":167,"column":17},"end":{"line":167,"column":34}},{"start":{"line":167,"column":34},"end":{"line":167,"column":59}},{"start":{"line":167,"column":59},"end":{"line":167,"column":77}},{"start":{"line":167,"column":77},"end":{"line":167,"column":null}}],"line":167}},"s":{"0":0,"1":0,"2":0,"3":0,"4":0,"5":0,"6":0,"7":0,"8":0,"9":0,"10":0,"11":0,"12":0,"13":0,"14":0,"15":0,"16":0,"17":0,"18":0,"19":0,"20":0,"21":0,"22":0,"23":0,"24":0,"25":0,"26":0,"27":0,"28":0,"29":0,"30":0,"31":0,"32":0,"33":0,"34":0,"35":0,"36":0,"37":0,"38":0,"39":0,"40":0,"41":0,"42":0},"f":{"0":0,"1":0,"2":0,"3":0,"4":0,"5":0},"b":{"0":[0,0],"1":[0,0],"2":[0,0],"3":[0,0],"4":[0,0],"5":[0,0],"6":[0,0],"7":[0,0],"8":[0,0],"9":[0,0],"10":[0,0,0,0]},"meta":{"lastBranch":11,"lastFunction":6,"lastStatement":43,"seen":{"s:6:23:6:Infinity":0,"s:7:20:7:Infinity":1,"s:8:24:8:Infinity":2,"s:11:28:20:Infinity":3,"f:40:8:40:19":0,"b:46:4:48:Infinity:undefined:undefined:undefined:undefined":0,"s:46:4:48:Infinity":4,"s:47:6:47:Infinity":5,"s:50:21:63:Infinity":6,"b:60:15:60:31:60:31:60:Infinity":1,"b:61:25:61:50:61:50:61:Infinity":2,"b:65:4:68:Infinity:undefined:undefined:undefined:undefined":3,"s:65:4:68:Infinity":7,"s:66:20:66:Infinity":8,"s:67:6:67:Infinity":9,"s:70:17:70:Infinity":10,"s:71:4:71:Infinity":11,"f:77:8:77:22":1,"b:78:4:80:Infinity:undefined:undefined:undefined:undefined":4,"s:78:4:80:Infinity":12,"s:79:6:79:Infinity":13,"s:82:21:88:Infinity":14,"b:90:4:93:Infinity:undefined:undefined:undefined:undefined":5,"s:90:4:93:Infinity":15,"s:91:20:91:Infinity":16,"s:92:6:92:Infinity":17,"s:95:4:95:Infinity":18,"f:101:8:101:20":2,"s:108:22:108:Infinity":19,"s:109:24:109:Infinity":20,"b:109:24:109:46:109:46:109:Infinity":6,"s:110:22:110:Infinity":21,"s:111:25:111:Infinity":22,"s:113:4:124:Infinity":23,"s:114:21:114:Infinity":24,"b:118:6:120:Infinity:undefined:undefined:undefined:undefined":7,"s:118:6:120:Infinity":25,"s:119:8:119:Infinity":26,"s:123:6:123:Infinity":27,"f:123:24:123:35":3,"s:123:35:123:68":28,"s:126:4:126:Infinity":29,"f:132:8:132:21":4,"s:147:20:147:Infinity":30,"s:149:4:178:Infinity":31,"s:150:6:177:Infinity":32,"s:151:23:156:Infinity":33,"s:158:29:158:Infinity":34,"b:158:29:158:54:158:54:158:Infinity":8,"s:159:31:159:Infinity":35,"s:160:23:160:Infinity":36,"b:160:23:160:58:160:58:160:Infinity":9,"s:162:8:168:Infinity":37,"b:167:17:167:34:167:34:167:59:167:59:167:77:167:77:167:Infinity":10,"s:170:8:176:Infinity":38,"s:180:19:180:Infinity":39,"f:180:34:180:39":5,"s:180:39:180:47":40,"s:182:4:186:Infinity":41,"s:190:29:190:Infinity":42}}}
,"/home/runner/workspace/server/learning-intelligence.ts": {"path":"/home/runner/workspace/server/learning-intelligence.ts","statementMap":{"0":{"start":{"line":38,"column":2},"end":{"line":56,"column":null}},"1":{"start":{"line":39,"column":24},"end":{"line":39,"column":null}},"2":{"start":{"line":40,"column":4},"end":{"line":53,"column":null}},"3":{"start":{"line":41,"column":19},"end":{"line":41,"column":null}},"4":{"start":{"line":42,"column":6},"end":{"line":52,"column":null}},"5":{"start":{"line":43,"column":8},"end":{"line":43,"column":null}},"6":{"start":{"line":44,"column":8},"end":{"line":51,"column":null}},"7":{"start":{"line":44,"column":47},"end":{"line":51,"column":10}},"8":{"start":{"line":55,"column":4},"end":{"line":55,"column":null}},"9":{"start":{"line":59,"column":2},"end":{"line":59,"column":null}},"10":{"start":{"line":62,"column":48},"end":{"line":286,"column":null}},"11":{"start":{"line":293,"column":25},"end":{"line":293,"column":null}},"12":{"start":{"line":295,"column":4},"end":{"line":299,"column":null}},"13":{"start":{"line":297,"column":48},"end":{"line":297,"column":58}},"14":{"start":{"line":298,"column":50},"end":{"line":298,"column":62}},"15":{"start":{"line":301,"column":4},"end":{"line":301,"column":null}},"16":{"start":{"line":305,"column":21},"end":{"line":305,"column":null}},"17":{"start":{"line":306,"column":4},"end":{"line":309,"column":null}},"18":{"start":{"line":306,"column":17},"end":{"line":306,"column":38}},"19":{"start":{"line":307,"column":16},"end":{"line":307,"column":null}},"20":{"start":{"line":308,"column":6},"end":{"line":308,"column":null}},"21":{"start":{"line":310,"column":4},"end":{"line":310,"column":null}},"22":{"start":{"line":314,"column":45},"end":{"line":314,"column":null}},"23":{"start":{"line":316,"column":4},"end":{"line":327,"column":null}},"24":{"start":{"line":317,"column":6},"end":{"line":317,"column":null}},"25":{"start":{"line":317,"column":29},"end":{"line":317,"column":null}},"26":{"start":{"line":319,"column":6},"end":{"line":321,"column":null}},"27":{"start":{"line":320,"column":8},"end":{"line":320,"column":null}},"28":{"start":{"line":323,"column":6},"end":{"line":323,"column":null}},"29":{"start":{"line":324,"column":6},"end":{"line":326,"column":null}},"30":{"start":{"line":325,"column":8},"end":{"line":325,"column":null}},"31":{"start":{"line":329,"column":4},"end":{"line":332,"column":null}},"32":{"start":{"line":330,"column":18},"end":{"line":330,"column":null}},"33":{"start":{"line":331,"column":6},"end":{"line":331,"column":null}},"34":{"start":{"line":334,"column":4},"end":{"line":334,"column":null}},"35":{"start":{"line":338,"column":4},"end":{"line":338,"column":null}},"36":{"start":{"line":338,"column":20},"end":{"line":338,"column":null}},"37":{"start":{"line":339,"column":4},"end":{"line":339,"column":null}},"38":{"start":{"line":339,"column":20},"end":{"line":339,"column":null}},"39":{"start":{"line":340,"column":4},"end":{"line":340,"column":null}},"40":{"start":{"line":344,"column":4},"end":{"line":344,"column":null}},"41":{"start":{"line":344,"column":35},"end":{"line":344,"column":null}},"42":{"start":{"line":345,"column":4},"end":{"line":345,"column":null}},"43":{"start":{"line":345,"column":39},"end":{"line":345,"column":null}},"44":{"start":{"line":346,"column":4},"end":{"line":346,"column":null}},"45":{"start":{"line":346,"column":35},"end":{"line":346,"column":null}},"46":{"start":{"line":347,"column":4},"end":{"line":347,"column":null}},"47":{"start":{"line":355,"column":21},"end":{"line":355,"column":null}},"48":{"start":{"line":357,"column":54},"end":{"line":365,"column":null}},"49":{"start":{"line":367,"column":30},"end":{"line":367,"column":null}},"50":{"start":{"line":369,"column":4},"end":{"line":376,"column":null}},"51":{"start":{"line":370,"column":6},"end":{"line":375,"column":null}},"52":{"start":{"line":371,"column":8},"end":{"line":374,"column":null}},"53":{"start":{"line":371,"column":40},"end":{"line":371,"column":60}},"54":{"start":{"line":372,"column":10},"end":{"line":372,"column":null}},"55":{"start":{"line":373,"column":10},"end":{"line":373,"column":null}},"56":{"start":{"line":378,"column":4},"end":{"line":381,"column":null}},"57":{"start":{"line":379,"column":6},"end":{"line":379,"column":null}},"58":{"start":{"line":380,"column":6},"end":{"line":380,"column":null}},"59":{"start":{"line":383,"column":29},"end":{"line":385,"column":null}},"60":{"start":{"line":384,"column":11},"end":{"line":384,"column":null}},"61":{"start":{"line":387,"column":4},"end":{"line":389,"column":null}},"62":{"start":{"line":388,"column":6},"end":{"line":388,"column":null}},"63":{"start":{"line":391,"column":51},"end":{"line":391,"column":null}},"64":{"start":{"line":392,"column":27},"end":{"line":392,"column":null}},"65":{"start":{"line":393,"column":21},"end":{"line":393,"column":null}},"66":{"start":{"line":395,"column":4},"end":{"line":407,"column":null}},"67":{"start":{"line":396,"column":28},"end":{"line":396,"column":null}},"68":{"start":{"line":396,"column":49},"end":{"line":396,"column":76}},"69":{"start":{"line":397,"column":26},"end":{"line":397,"column":null}},"70":{"start":{"line":399,"column":6},"end":{"line":406,"column":null}},"71":{"start":{"line":400,"column":8},"end":{"line":400,"column":null}},"72":{"start":{"line":400,"column":47},"end":{"line":400,"column":null}},"73":{"start":{"line":401,"column":8},"end":{"line":404,"column":null}},"74":{"start":{"line":401,"column":42},"end":{"line":401,"column":68}},"75":{"start":{"line":402,"column":10},"end":{"line":402,"column":null}},"76":{"start":{"line":403,"column":10},"end":{"line":403,"column":null}},"77":{"start":{"line":405,"column":8},"end":{"line":405,"column":null}},"78":{"start":{"line":405,"column":43},"end":{"line":405,"column":71}},"79":{"start":{"line":405,"column":96},"end":{"line":405,"column":null}},"80":{"start":{"line":409,"column":4},"end":{"line":413,"column":null}},"81":{"start":{"line":410,"column":24},"end":{"line":410,"column":null}},"82":{"start":{"line":410,"column":45},"end":{"line":410,"column":102}},"83":{"start":{"line":410,"column":75},"end":{"line":410,"column":101}},"84":{"start":{"line":411,"column":6},"end":{"line":411,"column":null}},"85":{"start":{"line":411,"column":34},"end":{"line":411,"column":null}},"86":{"start":{"line":412,"column":6},"end":{"line":412,"column":null}},"87":{"start":{"line":415,"column":4},"end":{"line":415,"column":null}},"88":{"start":{"line":425,"column":29},"end":{"line":427,"column":null}},"89":{"start":{"line":429,"column":47},"end":{"line":429,"column":null}},"90":{"start":{"line":430,"column":4},"end":{"line":437,"column":null}},"91":{"start":{"line":431,"column":6},"end":{"line":436,"column":null}},"92":{"start":{"line":432,"column":25},"end":{"line":432,"column":null}},"93":{"start":{"line":433,"column":8},"end":{"line":433,"column":null}},"94":{"start":{"line":435,"column":8},"end":{"line":435,"column":null}},"95":{"start":{"line":439,"column":59},"end":{"line":446,"column":null}},"96":{"start":{"line":448,"column":31},"end":{"line":448,"column":null}},"97":{"start":{"line":451,"column":4},"end":{"line":472,"column":null}},"98":{"start":{"line":452,"column":32},"end":{"line":452,"column":null}},"99":{"start":{"line":454,"column":6},"end":{"line":454,"column":null}},"100":{"start":{"line":456,"column":25},"end":{"line":462,"column":null}},"101":{"start":{"line":464,"column":6},"end":{"line":469,"column":null}},"102":{"start":{"line":465,"column":8},"end":{"line":465,"column":null}},"103":{"start":{"line":466,"column":8},"end":{"line":466,"column":null}},"104":{"start":{"line":468,"column":8},"end":{"line":468,"column":null}},"105":{"start":{"line":471,"column":6},"end":{"line":471,"column":null}},"106":{"start":{"line":475,"column":4},"end":{"line":475,"column":null}},"107":{"start":{"line":477,"column":21},"end":{"line":482,"column":null}},"108":{"start":{"line":478,"column":27},"end":{"line":479,"column":null}},"109":{"start":{"line":480,"column":30},"end":{"line":480,"column":null}},"110":{"start":{"line":481,"column":6},"end":{"line":481,"column":null}},"111":{"start":{"line":484,"column":4},"end":{"line":486,"column":null}},"112":{"start":{"line":485,"column":6},"end":{"line":485,"column":null}},"113":{"start":{"line":488,"column":19},"end":{"line":510,"column":null}},"114":{"start":{"line":489,"column":18},"end":{"line":489,"column":null}},"115":{"start":{"line":491,"column":6},"end":{"line":498,"column":null}},"116":{"start":{"line":492,"column":8},"end":{"line":492,"column":null}},"117":{"start":{"line":493,"column":6},"end":{"line":498,"column":null}},"118":{"start":{"line":497,"column":8},"end":{"line":497,"column":null}},"119":{"start":{"line":500,"column":6},"end":{"line":502,"column":null}},"120":{"start":{"line":501,"column":8},"end":{"line":501,"column":null}},"121":{"start":{"line":504,"column":22},"end":{"line":504,"column":null}},"122":{"start":{"line":505,"column":6},"end":{"line":507,"column":null}},"123":{"start":{"line":506,"column":8},"end":{"line":506,"column":null}},"124":{"start":{"line":509,"column":6},"end":{"line":509,"column":null}},"125":{"start":{"line":512,"column":4},"end":{"line":512,"column":null}},"126":{"start":{"line":512,"column":26},"end":{"line":512,"column":43}},"127":{"start":{"line":514,"column":42},"end":{"line":514,"column":null}},"128":{"start":{"line":515,"column":27},"end":{"line":515,"column":null}},"129":{"start":{"line":517,"column":4},"end":{"line":524,"column":null}},"130":{"start":{"line":518,"column":6},"end":{"line":518,"column":null}},"131":{"start":{"line":518,"column":32},"end":{"line":518,"column":null}},"132":{"start":{"line":520,"column":6},"end":{"line":523,"column":null}},"133":{"start":{"line":521,"column":8},"end":{"line":521,"column":null}},"134":{"start":{"line":522,"column":8},"end":{"line":522,"column":null}},"135":{"start":{"line":526,"column":4},"end":{"line":530,"column":null}},"136":{"start":{"line":527,"column":24},"end":{"line":527,"column":null}},"137":{"start":{"line":527,"column":43},"end":{"line":527,"column":73}},"138":{"start":{"line":528,"column":6},"end":{"line":528,"column":null}},"139":{"start":{"line":528,"column":34},"end":{"line":528,"column":null}},"140":{"start":{"line":529,"column":6},"end":{"line":529,"column":null}},"141":{"start":{"line":532,"column":4},"end":{"line":532,"column":null}},"142":{"start":{"line":544,"column":43},"end":{"line":544,"column":null}},"143":{"start":{"line":546,"column":84},"end":{"line":575,"column":null}},"144":{"start":{"line":577,"column":4},"end":{"line":593,"column":null}},"145":{"start":{"line":577,"column":17},"end":{"line":577,"column":20}},"146":{"start":{"line":578,"column":22},"end":{"line":578,"column":null}},"147":{"start":{"line":579,"column":22},"end":{"line":582,"column":null}},"148":{"start":{"line":584,"column":24},"end":{"line":584,"column":null}},"149":{"start":{"line":584,"column":67},"end":{"line":584,"column":89}},"150":{"start":{"line":585,"column":23},"end":{"line":585,"column":null}},"151":{"start":{"line":587,"column":6},"end":{"line":592,"column":null}},"152":{"start":{"line":595,"column":4},"end":{"line":602,"column":null}},"153":{"start":{"line":596,"column":6},"end":{"line":601,"column":null}},"154":{"start":{"line":604,"column":4},"end":{"line":611,"column":null}},"155":{"start":{"line":605,"column":6},"end":{"line":610,"column":null}},"156":{"start":{"line":613,"column":4},"end":{"line":620,"column":null}},"157":{"start":{"line":614,"column":6},"end":{"line":619,"column":null}},"158":{"start":{"line":622,"column":4},"end":{"line":629,"column":null}},"159":{"start":{"line":623,"column":6},"end":{"line":628,"column":null}},"160":{"start":{"line":631,"column":4},"end":{"line":638,"column"
[...]
nfinity:undefined:undefined:undefined:undefined":1,"s:159:4:159:Infinity":14,"s:159:29:159:Infinity":15,"s:160:19:160:Infinity":16,"s:161:4:164:Infinity":17,"f:167:8:167:33":9,"s:168:4:169:Infinity":18,"f:173:8:173:48":10,"s:174:4:174:Infinity":19,"f:177:8:177:22":11,"s:178:19:178:Infinity":20,"s:179:4:179:Infinity":21,"f:182:8:182:25":12,"s:183:19:183:Infinity":22,"s:184:4:184:Infinity":23,"f:188:8:188:38":13,"s:189:4:189:Infinity":24,"f:192:8:192:17":14,"s:193:19:193:Infinity":25,"s:194:4:194:Infinity":26,"f:197:8:197:20":15,"s:198:19:198:Infinity":27,"s:199:4:199:Infinity":28,"f:202:8:202:22":16,"s:203:4:207:Infinity":29,"f:207:12:207:23":17,"s:207:23:207:80":30,"f:207:35:207:41":18,"s:207:41:207:79":31,"f:210:8:210:19":19,"s:211:19:211:Infinity":32,"s:212:4:212:Infinity":33,"f:216:8:216:19":20,"s:217:16:217:Infinity":34,"b:219:4:231:Infinity:227:4:231:Infinity":2,"s:219:4:231:Infinity":35,"b:219:8:219:24:219:24:219:49":3,"s:220:6:226:Infinity":36,"b:227:4:231:Infinity:229:4:231:Infinity":4,"s:227:4:231:Infinity":37,"s:228:6:228:Infinity":38,"b:229:4:231:Infinity:undefined:undefined:undefined:undefined":5,"s:229:4:231:Infinity":39,"s:230:6:230:Infinity":40,"s:233:4:233:Infinity":41,"f:236:8:236:16":21,"s:237:19:237:Infinity":42,"s:238:4:238:Infinity":43,"f:241:8:241:20":22,"s:242:4:242:Infinity":44,"f:245:8:245:19":23,"s:246:19:246:Infinity":45,"s:247:4:247:Infinity":46,"f:251:8:251:27":24,"s:252:4:252:Infinity":47,"f:255:8:255:23":25,"s:256:19:256:Infinity":48,"s:257:4:257:Infinity":49,"f:260:8:260:24":26,"b:261:4:261:Infinity:undefined:undefined:undefined:undefined":6,"s:261:4:261:Infinity":50,"s:261:32:261:Infinity":51,"s:262:19:262:Infinity":52,"s:263:4:263:Infinity":53,"f:267:8:267:26":27,"s:268:19:268:Infinity":54,"s:269:4:269:Infinity":55,"f:272:8:272:28":28,"s:273:4:275:Infinity":56,"f:278:8:278:30":29,"b:278:43:278:71":7,"s:279:4:281:Infinity":57,"f:285:8:285:30":30,"s:286:19:286:Infinity":58,"s:287:4:287:Infinity":59,"f:290:8:290:42":31,"s:291:4:292:Infinity":60,"f:296:8:296:26":32,"b:297:4:309:Infinity:305:4:309:Infinity":8,"s:297:4:309:Infinity":61,"b:297:8:297:24:297:24:297:49":9,"s:298:6:304:Infinity":62,"b:305:4:309:Infinity:307:4:309:Infinity":10,"s:305:4:309:Infinity":63,"s:306:6:306:Infinity":64,"b:307:4:309:Infinity:undefined:undefined:undefined:undefined":11,"s:307:4:309:Infinity":65,"s:308:6:308:Infinity":66,"s:311:4:311:Infinity":67,"f:314:8:314:25":33,"s:315:19:315:Infinity":68,"s:316:4:316:Infinity":69,"f:319:8:319:28":34,"s:320:19:320:Infinity":70,"s:321:4:321:Infinity":71,"f:324:8:324:31":35,"s:325:19:325:Infinity":72,"s:326:4:326:Infinity":73,"f:330:8:330:31":36,"s:331:19:331:Infinity":74,"s:332:4:332:Infinity":75,"f:335:8:335:33":37,"s:336:4:337:Infinity":76,"f:341:8:341:27":38,"s:342:23:342:Infinity":77,"s:343:21:343:Infinity":78,"s:345:4:352:Infinity":79,"f:355:8:355:29":39,"s:356:19:358:Infinity":80,"s:359:4:359:Infinity":81,"f:362:8:362:35":40,"s:363:4:365:Infinity":82,"f:369:8:369:23":41,"s:370:19:370:Infinity":83,"s:371:4:371:Infinity":84,"f:374:8:374:21":42,"b:374:29:374:54":12,"s:375:4:377:Infinity":85,"f:381:8:381:29":43,"s:387:19:387:Infinity":86,"s:388:4:388:Infinity":87,"s:392:23:392:Infinity":88}}}
,"/home/runner/workspace/server/verify-question-dataset.ts": {"path":"/home/runner/workspace/server/verify-question-dataset.ts","statementMap":{"0":{"start":{"line":6,"column":22},"end":{"line":6,"column":null}},"1":{"start":{"line":8,"column":2},"end":{"line":12,"column":null}},"2":{"start":{"line":9,"column":4},"end":{"line":9,"column":null}},"3":{"start":{"line":10,"column":4},"end":{"line":10,"column":null}},"4":{"start":{"line":11,"column":4},"end":{"line":11,"column":null}},"5":{"start":{"line":14,"column":15},"end":{"line":14,"column":null}},"6":{"start":{"line":16,"column":2},"end":{"line":19,"column":null}},"7":{"start":{"line":17,"column":4},"end":{"line":17,"column":null}},"8":{"start":{"line":18,"column":4},"end":{"line":18,"column":null}},"9":{"start":{"line":21,"column":20},"end":{"line":21,"column":null}},"10":{"start":{"line":22,"column":21},"end":{"line":22,"column":null}},"11":{"start":{"line":22,"column":55},"end":{"line":22,"column":65}},"12":{"start":{"line":23,"column":23},"end":{"line":23,"column":null}},"13":{"start":{"line":23,"column":57},"end":{"line":23,"column":69}},"14":{"start":{"line":25,"column":2},"end":{"line":25,"column":null}},"15":{"start":{"line":26,"column":2},"end":{"line":26,"column":null}},"16":{"start":{"line":27,"column":2},"end":{"line":27,"column":null}},"17":{"start":{"line":28,"column":2},"end":{"line":28,"column":null}},"18":{"start":{"line":29,"column":2},"end":{"line":29,"column":null}},"19":{"start":{"line":31,"column":52},"end":{"line":31,"column":null}},"20":{"start":{"line":32,"column":2},"end":{"line":34,"column":null}},"21":{"start":{"line":33,"column":4},"end":{"line":33,"column":null}},"22":{"start":{"line":36,"column":2},"end":{"line":36,"column":null}},"23":{"start":{"line":37,"column":2},"end":{"line":39,"column":null}},"24":{"start":{"line":37,"column":51},"end":{"line":37,"column":62}},"25":{"start":{"line":38,"column":4},"end":{"line":38,"column":null}},"26":{"start":{"line":41,"column":54},"end":{"line":41,"column":null}},"27":{"start":{"line":42,"column":2},"end":{"line":44,"column":null}},"28":{"start":{"line":43,"column":4},"end":{"line":43,"column":null}},"29":{"start":{"line":46,"column":2},"end":{"line":46,"column":null}},"30":{"start":{"line":47,"column":2},"end":{"line":49,"column":null}},"31":{"start":{"line":48,"column":4},"end":{"line":48,"column":null}},"32":{"start":{"line":52,"column":2},"end":{"line":52,"column":null}},"33":{"start":{"line":53,"column":2},"end":{"line":56,"column":null}},"34":{"start":{"line":54,"column":4},"end":{"line":54,"column":null}},"35":{"start":{"line":55,"column":4},"end":{"line":55,"column":null}},"36":{"start":{"line":59,"column":0},"end":{"line":59,"column":null}}},"fnMap":{"0":{"name":"verifyQuestionDataset","decl":{"start":{"line":5,"column":15},"end":{"line":5,"column":39}},"loc":{"start":{"line":5,"column":39},"end":{"line":57,"column":null}},"line":5},"1":{"name":"(anonymous_1)","decl":{"start":{"line":22,"column":43},"end":{"line":22,"column":44}},"loc":{"start":{"line":22,"column":55},"end":{"line":22,"column":65}},"line":22},"2":{"name":"(anonymous_2)","decl":{"start":{"line":23,"column":45},"end":{"line":23,"column":46}},"loc":{"start":{"line":23,"column":57},"end":{"line":23,"column":69}},"line":23},"3":{"name":"(anonymous_3)","decl":{"start":{"line":32,"column":20},"end":{"line":32,"column":21}},"loc":{"start":{"line":32,"column":32},"end":{"line":34,"column":3}},"line":32},"4":{"name":"(anonymous_4)","decl":{"start":{"line":37,"column":41},"end":{"line":37,"column":42}},"loc":{"start":{"line":37,"column":51},"end":{"line":37,"column":62}},"line":37},"5":{"name":"(anonymous_5)","decl":{"start":{"line":37,"column":72},"end":{"line":37,"column":73}},"loc":{"start":{"line":37,"column":90},"end":{"line":39,"column":3}},"line":37},"6":{"name":"(anonymous_6)","decl":{"start":{"line":42,"column":20},"end":{"line":42,"column":21}},"loc":{"start":{"line":42,"column":32},"end":{"line":44,"column":3}},"line":42},"7":{"name":"(anonymous_7)","decl":{"start":{"line":47,"column":46},"end":{"line":47,"column":47}},"loc":{"start":{"line":47,"column":65},"end":{"line":49,"column":3}},"line":47},"8":{"name":"(anonymous_8)","decl":{"start":{"line":53,"column":32},"end":{"line":53,"column":33}},"loc":{"start":{"line":53,"column":55},"end":{"line":56,"column":3}},"line":53}},"branchMap":{"0":{"loc":{"start":{"line":8,"column":2},"end":{"line":12,"column":null}},"type":"if","locations":[{"start":{"line":8,"column":2},"end":{"line":12,"column":null}},{"start":{},"end":{}}],"line":8},"1":{"loc":{"start":{"line":16,"column":2},"end":{"line":19,"column":null}},"type":"if","locations":[{"start":{"line":16,"column":2},"end":{"line":19,"column":null}},{"start":{},"end":{}}],"line":16},"2":{"loc":{"start":{"line":16,"column":6},"end":{"line":16,"column":57}},"type":"binary-expr","locations":[{"start":{"line":16,"column":6},"end":{"line":16,"column":25}},{"start":{"line":16,"column":25},"end":{"line":16,"column":57}}],"line":16},"3":{"loc":{"start":{"line":33,"column":37},"end":{"line":33,"column":75}},"type":"binary-expr","locations":[{"start":{"line":33,"column":37},"end":{"line":33,"column":70}},{"start":{"line":33,"column":70},"end":{"line":33,"column":75}}],"line":33},"4":{"loc":{"start":{"line":43,"column":41},"end":{"line":43,"column":83}},"type":"binary-expr","locations":[{"start":{"line":43,"column":41},"end":{"line":43,"column":78}},{"start":{"line":43,"column":78},"end":{"line":43,"column":83}}],"line":43},"5":{"loc":{"start":{"line":55,"column":31},"end":{"line":55,"column":53}},"type":"binary-expr","locations":[{"start":{"line":55,"column":31},"end":{"line":55,"column":52}},{"start":{"line":55,"column":52},"end":{"line":55,"column":53}}],"line":55}},"s":{"0":0,"1":0,"2":0,"3":0,"4":0,"5":0,"6":0,"7":0,"8":0,"9":0,"10":0,"11":0,"12":0,"13":0,"14":0,"15":0,"16":0,"17":0,"18":0,"19":0,"20":0,"21":0,"22":0,"23":0,"24":0,"25":0,"26":0,"27":0,"28":0,"29":0,"30":0,"31":0,"32":0,"33":0,"34":0,"35":0,"36":0},"f":{"0":0,"1":0,"2":0,"3":0,"4":0,"5":0,"6":0,"7":0,"8":0},"b":{"0":[0,0],"1":[0,0],"2":[0,0],"3":[0,0],"4":[0,0],"5":[0,0]},"meta":{"lastBranch":6,"lastFunction":9,"lastStatement":37,"seen":{"f:5:15:5:39":0,"s:6:22:6:Infinity":0,"b:8:2:12:Infinity:undefined:undefined:undefined:undefined":0,"s:8:2:12:Infinity":1,"s:9:4:9:Infinity":2,"s:10:4:10:Infinity":3,"s:11:4:11:Infinity":4,"s:14:15:14:Infinity":5,"b:16:2:19:Infinity:undefined:undefined:undefined:undefined":1,"s:16:2:19:Infinity":6,"b:16:6:16:25:16:25:16:57":2,"s:17:4:17:Infinity":7,"s:18:4:18:Infinity":8,"s:21:20:21:Infinity":9,"s:22:21:22:Infinity":10,"f:22:43:22:44":1,"s:22:55:22:65":11,"s:23:23:23:Infinity":12,"f:23:45:23:46":2,"s:23:57:23:69":13,"s:25:2:25:Infinity":14,"s:26:2:26:Infinity":15,"s:27:2:27:Infinity":16,"s:28:2:28:Infinity":17,"s:29:2:29:Infinity":18,"s:31:52:31:Infinity":19,"s:32:2:34:Infinity":20,"f:32:20:32:21":3,"s:33:4:33:Infinity":21,"b:33:37:33:70:33:70:33:75":3,"s:36:2:36:Infinity":22,"s:37:2:39:Infinity":23,"f:37:41:37:42":4,"s:37:51:37:62":24,"f:37:72:37:73":5,"s:38:4:38:Infinity":25,"s:41:54:41:Infinity":26,"s:42:2:44:Infinity":27,"f:42:20:42:21":6,"s:43:4:43:Infinity":28,"b:43:41:43:78:43:78:43:83":4,"s:46:2:46:Infinity":29,"s:47:2:49:Infinity":30,"f:47:46:47:47":7,"s:48:4:48:Infinity":31,"s:52:2:52:Infinity":32,"s:53:2:56:Infinity":33,"f:53:32:53:33":8,"s:54:4:54:Infinity":34,"s:55:4:55:Infinity":35,"b:55:31:55:52:55:52:55:53":5,"s:59:0:59:Infinity":36}}}
,"/home/runner/workspace/shared/schema.ts": {"path":"/home/runner/workspace/shared/schema.ts","statementMap":{"0":{"start":{"line":16,"column":13},"end":{"line":33,"column":null}},"1":{"start":{"line":36,"column":13},"end":{"line":42,"column":null}},"2":{"start":{"line":38,"column":56},"end":{"line":38,"column":66}},"3":{"start":{"line":45,"column":13},"end":{"line":54,"column":null}},"4":{"start":{"line":57,"column":13},"end":{"line":65,"column":null}},"5":{"start":{"line":68,"column":13},"end":{"line":73,"column":null}},"6":{"start":{"line":70,"column":56},"end":{"line":70,"column":66}},"7":{"start":{"line":71,"column":58},"end":{"line":71,"column":69}},"8":{"start":{"line":76,"column":13},"end":{"line":87,"column":null}},"9":{"start":{"line":81,"column":59},"end":{"line":81,"column":73}},"10":{"start":{"line":90,"column":13},"end":{"line":100,"column":null}},"11":{"start":{"line":92,"column":56},"end":{"line":92,"column":68}},"12":{"start":{"line":103,"column":13},"end":{"line":114,"column":null}},"13":{"start":{"line":105,"column":56},"end":{"line":105,"column":66}},"14":{"start":{"line":106,"column":56},"end":{"line":106,"column":68}},"15":{"start":{"line":117,"column":13},"end":{"line":126,"column":null}},"16":{"start":{"line":119,"column":56},"end":{"line":119,"column":66}},"17":{"start":{"line":120,"column":64},"end":{"line":120,"column":78}},"18":{"start":{"line":121,"column":71},"end":{"line":121,"column":88}},"19":{"start":{"line":129,"column":13},"end":{"line":141,"column":null}},"20":{"start":{"line":134,"column":59},"end":{"line":134,"column":73}},"21":{"start":{"line":144,"column":13},"end":{"line":153,"column":null}},"22":{"start":{"line":146,"column":56},"end":{"line":146,"column":66}},"23":{"start":{"line":147,"column":66},"end":{"line":147,"column":85}},"24":{"start":{"line":156,"column":13},"end":{"line":162,"column":null}},"25":{"start":{"line":158,"column":56},"end":{"line":158,"column":66}},"26":{"start":{"line":165,"column":13},"end":{"line":173,"column":null}},"27":{"start":{"line":167,"column":56},"end":{"line":167,"column":66}},"28":{"start":{"line":176,"column":13},"end":{"line":184,"column":null}},"29":{"start":{"line":178,"column":46},"end":{"line":178,"column":56}},"30":{"start":{"line":187,"column":13},"end":{"line":194,"column":null}},"31":{"start":{"line":189,"column":64},"end":{"line":189,"column":72}},"32":{"start":{"line":191,"column":59},"end":{"line":191,"column":73}},"33":{"start":{"line":197,"column":13},"end":{"line":206,"column":null}},"34":{"start":{"line":208,"column":37},"end":{"line":220,"column":null}},"35":{"start":{"line":213,"column":4},"end":{"line":219,"column":null}},"36":{"start":{"line":214,"column":6},"end":{"line":218,"column":null}},"37":{"start":{"line":222,"column":13},"end":{"line":225,"column":null}},"38":{"start":{"line":227,"column":13},"end":{"line":230,"column":null}},"39":{"start":{"line":232,"column":13},"end":{"line":235,"column":null}},"40":{"start":{"line":237,"column":13},"end":{"line":240,"column":null}},"41":{"start":{"line":242,"column":13},"end":{"line":245,"column":null}},"42":{"start":{"line":247,"column":13},"end":{"line":250,"column":null}},"43":{"start":{"line":252,"column":13},"end":{"line":255,"column":null}},"44":{"start":{"line":257,"column":13},"end":{"line":260,"column":null}},"45":{"start":{"line":262,"column":13},"end":{"line":265,"column":null}},"46":{"start":{"line":267,"column":13},"end":{"line":270,"column":null}}},"fnMap":{"0":{"name":"(anonymous_0)","decl":{"start":{"line":38,"column":50},"end":{"line":38,"column":56}},"loc":{"start":{"line":38,"column":56},"end":{"line":38,"column":66}},"line":38},"1":{"name":"(anonymous_1)","decl":{"start":{"line":70,"column":50},"end":{"line":70,"column":56}},"loc":{"start":{"line":70,"column":56},"end":{"line":70,"column":66}},"line":70},"2":{"name":"(anonymous_2)","decl":{"start":{"line":71,"column":52},"end":{"line":71,"column":58}},"loc":{"start":{"line":71,"column":58},"end":{"line":71,"column":69}},"line":71},"3":{"name":"(anonymous_3)","decl":{"start":{"line":81,"column":53},"end":{"line":81,"column":59}},"loc":{"start":{"line":81,"column":59},"end":{"line":81,"column":73}},"line":81},"4":{"name":"(anonymous_4)","decl":{"start":{"line":92,"column":50},"end":{"line":92,"column":56}},"loc":{"start":{"line":92,"column":56},"end":{"line":92,"column":68}},"line":92},"5":{"name":"(anonymous_5)","decl":{"start":{"line":105,"column":50},"end":{"line":105,"column":56}},"loc":{"start":{"line":105,"column":56},"end":{"line":105,"column":66}},"line":105},"6":{"name":"(anonymous_6)","decl":{"start":{"line":106,"column":50},"end":{"line":106,"column":56}},"loc":{"start":{"line":106,"column":56},"end":{"line":106,"column":68}},"line":106},"7":{"name":"(anonymous_7)","decl":{"start":{"line":119,"column":50},"end":{"line":119,"column":56}},"loc":{"start":{"line":119,"column":56},"end":{"line":119,"column":66}},"line":119},"8":{"name":"(anonymous_8)","decl":{"start":{"line":120,"column":58},"end":{"line":120,"column":64}},"loc":{"start":{"line":120,"column":64},"end":{"line":120,"column":78}},"line":120},"9":{"name":"(anonymous_9)","decl":{"start":{"line":121,"column":65},"end":{"line":121,"column":71}},"loc":{"start":{"line":121,"column":71},"end":{"line":121,"column":88}},"line":121},"10":{"name":"(anonymous_10)","decl":{"start":{"line":134,"column":53},"end":{"line":134,"column":59}},"loc":{"start":{"line":134,"column":59},"end":{"line":134,"column":73}},"line":134},"11":{"name":"(anonymous_11)","decl":{"start":{"line":146,"column":50},"end":{"line":146,"column":56}},"loc":{"start":{"line":146,"column":56},"end":{"line":146,"column":66}},"line":146},"12":{"name":"(anonymous_12)","decl":{"start":{"line":147,"column":60},"end":{"line":147,"column":66}},"loc":{"start":{"line":147,"column":66},"end":{"line":147,"column":85}},"line":147},"13":{"name":"(anonymous_13)","decl":{"start":{"line":158,"column":50},"end":{"line":158,"column":56}},"loc":{"start":{"line":158,"column":56},"end":{"line":158,"column":66}},"line":158},"14":{"name":"(anonymous_14)","decl":{"start":{"line":167,"column":50},"end":{"line":167,"column":56}},"loc":{"start":{"line":167,"column":56},"end":{"line":167,"column":66}},"line":167},"15":{"name":"(anonymous_15)","decl":{"start":{"line":178,"column":40},"end":{"line":178,"column":46}},"loc":{"start":{"line":178,"column":46},"end":{"line":178,"column":56}},"line":178},"16":{"name":"(anonymous_16)","decl":{"start":{"line":189,"column":58},"end":{"line":189,"column":64}},"loc":{"start":{"line":189,"column":64},"end":{"line":189,"column":72}},"line":189},"17":{"name":"(anonymous_17)","decl":{"start":{"line":191,"column":53},"end":{"line":191,"column":59}},"loc":{"start":{"line":191,"column":59},"end":{"line":191,"column":73}},"line":191},"18":{"name":"(anonymous_18)","decl":{"start":{"line":212,"column":15},"end":{"line":212,"column":16}},"loc":{"start":{"line":212,"column":30},"end":{"line":220,"column":3}},"line":212}},"branchMap":{"0":{"loc":{"start":{"line":213,"column":4},"end":{"line":219,"column":null}},"type":"if","locations":[{"start":{"line":213,"column":4},"end":{"line":219,"column":null}},{"start":{},"end":{}}],"line":213}},"s":{"0":1,"1":1,"2":0,"3":1,"4":1,"5":1,"6":0,"7":0,"8":1,"9":0,"10":1,"11":0,"12":1,"13":0,"14":0,"15":1,"16":0,"17":0,"18":0,"19":1,"20":0,"21":1,"22":0,"23":0,"24":1,"25":0,"26":1,"27":0,"28":1,"29":0,"30":1,"31":0,"32":0,"33":1,"34":1,"35":4,"36":2,"37":1,"38":1,"39":1,"40":1,"41":1,"42":1,"43":1,"44":1,"45":1,"46":1},"f":{"0":0,"1":0,"2":0,"3":0,"4":0,"5":0,"6":0,"7":0,"8":0,"9":0,"10":0,"11":0,"12":0,"13":0,"14":0,"15":0,"16":0,"17":0,"18":4},"b":{"0":[2,2]},"meta":{"lastBranch":1,"lastFunction":19,"lastStatement":47,"seen":{"s:16:13:33:Infinity":0,"s:36:13:42:Infinity":1,"f:38:50:38:56":0,"s:38:56:38:66":2,"s:45:13:54:Infinity":3,"s:57:13:65:Infinity":4,"s:68:13:73:Infinity":5,"f:70:50:70:56":1,"s:70:56:70:66":6,"f:71:52:71:58":2,"s:71:58:71:69":7,"s:76:13:87:Infinity":8,"f:81:53:81:59":3,"s:81:59:81:73":9,"s:90:13:100:Infinity":10,"f:92:50:92:56":4,"s:92:56:92:68":11,"s:103:13:114:Infinity":12,"f:105:50:105:56":5,"s:105:56:105:66":13,"f:106:50:106:56":6,"s:106:56:106:68":14,"s:117:13:126:Infinity":15,"f:119:50:119:56":7,"s:119:56:119:66":16,"f:120:58:120:64":8,"s:120:64:120:78":17,"f:121:65:121:71":9,"s:121:71:121:88":18,"s:129:13:141:Infinity":19,"f:134:53:134:59":10,"s:134:59:134:73":20,"s:144:13:153:Infinity":21,"f:146:50:146:56":11,"s:146:56:146:66":22,"f:147:60:147:66":12,"s:147:66:147:85":23,"s:156:13:162:Infinity":24,"f:158:50:158:56":13,"s:158:56:158:66":25,"s:165:13:173:Infinity":26,"f:167:50:167:56":14,"s:167:56:167:66":27,"s:176:13:184:Infinity":28,"f:178:40:178:46":15,"s:178:46:178:56":29,"s:187:13:194:Infinity":30,"f:189:58:189:64":16,"s:189:64:189:72":31,"f:191:53:191:59":17,"s:191:59:191:73":32,"s:197:13:206:Infinity":33,"s:208:37:220:Infinity":34,"f:212:15:212:16":18,"b:213:4:219:Infinity:undefined:undefined:undefined:undefined":0,"s:213:4:219:Infinity":35,"s:214:6:218:Infinity":36,"s:222:13:225:Infinity":37,"s:227:13:230:Infinity":38,"s:232:13:235:Infinity":39,"s:237:13:240:Infinity":40,"s:242:13:245:Infinity":41,"s:247:13:250:Infinity":42,"s:252:13:255:Infinity":43,"s:257:13:260:Infinity":44,"s:262:13:265:Infinity":45,"s:267:13:270:Infinity":46}}}
}
