TN:
SF:client/src/lib/firebase.ts
FNF:0
FNH:0
DA:5,0
DA:14,0
DA:15,0
DA:16,0
LF:4
LH:0
BRF:0
BRH:0
end_of_record
TN:
SF:client/src/lib/passwordValidation.ts
FN:14,validatePasswordStrength
FN:47,getPasswordRequirements
FNF:2
FNH:2
FNDA:17,validatePasswordStrength
FNDA:2,getPasswordRequirements
DA:15,17
DA:23,17
DA:24,17
DA:26,17
DA:27,17
DA:28,1
DA:29,16
DA:30,9
DA:31,7
DA:32,5
DA:33,2
DA:34,1
DA:36,1
DA:39,17
DA:48,2
LF:15
LH:15
BRDA:27,0,0,1
BRDA:27,0,1,16
BRDA:29,1,0,9
BRDA:29,1,1,7
BRDA:29,2,0,16
BRDA:29,2,1,14
BRDA:31,3,0,5
BRDA:31,3,1,2
BRDA:33,4,0,1
BRDA:33,4,1,1
BRF:10
BRH:10
end_of_record
TN:
SF:client/src/lib/queryClient.ts
FN:3,throwIfResNotOk
FN:10,apiRequest
FN:30,(anonymous_2)
FN:31,(anonymous_3)
FNF:4
FNH:0
FNDA:0,throwIfResNotOk
FNDA:0,apiRequest
FNDA:0,(anonymous_2)
FNDA:0,(anonymous_3)
DA:4,0
DA:5,0
DA:6,0
DA:15,0
DA:22,0
DA:23,0
DA:30,0
DA:31,0
DA:32,0
DA:36,0
DA:37,0
DA:40,0
DA:41,0
DA:44,0
LF:14
LH:0
BRDA:4,0,0,0
BRDA:4,0,1,0
BRDA:5,1,0,0
BRDA:5,1,1,0
BRDA:17,2,0,0
BRDA:17,2,1,0
BRDA:18,3,0,0
BRDA:18,3,1,0
BRDA:36,4,0,0
BRDA:36,4,1,0
BRDA:36,5,0,0
BRDA:36,5,1,0
BRF:12
BRH:0
end_of_record
TN:
SF:client/src/lib/utils.ts
FN:4,cn
FNF:1
FNH:0
FNDA:0,cn
DA:5,0
LF:1
LH:0
BRF:0
BRH:0
end_of_record
TN:
SF:server/auth.ts
FN:9,hashPassword
FN:13,comparePassword
FN:20,(anonymous_2)
FN:40,(anonymous_3)
FN:44,(anonymous_4)
FN:53,requireAuth
FN:60,requireAdmin
FNF:7
FNH:4
FNDA:7,hashPassword
FNDA:3,comparePassword
FNDA:0,(anonymous_2)
FNDA:0,(anonymous_3)
FNDA:0,(anonymous_4)
FNDA:2,requireAuth
FNDA:3,requireAdmin
DA:7,1
DA:10,7
DA:14,3
DA:17,1
DA:21,0
DA:22,0
DA:23,0
DA:24,0
DA:27,0
DA:28,0
DA:29,0
DA:32,0
DA:34,0
DA:40,1
DA:41,0
DA:44,1
DA:45,0
DA:46,0
DA:47,0
DA:49,0
DA:54,2
DA:55,1
DA:57,1
DA:61,3
DA:62,1
DA:64,2
LF:26
LH:12
BRDA:23,0,0,0
BRDA:23,0,1,0
BRDA:28,1,0,0
BRDA:28,1,1,0
BRDA:54,2,0,1
BRDA:54,2,1,1
BRDA:61,3,0,1
BRDA:61,3,1,2
BRDA:61,4,0,3
BRDA:61,4,1,2
BRF:10
BRH:6
end_of_record
TN:
SF:server/dailyChallenges.ts
FN:12,(anonymous_0)
FN:23,(anonymous_1)
FN:24,(anonymous_2)
FN:45,(anonymous_3)
FN:72,(anonymous_4)
FN:78,(anonymous_5)
FN:80,(anonymous_6)
FN:109,(anonymous_7)
FN:137,(anonymous_8)
FN:146,(anonymous_9)
FN:167,(anonymous_10)
FN:176,(anonymous_11)
FN:184,(anonymous_12)
FNF:13
FNH:0
FNDA:0,(anonymous_0)
FNDA:0,(anonymous_1)
FNDA:0,(anonymous_2)
FNDA:0,(anonymous_3)
FNDA:0,(anonymous_4)
FNDA:0,(anonymous_5)
FNDA:0,(anonymous_6)
FNDA:0,(anonymous_7)
FNDA:0,(anonymous_8)
FNDA:0,(anonymous_9)
FNDA:0,(anonymous_10)
FNDA:0,(anonymous_11)
FNDA:0,(anonymous_12)
DA:17,0
DA:18,0
DA:20,0
DA:23,0
DA:24,0
DA:27,0
DA:28,0
DA:29,0
DA:31,0
DA:39,0
DA:40,0
DA:41,0
DA:45,0
DA:46,0
DA:47,0
DA:48,0
DA:49,0
DA:50,0
DA:53,0
DA:56,0
DA:57,0
DA:58,0
DA:61,0
DA:62,0
DA:63,0
DA:66,0
DA:68,0
DA:71,0
DA:72,0
DA:74,0
DA:78,0
DA:80,0
DA:81,0
DA:86,0
DA:87,0
DA:91,0
DA:92,0
DA:93,0
DA:94,0
DA:99,0
DA:101,0
DA:104,0
DA:109,0
DA:110,0
DA:115,0
DA:116,0
DA:120,0
DA:121,0
DA:122,0
DA:123,0
DA:127,0
DA:138,0
DA:139,0
DA:140,0
DA:142,0
DA:143,0
DA:146,0
DA:147,0
DA:148,0
DA:149,0
DA:153,0
DA:154,0
DA:155,0
DA:159,0
DA:160,0
DA:161,0
DA:168,0
DA:169,0
DA:170,0
DA:172,0
DA:173,0
DA:175,0
DA:176,0
DA:179,0
DA:180,0
DA:181,0
DA:183,0
DA:184,0
DA:194,0
LF:79
LH:0
BRDA:27,0,0,0
BRDA:27,0,1,0
BRDA:27,1,0,0
BRDA:27,1,1,0
BRDA:40,2,0,0
BRDA:40,2,1,0
BRDA:46,3,0,0
BRDA:46,3,1,0
BRDA:47,4,0,0
BRDA:47,4,1,0
BRDA:48,5,0,0
BRDA:48,5,1,0
BRDA:49,6,0,0
BRDA:49,6,1,0
BRDA:57,7,0,0
BRDA:57,7,1,0
BRDA:58,8,0,0
BRDA:58,8,1,0
BRDA:66,9,0,0
BRDA:66,9,1,0
BRDA:75,10,0,0
BRDA:75,10,1,0
BRDA:81,11,0,0
BRDA:81,11,1,0
BRDA:81,11,2,0
BRDA:81,11,3,0
BRDA:81,11,4,0
BRDA:81,11,5,0
BRDA:81,11,6,0
BRDA:86,12,0,0
BRDA:86,12,1,0
BRDA:87,13,0,0
BRDA:87,13,1,0
BRDA:91,14,0,0
BRDA:91,14,1,0
BRDA:99,15,0,0
BRDA:99,15,1,0
BRDA:105,16,0,0
BRDA:105,16,1,0
BRDA:110,17,0,0
BRDA:110,17,1,0
BRDA:110,17,2,0
BRDA:110,17,3,0
BRDA:110,17,4,0
BRDA:115,18,0,0
BRDA:115,18,1,0
BRDA:116,19,0,0
BRDA:116,19,1,0
BRDA:120,20,0,0
BRDA:120,20,1,0
BRDA:147,21,0,0
BRDA:147,21,1,0
BRDA:153,22,0,0
BRDA:153,22,1,0
BRDA:161,23,0,0
BRDA:161,23,1,0
BRDA:176,24,0,0
BRDA:176,24,1,0
BRDA:179,25,0,0
BRDA:179,25,1,0
BRF:60
BRH:0
end_of_record
TN:
SF:server/db.ts
FNF:0
FNH:0
DA:6,0
DA:8,0
DA:9,0
DA:14,0
DA:15,0
LF:5
LH:0
BRDA:8,0,0,0
BRDA:8,0,1,0
BRF:2
BRH:0
end_of_record
TN:
SF:server/huggingface-client.ts
FN:10,classifyQuestionHF
FN:36,generateStudySuggestionsHF
FN:59,generateQuestionsHF
FN:146,(anonymous_3)
FN:153,(anonymous_4)
FN:162,(anonymous_5)
FNF:6
FNH:0
FNDA:0,classifyQuestionHF
FNDA:0,generateStudySuggestionsHF
FNDA:0,generateQuestionsHF
FNDA:0,(anonymous_3)
FNDA:0,(anonymous_4)
FNDA:0,(anonymous_5)
DA:5,0
DA:14,0
DA:15,0
DA:23,0
DA:28,0
DA:29,0
DA:37,0
DA:38,0
DA:40,0
DA:49,0
DA:51,0
DA:52,0
DA:65,0
DA:67,0
DA:76,0
DA:80,0
DA:102,0
DA:114,0
DA:117,0
DA:120,0
DA:121,0
DA:122,0
DA:123,0
DA:125,0
DA:130,0
DA:131,0
DA:132,0
DA:133,0
DA:134,0
DA:135,0
DA:136,0
DA:139,0
DA:145,0
DA:147,0
DA:155,0
DA:156,0
DA:157,0
DA:160,0
DA:162,0
DA:171,0
DA:173,0
DA:174,0
DA:177,0
DA:180,0
DA:181,0
LF:45
LH:0
BRDA:63,0,0,0
BRDA:76,1,0,0
BRDA:76,1,1,0
BRDA:83,2,0,0
BRDA:83,2,1,0
BRDA:121,3,0,0
BRDA:121,3,1,0
BRDA:130,4,0,0
BRDA:130,4,1,0
BRDA:135,5,0,0
BRDA:135,5,1,0
BRDA:135,6,0,0
BRDA:135,6,1,0
BRDA:135,6,2,0
BRDA:147,7,0,0
BRDA:147,7,1,0
BRDA:147,7,2,0
BRDA:147,7,3,0
BRDA:147,7,4,0
BRDA:147,7,5,0
BRDA:156,8,0,0
BRDA:156,8,1,0
BRDA:164,9,0,0
BRDA:164,9,1,0
BRDA:165,10,0,0
BRDA:165,10,1,0
BRDA:173,11,0,0
BRDA:173,11,1,0
BRF:28
BRH:0
end_of_record
TN:
SF:server/huggingface-ml.ts
FN:8,getHfClient
FN:73,isHuggingFaceConfigured
FN:77,callHuggingFaceEndpoint
FN:106,callHuggingFaceInference
FN:145,generateQuizFromHuggingFace
FN:162,recommendCareerFromHuggingFace
FN:179,suggestStudyFromHuggingFace
FN:196,healthCheckHuggingFace
FNF:8
FNH:0
FNDA:0,getHfClient
FNDA:0,isHuggingFaceConfigured
FNDA:0,callHuggingFaceEndpoint
FNDA:0,callHuggingFaceInference
FNDA:0,generateQuizFromHuggingFace
FNDA:0,recommendCareerFromHuggingFace
FNDA:0,suggestStudyFromHuggingFace
FNDA:0,healthCheckHuggingFace
DA:3,0
DA:4,0
DA:6,0
DA:9,0
DA:10,0
DA:12,0
DA:13,0
DA:15,0
DA:74,0
DA:81,0
DA:82,0
DA:85,0
DA:86,0
DA:88,0
DA:97,0
DA:98,0
DA:99,0
DA:102,0
DA:103,0
DA:111,0
DA:112,0
DA:115,0
DA:117,0
DA:131,0
DA:132,0
DA:133,0
DA:136,0
DA:138,0
DA:139,0
DA:142,0
DA:149,0
DA:151,0
DA:153,0
DA:159,0
DA:166,0
DA:168,0
DA:170,0
DA:176,0
DA:183,0
DA:185,0
DA:187,0
DA:193,0
DA:197,0
DA:198,0
DA:201,0
DA:202,0
DA:203,0
DA:205,0
DA:207,0
DA:208,0
LF:50
LH:0
BRDA:9,0,0,0
BRDA:9,0,1,0
BRDA:12,1,0,0
BRDA:12,1,1,0
BRDA:74,2,0,0
BRDA:74,2,1,0
BRDA:81,3,0,0
BRDA:81,3,1,0
BRDA:85,4,0,0
BRDA:85,4,1,0
BRDA:97,5,0,0
BRDA:97,5,1,0
BRDA:111,6,0,0
BRDA:111,6,1,0
BRDA:115,7,0,0
BRDA:115,7,1,0
BRDA:131,8,0,0
BRDA:131,8,1,0
BRDA:138,9,0,0
BRDA:138,9,1,0
BRDA:138,10,0,0
BRDA:138,10,1,0
BRDA:149,11,0,0
BRDA:149,11,1,0
BRDA:149,11,2,0
BRDA:159,12,0,0
BRDA:159,12,1,0
BRDA:166,13,0,0
BRDA:166,13,1,0
BRDA:166,13,2,0
BRDA:183,14,0,0
BRDA:183,14,1,0
BRDA:183,14,2,0
BRDA:193,15,0,0
BRDA:193,15,1,0
BRDA:197,16,0,0
BRDA:197,16,1,0
BRDA:203,17,0,0
BRDA:203,17,1,0
BRF:39
BRH:0
end_of_record
TN:
SF:server/judge0.ts
FN:40,(anonymous_0)
FN:77,(anonymous_1)
FN:101,(anonymous_2)
FN:123,(anonymous_3)
FN:132,(anonymous_4)
FN:180,(anonymous_5)
FNF:6
FNH:0
FNDA:0,(anonymous_0)
FNDA:0,(anonymous_1)
FNDA:0,(anonymous_2)
FNDA:0,(anonymous_3)
FNDA:0,(anonymous_4)
FNDA:0,(anonymous_5)
DA:6,0
DA:7,0
DA:8,0
DA:11,0
DA:46,0
DA:47,0
DA:50,0
DA:65,0
DA:66,0
DA:67,0
DA:70,0
DA:71,0
DA:78,0
DA:79,0
DA:82,0
DA:90,0
DA:91,0
DA:92,0
DA:95,0
DA:108,0
DA:109,0
DA:110,0
DA:111,0
DA:113,0
DA:114,0
DA:118,0
DA:119,0
DA:123,0
DA:126,0
DA:147,0
DA:149,0
DA:150,0
DA:151,0
DA:158,0
DA:159,0
DA:160,0
DA:162,0
DA:170,0
DA:180,0
DA:182,0
DA:190,0
LF:41
LH:0
BRDA:46,0,0,0
BRDA:46,0,1,0
BRDA:60,1,0,0
BRDA:60,1,1,0
BRDA:61,2,0,0
BRDA:61,2,1,0
BRDA:65,3,0,0
BRDA:65,3,1,0
BRDA:78,4,0,0
BRDA:78,4,1,0
BRDA:90,5,0,0
BRDA:90,5,1,0
BRDA:109,6,0,0
BRDA:109,6,1,0
BRDA:118,7,0,0
BRDA:118,7,1,0
BRDA:158,8,0,0
BRDA:158,8,1,0
BRDA:160,9,0,0
BRDA:160,9,1,0
BRDA:167,10,0,0
BRDA:167,10,1,0
BRDA:167,10,2,0
BRDA:167,10,3,0
BRF:24
BRH:0
end_of_record
TN:
SF:server/learning-intelligence.ts
FN:37,loadQuestionsFromMLDataset
FN:44,(anonymous_1)
FN:291,(anonymous_2)
FN:297,(anonymous_3)
FN:298,(anonymous_4)
FN:304,(anonymous_5)
FN:313,(anonymous_6)
FN:337,(anonymous_7)
FN:343,(anonymous_8)
FN:350,(anonymous_9)
FN:371,(anonymous_10)
FN:384,(anonymous_11)
FN:396,(anonymous_12)
FN:401,(anonymous_13)
FN:405,(anonymous_14)
FN:410,(anonymous_15)
FN:410,(anonymous_16)
FN:418,(anonymous_17)
FN:477,(anonymous_18)
FN:488,(anonymous_19)
FN:512,(anonymous_20)
FN:527,(anonymous_21)
FN:535,(anonymous_22)
FN:584,(anonymous_23)
FN:643,(anonymous_24)
FN:645,(anonymous_25)
FN:653,(anonymous_26)
FN:664,generateQuestionsFromText
FN:672,generatePracticeQuiz
FN:682,generateStudySuggestions
FNF:30
FNH:0
FNDA:0,loadQuestionsFromMLDataset
FNDA:0,(anonymous_1)
FNDA:0,(anonymous_2)
FNDA:0,(anonymous_3)
FNDA:0,(anonymous_4)
FNDA:0,(anonymous_5)
FNDA:0,(anonymous_6)
FNDA:0,(anonymous_7)
FNDA:0,(anonymous_8)
FNDA:0,(anonymous_9)
FNDA:0,(anonymous_10)
FNDA:0,(anonymous_11)
FNDA:0,(anonymous_12)
FNDA:0,(anonymous_13)
FNDA:0,(anonymous_14)
FNDA:0,(anonymous_15)
FNDA:0,(anonymous_16)
FNDA:0,(anonymous_17)
FNDA:0,(anonymous_18)
FNDA:0,(anonymous_19)
FNDA:0,(anonymous_20)
FNDA:0,(anonymous_21)
FNDA:0,(anonymous_22)
FNDA:0,(anonymous_23)
FNDA:0,(anonymous_24)
FNDA:0,(anonymous_25)
FNDA:0,(anonymous_26)
FNDA:0,generateQuestionsFromText
FNDA:0,generatePracticeQuiz
FNDA:0,generateStudySuggestions
DA:38,0
DA:39,0
DA:40,0
DA:41,0
DA:42,0
DA:43,0
DA:44,0
DA:55,0
DA:59,0
DA:62,0
DA:293,0
DA:295,0
DA:297,0
DA:298,0
DA:301,0
DA:305,0
DA:306,0
DA:307,0
DA:308,0
DA:310,0
DA:314,0
DA:316,0
DA:317,0
DA:319,0
DA:320,0
DA:323,0
DA:324,0
DA:325,0
DA:329,0
DA:330,0
DA:331,0
DA:334,0
DA:338,0
DA:339,0
DA:340,0
DA:344,0
DA:345,0
DA:346,0
DA:347,0
DA:355,0
DA:357,0
DA:367,0
DA:369,0
DA:370,0
DA:371,0
DA:372,0
DA:373,0
DA:378,0
DA:379,0
DA:380,0
DA:383,0
DA:384,0
DA:387,0
DA:388,0
DA:391,0
DA:392,0
DA:393,0
DA:395,0
DA:396,0
DA:397,0
DA:399,0
DA:400,0
DA:401,0
DA:402,0
DA:403,0
DA:405,0
DA:409,0
DA:410,0
DA:411,0
DA:412,0
DA:415,0
DA:425,0
DA:429,0
DA:430,0
DA:431,0
DA:432,0
DA:433,0
DA:435,0
DA:439,0
DA:448,0
DA:451,0
DA:452,0
DA:454,0
DA:456,0
DA:464,0
DA:465,0
DA:466,0
DA:468,0
DA:471,0
DA:475,0
DA:477,0
DA:478,0
DA:480,0
DA:481,0
DA:484,0
DA:485,0
DA:488,0
DA:489,0
DA:491,0
DA:492,0
DA:493,0
DA:497,0
DA:500,0
DA:501,0
DA:504,0
DA:505,0
DA:506,0
DA:509,0
DA:512,0
DA:514,0
DA:515,0
DA:517,0
DA:518,0
DA:520,0
DA:521,0
DA:522,0
DA:526,0
DA:527,0
DA:528,0
DA:529,0
DA:532,0
DA:544,0
DA:546,0
DA:577,0
DA:578,0
DA:579,0
DA:584,0
DA:585,0
DA:587,0
DA:595,0
DA:596,0
DA:604,0
DA:605,0
DA:613,0
DA:614,0
DA:622,0
DA:623,0
DA:631,0
DA:632,0
DA:640,0
DA:644,0
DA:645,0
DA:646,0
DA:647,0
DA:648,0
DA:654,0
DA:662,0
DA:669,0
DA:679,0
DA:691,0
LF:150
LH:0
BRDA:40,0,0,0
BRDA:40,0,1,0
BRDA:42,1,0,0
BRDA:42,1,1,0
BRDA:42,2,0,0
BRDA:42,2,1,0
BRDA:46,3,0,0
BRDA:46,3,1,0
BRDA:47,4,0,0
BRDA:47,4,1,0
BRDA:47,4,2,0
BRDA:48,5,0,0
BRDA:48,5,1,0
BRDA:49,6,0,0
BRDA:49,6,1,0
BRDA:50,7,0,0
BRDA:50,7,1,0
BRDA:317,8,0,0
BRDA:317,8,1,0
BRDA:319,9,0,0
BRDA:319,9,1,0
BRDA:324,10,0,0
BRDA:324,10,1,0
BRDA:331,11,0,0
BRDA:331,11,1,0
BRDA:338,12,0,0
BRDA:338,12,1,0
BRDA:339,13,0,0
BRDA:339,13,1,0
BRDA:344,14,0,0
BRDA:344,14,1,0
BRDA:345,15,0,0
BRDA:345,15,1,0
BRDA:346,16,0,0
BRDA:346,16,1,0
BRDA:353,17,0,0
BRDA:371,18,0,0
BRDA:371,18,1,0
BRDA:378,19,0,0
BRDA:378,19,1,0
BRDA:387,20,0,0
BRDA:387,20,1,0
BRDA:400,21,0,0
BRDA:400,21,1,0
BRDA:401,22,0,0
BRDA:401,22,1,0
BRDA:405,23,0,0
BRDA:405,23,1,0
BRDA:409,24,0,0
BRDA:409,24,1,0
BRDA:411,25,0,0
BRDA:411,25,1,0
BRDA:425,26,0,0
BRDA:425,26,1,0
BRDA:430,27,0,0
BRDA:430,27,1,0
BRDA:448,28,0,0
BRDA:448,28,1,0
BRDA:457,29,0,0
BRDA:457,29,1,0
BRDA:464,30,0,0
BRDA:464,30,1,0
BRDA:464,31,0,0
BRDA:464,31,1,0
BRDA:464,31,2,0
BRDA:468,32,0,0
BRDA:468,32,1,0
BRDA:478,33,0,0
BRDA:478,33,1,0
BRDA:478,33,2,0
BRDA:481,34,0,0
BRDA:481,34,1,0
BRDA:484,35,0,0
BRDA:484,35,1,0
BRDA:491,36,0,0
BRDA:491,36,1,0
BRDA:493,37,0,0
BRDA:493,37,1,0
BRDA:494,38,0,0
BRDA:494,38,1,0
BRDA:494,38,2,0
BRDA:494,38,3,0
BRDA:500,39,0,0
BRDA:500,39,1,0
BRDA:505,40,0,0
BRDA:505,40,1,0
BRDA:505,41,0,0
BRDA:505,41,1,0
BRDA:518,42,0,0
BRDA:518,42,1,0
BRDA:520,43,0,0
BRDA:520,43,1,0
BRDA:520,44,0,0
BRDA:520,44,1,0
BRDA:526,45,0,0
BRDA:526,45,1,0
BRDA:528,46,0,0
BRDA:528,46,1,0
BRDA:579,47,0,0
BRDA:579,47,1,0
BRDA:585,48,0,0
BRDA:585,48,1,0
BRDA:591,49,0,0
BRDA:591,49,1,0
BRDA:595,50,0,0
BRDA:595,50,1,0
BRDA:604,51,0,0
BRDA:604,51,1,0
BRDA:613,52,0,0
BRDA:613,52,1,0
BRDA:622,53,0,0
BRDA:622,53,1,0
BRDA:631,54,0,0
BRDA:631,54,1,0
BRDA:645,55,0,0
BRDA:645,55,1,0
BRDA:667,56,0,0
BRF:117
BRH:0
end_of_record
TN:
SF:server/ml-client.ts
FN:9,callMLService
FN:12,(anonymous_1)
FN:44,healthCheck
FN:47,(anonymous_3)
FNF:4
FNH:0
FNDA:0,callMLService
FNDA:0,(anonymous_1)
FNDA:0,healthCheck
FNDA:0,(anonymous_3)
DA:1,0
DA:10,0
DA:11,0
DA:12,0
DA:14,0
DA:15,0
DA:22,0
DA:25,0
DA:26,0
DA:28,0
DA:31,0
DA:32,0
DA:35,0
DA:37,0
DA:38,0
DA:40,0
DA:45,0
DA:46,0
DA:47,0
DA:49,0
DA:50,0
DA:51,0
DA:52,0
DA:54,0
LF:24
LH:0
BRDA:1,0,0,0
BRDA:1,0,1,0
BRDA:9,1,0,0
BRDA:31,2,0,0
BRDA:31,2,1,0
BRDA:37,3,0,0
BRDA:37,3,1,0
BRDA:44,4,0,0
BRF:8
BRH:0
end_of_record
TN:
SF:server/naiveBayes.ts
FN:31,(anonymous_0)
FN:53,(anonymous_1)
FN:125,(anonymous_2)
FN:205,(anonymous_3)
FN:211,(anonymous_4)
FN:219,(anonymous_5)
FN:243,(anonymous_6)
FN:258,(anonymous_7)
FN:268,(anonymous_8)
FNF:9
FNH:0
FNDA:0,(anonymous_0)
FNDA:0,(anonymous_1)
FNDA:0,(anonymous_2)
FNDA:0,(anonymous_3)
FNDA:0,(anonymous_4)
FNDA:0,(anonymous_5)
FNDA:0,(anonymous_6)
FNDA:0,(anonymous_7)
FNDA:0,(anonymous_8)
DA:32,0
DA:34,0
DA:35,0
DA:37,0
DA:38,0
DA:41,0
DA:42,0
DA:43,0
DA:47,0
DA:54,0
DA:63,0
DA:64,0
DA:67,0
DA:69,0
DA:70,0
DA:71,0
DA:73,0
DA:76,0
DA:77,0
DA:78,0
DA:79,0
DA:80,0
DA:81,0
DA:82,0
DA:83,0
DA:84,0
DA:86,0
DA:89,0
DA:90,0
DA:91,0
DA:93,0
DA:96,0
DA:97,0
DA:98,0
DA:99,0
DA:100,0
DA:101,0
DA:102,0
DA:103,0
DA:104,0
DA:105,0
DA:106,0
DA:108,0
DA:111,0
DA:112,0
DA:113,0
DA:115,0
DA:119,0
DA:130,0
DA:173,0
DA:175,0
DA:176,0
DA:177,0
DA:180,0
DA:181,0
DA:182,0
DA:183,0
DA:187,0
DA:191,0
DA:192,0
DA:194,0
DA:197,0
DA:205,0
DA:206,0
DA:207,0
DA:211,0
DA:213,0
DA:222,0
DA:224,0
DA:225,0
DA:226,0
DA:229,0
DA:232,0
DA:241,0
DA:242,0
DA:243,0
DA:244,0
DA:245,0
DA:246,0
DA:252,0
DA:253,0
DA:254,0
DA:258,0
DA:274,0
DA:277,0
DA:279,0
DA:280,0
DA:284,0
DA:286,0
DA:288,0
DA:291,0
DA:302,0
DA:305,0
DA:308,0
DA:311,0
DA:312,0
DA:316,0
DA:317,0
DA:319,0
DA:327,0
LF:100
LH:0
BRDA:35,0,0,0
BRDA:35,0,1,0
BRDA:37,1,0,0
BRDA:37,1,1,0
BRDA:42,2,0,0
BRDA:42,2,1,0
BRDA:67,3,0,0
BRDA:67,3,1,0
BRDA:67,3,2,0
BRDA:67,3,3,0
BRDA:67,3,4,0
BRDA:69,4,0,0
BRDA:69,4,1,0
BRDA:69,5,0,0
BRDA:69,5,1,0
BRDA:76,6,0,0
BRDA:76,6,1,0
BRDA:79,7,0,0
BRDA:79,7,1,0
BRDA:82,8,0,0
BRDA:82,8,1,0
BRDA:89,9,0,0
BRDA:89,9,1,0
BRDA:89,10,0,0
BRDA:89,10,1,0
BRDA:96,11,0,0
BRDA:96,11,1,0
BRDA:99,12,0,0
BRDA:99,12,1,0
BRDA:101,13,0,0
BRDA:101,13,1,0
BRDA:103,14,0,0
BRDA:103,14,1,0
BRDA:105,15,0,0
BRDA:105,15,1,0
BRDA:111,16,0,0
BRDA:111,16,1,0
BRDA:111,17,0,0
BRDA:111,17,1,0
BRDA:181,18,0,0
BRDA:181,18,1,0
BRDA:187,19,0,0
BRDA:187,19,1,0
BRDA:224,20,0,0
BRDA:224,20,1,0
BRDA:244,21,0,0
BRDA:244,21,1,0
BRDA:253,22,0,0
BRDA:253,22,1,0
BRDA:253,23,0,0
BRDA:253,23,1,0
BRDA:260,24,0,0
BRDA:260,24,1,0
BRDA:260,24,2,0
BRDA:279,25,0,0
BRDA:279,25,1,0
BRDA:286,26,0,0
BRDA:286,26,1,0
BRDA:311,27,0,0
BRDA:311,27,1,0
BRDA:311,28,0,0
BRDA:311,28,1,0
BRF:62
BRH:0
end_of_record
TN:
SF:server/routes.ts
FN:30,(anonymous_0)
FN:32,(anonymous_1)
FN:37,(anonymous_2)
FN:54,checkAndAwardBadges
FN:59,(anonymous_4)
FN:84,(anonymous_5)
FN:156,registerRoutes
FN:165,(anonymous_7)
FN:198,(anonymous_8)
FN:211,(anonymous_9)
FN:212,(anonymous_10)
FN:218,(anonymous_11)
FN:250,(anonymous_12)
FN:270,(anonymous_13)
FN:271,(anonymous_14)
FN:277,(anonymous_15)
FN:282,(anonymous_16)
FN:338,(anonymous_17)
FN:351,(anonymous_18)
FN:352,(anonymous_19)
FN:358,(anonymous_20)
FN:414,(anonymous_21)
FN:428,(anonymous_22)
FN:435,(anonymous_23)
FN:457,(anonymous_24)
FN:486,(anonymous_25)
FN:517,(anonymous_26)
FN:526,(anonymous_27)
FN:539,(anonymous_28)
FN:566,(anonymous_29)
FN:580,(anonymous_30)
FN:647,(anonymous_31)
FN:670,(anonymous_32)
FN:746,(anonymous_33)
FN:860,shuffleArray
FN:869,(anonymous_35)
FN:888,(anonymous_36)
FN:981,(anonymous_37)
FN:981,(anonymous_38)
FN:1039,(anonymous_39)
FN:1052,(anonymous_40)
FN:1065,(anonymous_41)
FN:1180,(anonymous_42)
FN:1186,(anonymous_43)
FN:1209,(anonymous_44)
FN:1215,(anonymous_45)
FN:1223,(anonymous_46)
FN:1231,(anonymous_47)
FN:1240,(anonymous_48)
FN:1289,(anonymous_49)
FN:1290,(anonymous_50)
FN:1291,(anonymous_51)
FN:1292,(anonymous_52)
FN:1293,(anonymous_53)
FN:1294,(anonymous_54)
FN:1295,(anonymous_55)
FN:1296,(anonymous_56)
FN:1317,(anonymous_57)
FN:1318,(anonymous_58)
FN:1319,(anonymous_59)
FN:1320,(anonymous_60)
FN:1321,(anonymous_61)
FN:1322,(anonymous_62)
FN:1329,(anonymous_63)
FN:1363,(anonymous_64)
FN:1397,(anonymous_65)
FN:1408,(anonymous_66)
FN:1417,(anonymous_67)
FN:1418,(anonymous_68)
FN:1427,(anonymous_69)
FN:1441,(anonymous_70)
FN:1467,(anonymous_71)
FN:1539,(anonymous_72)
FN:1571,(anonymous_73)
FN:1572,(anonymous_74)
FN:1574,(anonymous_75)
FN:1581,(anonymous_76)
FN:1593,(anonymous_77)
FN:1628,(anonymous_78)
FN:1635,(anonymous_79)
FN:1656,(anonymous_80)
FN:1666,(anonymous_81)
FN:1680,(anonymous_82)
FN:1692,(anonymous_83)
FN:1723,(anonymous_84)
FN:1737,(anonymous_85)
FN:1747,(anonymous_86)
FN:1757,(anonymous_87)
FN:1769,(anonymous_88)
FN:1787,(anonymous_89)
FN:1807,(anonymous_90)
FN:1816,(anonymous_91)
FN:1825,(anonymous_92)
FN:1834,(anonymous_93)
FN:1855,(anonymous_94)
FN:1856,(anonymous_95)
FN:1858,(anonymous_96)
FN:1882,(anonymous_97)
FN:1891,(anonymous_98)
FN:1929,(anonymous_99)
FN:1956,(anonymous_100)
FN:1965,(anonymous_101)
FN:1974,(anonymous_102)
FN:1980,(anonymous_103)
FN:2001,(anonymous_104)
FN:2086,(anonymous_105)
FN:2097,(anonymous_106)
FN:2138,(anonymous_107)
FN:2142,(anonymous_108)
FN:2146,(anonymous_109)
FN:2151,(anonymous_110)
FN:2163,(anonymous_111)
FN:2186,(anonymous_112)
FN:2200,(anonymous_113)
FN:2213,(anonymous_114)
FN:2225,(anonymous_115)
FN:2253,(anonymous_116)
FN:2267,(anonymous_117)
FN:2282,(anonymous_118)
FN:2287,(anonymous_119)
FN:2289,(anonymous_120)
FN:2303,(anonymous_121)
FN:2328,(anonymous_122)
FNF:123
FNH:0
FNDA:0,(anonymous_0)
FNDA:0,(anonymous_1)
FNDA:0,(anonymous_2)
FNDA:0,checkAndAwardBadges
FNDA:0,(anonymous_4)
FNDA:0,(anonymous_5)
FNDA:0,registerRoutes
FNDA:0,(anonymous_7)
FNDA:0,(anonymous_8)
FNDA:0,(anonymous_9)
FNDA:0,(anonymous_10)
FNDA:0,(anonymous_11)
FNDA:0,(anonymous_12)
FNDA:0,(anonymous_13)
FNDA:0,(anonymous_14)
FNDA:0,(anonymous_15)
FNDA:0,(anonymous_16)
FNDA:0,(anonymous_17)
FNDA:0,(anonymous_18)
FNDA:0,(anonymous_19)
FNDA:0,(anonymous_20)
FNDA:0,(anonymous_21)
FNDA:0,(anonymous_22)
FNDA:0,(anonymous_23)
FNDA:0,(anonymous_24)
FNDA:0,(anonymous_25)
FNDA:0,(anonymous_26)
FNDA:0,(anonymous_27)
FNDA:0,(anonymous_28)
FNDA:0,(anonymous_29)
FNDA:0,(anonymous_30)
FNDA:0,(anonymous_31)
FNDA:0,(anonymous_32)
FNDA:0,(anonymous_33)
FNDA:0,shuffleArray
FNDA:0,(anonymous_35)
FNDA:0,(anonymous_36)
FNDA:0,(anonymous_37)
FNDA:0,(anonymous_38)
FNDA:0,(anonymous_39)
FNDA:0,(anonymous_40)
FNDA:0,(anonymous_41)
FNDA:0,(anonymous_42)
FNDA:0,(anonymous_43)
FNDA:0,(anonymous_44)
FNDA:0,(anonymous_45)
FNDA:0,(anonymous_46)
FNDA:0,(anonymous_47)
FNDA:0,(anonymous_48)
FNDA:0,(anonymous_49)
FNDA:0,(anonymous_50)
FNDA:0,(anonymous_51)
FNDA:0,(anonymous_52)
FNDA:0,(anonymous_53)
FNDA:0,(anonymous_54)
FNDA:0,(anonymous_55)
FNDA:0,(anonymous_56)
FNDA:0,(anonymous_57)
FNDA:0,(anonymous_58)
FNDA:0,(anonymous_59)
FNDA:0,(anonymous_60)
FNDA:0,(anonymous_61)
FNDA:0,(anonymous_62)
FNDA:0,(anonymous_63)
FNDA:0,(anonymous_64)
FNDA:0,(anonymous_65)
FNDA:0,(anonymous_66)
FNDA:0,(anonymous_67)
FNDA:0,(anonymous_68)
FNDA:0,(anonymous_69)
FNDA:0,(anonymous_70)
FNDA:0,(anonymous_71)
FNDA:0,(anonymous_72)
FNDA:0,(anonymous_73)
FNDA:0,(anonymous_74)
FNDA:0,(anonymous_75)
FNDA:0,(anonymous_76)
FNDA:0,(anonymous_77)
FNDA:0,(anonymous_78)
FNDA:0,(anonymous_79)
FNDA:0,(anonymous_80)
FNDA:0,(anonymous_81)
FNDA:0,(anonymous_82)
FNDA:0,(anonymous_83)
FNDA:0,(anonymous_84)
FNDA:0,(anonymous_85)
FNDA:0,(anonymous_86)
FNDA:0,(anonymous_87)
FNDA:0,(anonymous_88)
FNDA:0,(anonymous_89)
FNDA:0,(anonymous_90)
FNDA:0,(anonymous_91)
FNDA:0,(anonymous_92)
FNDA:0,(anonymous_93)
FNDA:0,(anonymous_94)
FNDA:0,(anonymous_95)
FNDA:0,(anonymous_96)
FNDA:0,(anonymous_97)
FNDA:0,(anonymous_98)
FNDA:0,(anonymous_99)
FNDA:0,(anonymous_100)
FNDA:0,(anonymous_101)
FNDA:0,(anonymous_102)
FNDA:0,(anonymous_103)
FNDA:0,(anonymous_104)
FNDA:0,(anonymous_105)
FNDA:0,(anonymous_106)
FNDA:0,(anonymous_107)
FNDA:0,(anonymous_108)
FNDA:0,(anonymous_109)
FNDA:0,(anonymous_110)
FNDA:0,(anonymous_111)
FNDA:0,(anonymous_112)
FNDA:0,(anonymous_113)
FNDA:0,(anonymous_114)
FNDA:0,(anonymous_115)
FNDA:0,(anonymous_116)
FNDA:0,(anonymous_117)
FNDA:0,(anonymous_118)
FNDA:0,(anonymous_119)
FNDA:0,(anonymous_120)
FNDA:0,(anonymous_121)
FNDA:0,(anonymous_122)
DA:18,0
DA:27,0
DA:30,0
DA:31,0
DA:32,0
DA:33,0
DA:34,0
DA:37,0
DA:38,0
DA:39,0
DA:40,0
DA:48,0
DA:55,0
DA:56,0
DA:58,0
DA:59,0
DA:60,0
DA:62,0
DA:66,0
DA:67,0
DA:68,0
DA:69,0
DA:74,0
DA:75,0
DA:76,0
DA:77,0
DA:82,0
DA:83,0
DA:84,0
DA:85,0
DA:90,0
DA:91,0
DA:92,0
DA:97,0
DA:98,0
DA:99,0
DA:104,0
DA:105,0
DA:106,0
DA:107,0
DA:112,0
DA:113,0
DA:114,0
DA:115,0
DA:120,0
DA:121,0
DA:122,0
DA:127,0
DA:128,0
DA:129,0
DA:135,0
DA:136,0
DA:137,0
DA:138,0
DA:140,0
DA:141,0
DA:142,0
DA:144,0
DA:151,0
DA:153,0
DA:159,0
DA:160,0
DA:165,0
DA:166,0
DA:167,0
DA:168,0
DA:169,0
DA:172,0
DA:173,0
DA:176,0
DA:177,0
DA:178,0
DA:181,0
DA:182,0
DA:183,0
DA:187,0
DA:188,0
DA:198,0
DA:199,0
DA:202,0
DA:203,0
DA:206,0
DA:211,0
DA:212,0
DA:213,0
DA:214,0
DA:215,0
DA:218,0
DA:219,0
DA:222,0
DA:225,0
DA:226,0
DA:227,0
DA:231,0
DA:232,0
DA:233,0
DA:242,0
DA:243,0
DA:249,0
DA:250,0
DA:251,0
DA:252,0
DA:253,0
DA:262,0
DA:264,0
DA:270,0
DA:271,0
DA:272,0
DA:277,0
DA:278,0
DA:279,0
DA:282,0
DA:283,0
DA:284,0
DA:285,0
DA:286,0
DA:289,0
DA:290,0
DA:293,0
DA:296,0
DA:308,0
DA:309,0
DA:310,0
DA:313,0
DA:314,0
DA:317,0
DA:318,0
DA:320,0
DA:323,0
DA:325,0
DA:327,0
DA:338,0
DA:339,0
DA:340,0
DA:341,0
DA:343,0
DA:346,0
DA:347,0
DA:351,0
DA:352,0
DA:353,0
DA:358,0
DA:359,0
DA:360,0
DA:361,0
DA:362,0
DA:365,0
DA:366,0
DA:369,0
DA:372,0
DA:384,0
DA:385,0
DA:386,0
DA:389,0
DA:390,0
DA:393,0
DA:394,0
DA:396,0
DA:399,0
DA:401,0
DA:403,0
DA:414,0
DA:415,0
DA:416,0
DA:417,0
DA:419,0
DA:422,0
DA:423,0
DA:428,0
DA:429,0
DA:430,0
DA:431,0
DA:435,0
DA:436,0
DA:437,0
DA:438,0
DA:440,0
DA:445,0
DA:446,0
DA:449,0
DA:450,0
DA:452,0
DA:457,0
DA:458,0
DA:459,0
DA:461,0
DA:462,0
DA:465,0
DA:466,0
DA:467,0
DA:470,0
DA:471,0
DA:473,0
DA:475,0
DA:477,0
DA:479,0
DA:481,0
DA:486,0
DA:487,0
DA:488,0
DA:490,0
DA:491,0
DA:494,0
DA:495,0
DA:496,0
DA:499,0
DA:500,0
DA:501,0
DA:504,0
DA:505,0
DA:507,0
DA:509,0
DA:511,0
DA:517,0
DA:518,0
DA:519,0
DA:520,0
DA:522,0
DA:526,0
DA:527,0
DA:528,0
DA:529,0
DA:530,0
DA:532,0
DA:534,0
DA:539,0
DA:540,0
DA:541,0
DA:542,0
DA:544,0
DA:545,0
DA:548,0
DA:553,0
DA:554,0
DA:557,0
DA:558,0
DA:560,0
DA:566,0
DA:567,0
DA:568,0
DA:569,0
DA:573,0
DA:575,0
DA:580,0
DA:581,0
DA:582,0
DA:583,0
DA:585,0
DA:587,0
DA:590,0
DA:593,0
DA:595,0
DA:596,0
DA:597,0
DA:599,0
DA:600,0
DA:607,0
DA:608,0
DA:609,0
DA:610,0
DA:612,0
DA:613,0
DA:616,0
DA:622,0
DA:625,0
DA:626,0
DA:627,0
DA:633,0
DA:635,0
DA:636,0
DA:639,0
DA:641,0
DA:642,0
DA:643,0
DA:647,0
DA:648,0
DA:649,0
DA:650,0
DA:657,0
DA:660,0
DA:661,0
DA:662,0
DA:663,0
DA:666,0
DA:667,0
DA:669,0
DA:670,0
DA:672,0
DA:675,0
DA:676,0
DA:677,0
DA:678,0
DA:680,0
DA:682,0
DA:686,0
DA:699,0
DA:705,0
DA:708,0
DA:710,0
DA:711,0
DA:712,0
DA:713,0
DA:714,0
DA:715,0
DA:716,0
DA:717,0
DA:718,0
DA:720,0
DA:738,0
DA:740,0
DA:741,0
DA:746,0
DA:747,0
DA:748,0
DA:749,0
DA:750,0
DA:753,0
DA:755,0
DA:756,0
DA:761,0
DA:764,0
DA:765,0
DA:767,0
DA:768,0
DA:771,0
DA:772,0
DA:773,0
DA:774,0
DA:776,0
DA:777,0
DA:778,0
DA:783,0
DA:786,0
DA:787,0
DA:789,0
DA:791,0
DA:792,0
DA:793,0
DA:795,0
DA:799,0
DA:802,0
DA:803,0
DA:805,0
DA:806,0
DA:807,0
DA:808,0
DA:812,0
DA:813,0
DA:816,0
DA:817,0
DA:819,0
DA:821,0
DA:822,0
DA:823,0
DA:824,0
DA:828,0
DA:835,0
DA:836,0
DA:838,0
DA:840,0
DA:843,0
DA:854,0
DA:855,0
DA:861,0
DA:862,0
DA:863,0
DA:864,0
DA:866,0
DA:869,0
DA:870,0
DA:871,0
DA:872,0
DA:873,0
DA:876,0
DA:879,0
DA:881,0
DA:883,0
DA:888,0
DA:889,0
DA:890,0
DA:891,0
DA:893,0
DA:894,0
DA:897,0
DA:898,0
DA:901,0
DA:902,0
DA:904,0
DA:905,0
DA:906,0
DA:907,0
DA:909,0
DA:918,0
DA:919,0
DA:922,0
DA:934,0
DA:935,0
DA:942,0
DA:943,0
DA:944,0
DA:945,0
DA:947,0
DA:954,0
DA:955,0
DA:964,0
DA:965,0
DA:966,0
DA:967,0
DA:968,0
DA:969,0
DA:970,0
DA:973,0
DA:974,0
DA:975,0
DA:981,0
DA:985,0
DA:986,0
DA:987,0
DA:988,0
DA:989,0
DA:990,0
DA:991,0
DA:992,0
DA:995,0
DA:998,0
DA:1009,0
DA:1012,0
DA:1013,0
DA:1014,0
DA:1015,0
DA:1016,0
DA:1018,0
DA:1023,0
DA:1033,0
DA:1039,0
DA:1040,0
DA:1041,0
DA:1042,0
DA:1046,0
DA:1048,0
DA:1052,0
DA:1053,0
DA:1054,0
DA:1055,0
DA:1056,0
DA:1058,0
DA:1060,0
DA:1065,0
DA:1066,0
DA:1067,0
DA:1068,0
DA:1070,0
DA:1071,0
DA:1074,0
DA:1077,0
DA:1080,0
DA:1081,0
DA:1082,0
DA:1086,0
DA:1092,0
DA:1093,0
DA:1095,0
DA:1105,0
DA:1106,0
DA:1116,0
DA:1117,0
DA:1118,0
DA:1119,0
DA:1120,0
DA:1122,0
DA:1123,0
DA:1124,0
DA:1125,0
DA:1126,0
DA:1128,0
DA:1135,0
DA:1136,0
DA:1137,0
DA:1146,0
DA:1147,0
DA:1148,0
DA:1160,0
DA:1162,0
DA:1174,0
DA:1180,0
DA:1181,0
DA:1182,0
DA:1185,0
DA:1187,0
DA:1188,0
DA:1200,0
DA:1202,0
DA:1209,0
DA:1210,0
DA:1211,0
DA:1212,0
DA:1213,0
DA:1214,0
DA:1215,0
DA:1216,0
DA:1218,0
DA:1223,0
DA:1224,0
DA:1225,0
DA:1227,0
DA:1228,0
DA:1229,0
DA:1230,0
DA:1231,0
DA:1232,0
DA:1234,0
DA:1240,0
DA:1241,0
DA:1242,0
DA:1244,0
DA:1245,0
DA:1248,0
DA:1250,0
DA:1251,0
DA:1255,0
DA:1256,0
DA:1264,0
DA:1265,0
DA:1267,0
DA:1269,0
DA:1271,0
DA:1274,0
DA:1275,0
DA:1276,0
DA:1277,0
DA:1278,0
DA:1280,0
DA:1281,0
DA:1282,0
DA:1288,0
DA:1289,0
DA:1290,0
DA:1291,0
DA:1292,0
DA:1293,0
DA:1294,0
DA:1295,0
DA:1296,0
DA:1303,0
DA:1304,0
DA:1305,0
DA:1306,0
DA:1307,0
DA:1308,0
DA:1311,0
DA:1313,0
DA:1315,0
DA:1316,0
DA:1317,0
DA:1318,0
DA:1319,0
DA:1320,0
DA:1321,0
DA:1322,0
DA:1325,0
DA:1327,0
DA:1329,0
DA:1337,0
DA:1339,0
DA:1340,0
DA:1341,0
DA:1342,0
DA:1343,0
DA:1344,0
DA:1345,0
DA:1347,0
DA:1350,0
DA:1352,0
DA:1353,0
DA:1355,0
DA:1357,0
DA:1358,0
DA:1359,0
DA:1361,0
DA:1363,0
DA:1373,0
DA:1379,0
DA:1381,0
DA:1390,0
DA:1391,0
DA:1397,0
DA:1398,0
DA:1399,0
DA:1400,0
DA:1401,0
DA:1402,0
DA:1404,0
DA:1408,0
DA:1409,0
DA:1410,0
DA:1411,0
DA:1414,0
DA:1417,0
DA:1418,0
DA:1421,0
DA:1422,0
DA:1425,0
DA:1426,0
DA:1427,0
DA:1428,0
DA:1439,0
DA:1440,0
DA:1441,0
DA:1442,0
DA:1453,0
DA:1454,0
DA:1455,0
DA:1457,0
DA:1463,0
DA:1467,0
DA:1468,0
DA:1469,0
DA:1470,0
DA:1471,0
DA:1473,0
DA:1474,0
DA:1475,0
DA:1476,0
DA:1477,0
DA:1478,0
DA:1479,0
DA:1482,0
DA:1483,0
DA:1484,0
DA:1485,0
DA:1496,0
DA:1497,0
DA:1498,0
DA:1499,0
DA:1500,0
DA:1501,0
DA:1502,0
DA:1503,0
DA:1504,0
DA:1505,0
DA:1508,0
DA:1511,0
DA:1514,0
DA:1522,0
DA:1529,0
DA:1536,0
DA:1537,0
DA:1539,0
DA:1540,0
DA:1541,0
DA:1542,0
DA:1543,0
DA:1546,0
DA:1547,0
DA:1548,0
DA:1552,0
DA:1553,0
DA:1556,0
DA:1557,0
DA:1558,0
DA:1559,0
DA:1560,0
DA:1562,0
DA:1563,0
DA:1564,0
DA:1570,0
DA:1571,0
DA:1572,0
DA:1574,0
DA:1581,0
DA:1582,0
DA:1584,0
DA:1585,0
DA:1588,0
DA:1589,0
DA:1592,0
DA:1593,0
DA:1594,0
DA:1595,0
DA:1599,0
DA:1600,0
DA:1602,0
DA:1605,0
DA:1606,0
DA:1615,0
DA:1616,0
DA:1618,0
DA:1619,0
DA:1620,0
DA:1623,0
DA:1628,0
DA:1629,0
DA:1630,0
DA:1631,0
DA:1634,0
DA:1636,0
DA:1637,0
DA:1638,0
DA:1642,0
DA:1645,0
DA:1646,0
DA:1647,0
DA:1649,0
DA:1651,0
DA:1656,0
DA:1657,0
DA:1658,0
DA:1659,0
DA:1661,0
DA:1666,0
DA:1667,0
DA:1668,0
DA:1669,0
DA:1670,0
DA:1672,0
DA:1673,0
DA:1675,0
DA:1680,0
DA:1681,0
DA:1682,0
DA:1683,0
DA:1684,0
DA:1685,0
DA:1687,0
DA:1692,0
DA:1693,0
DA:1694,0
DA:1697,0
DA:1700,0
DA:1701,0
DA:1704,0
DA:1705,0
DA:1706,0
DA:1707,0
DA:1710,0
DA:1711,0
DA:1714,0
DA:1715,0
DA:1716,0
DA:1718,0
DA:1723,0
DA:1731,0
DA:1737,0
DA:1738,0
DA:1739,0
DA:1740,0
DA:1741,0
DA:1743,0
DA:1747,0
DA:1748,0
DA:1749,0
DA:1750,0
DA:1751,0
DA:1753,0
DA:1757,0
DA:1758,0
DA:1759,0
DA:1760,0
DA:1761,0
DA:1763,0
DA:1769,0
DA:1770,0
DA:1771,0
DA:1774,0
DA:1775,0
DA:1778,0
DA:1779,0
DA:1780,0
DA:1781,0
DA:1782,0
DA:1787,0
DA:1788,0
DA:1789,0
DA:1790,0
DA:1792,0
DA:1793,0
DA:1796,0
DA:1804,0
DA:1805,0
DA:1806,0
DA:1807,0
DA:1808,0
DA:1814,0
DA:1815,0
DA:1816,0
DA:1817,0
DA:1823,0
DA:1824,0
DA:1825,0
DA:1826,0
DA:1832,0
DA:1833,0
DA:1834,0
DA:1835,0
DA:1840,0
DA:1842,0
DA:1846,0
DA:1847,0
DA:1848,0
DA:1854,0
DA:1855,0
DA:1856,0
DA:1858,0
DA:1865,0
DA:1873,0
DA:1875,0
DA:1876,0
DA:1882,0
DA:1883,0
DA:1884,0
DA:1885,0
DA:1887,0
DA:1891,0
DA:1892,0
DA:1893,0
DA:1896,0
DA:1897,0
DA:1898,0
DA:1901,0
DA:1902,0
DA:1903,0
DA:1907,0
DA:1908,0
DA:1918,0
DA:1919,0
DA:1922,0
DA:1923,0
DA:1925,0
DA:1929,0
DA:1930,0
DA:1931,0
DA:1932,0
DA:1934,0
DA:1935,0
DA:1936,0
DA:1937,0
DA:1939,0
DA:1940,0
DA:1941,0
DA:1945,0
DA:1946,0
DA:1949,0
DA:1950,0
DA:1952,0
DA:1956,0
DA:1957,0
DA:1958,0
DA:1959,0
DA:1961,0
DA:1965,0
DA:1966,0
DA:1967,0
DA:1968,0
DA:1970,0
DA:1974,0
DA:1975,0
DA:1976,0
DA:1979,0
DA:1981,0
DA:1982,0
DA:1983,0
DA:1991,0
DA:1996,0
DA:2001,0
DA:2002,0
DA:2003,0
DA:2004,0
DA:2005,0
DA:2007,0
DA:2008,0
DA:2012,0
DA:2013,0
DA:2014,0
DA:2015,0
DA:2016,0
DA:2019,0
DA:2020,0
DA:2021,0
DA:2025,0
DA:2032,0
DA:2044,0
DA:2045,0
DA:2056,0
DA:2064,0
DA:2071,0
DA:2077,0
DA:2078,0
DA:2083,0
DA:2088,0
DA:2089,0
DA:2091,0
DA:2097,0
DA:2098,0
DA:2099,0
DA:2101,0
DA:2102,0
DA:2106,0
DA:2107,0
DA:2108,0
DA:2112,0
DA:2113,0
DA:2114,0
DA:2115,0
DA:2118,0
DA:2121,0
DA:2123,0
DA:2130,0
DA:2131,0
DA:2138,0
DA:2139,0
DA:2140,0
DA:2141,0
DA:2142,0
DA:2145,0
DA:2147,0
DA:2148,0
DA:2151,0
DA:2156,0
DA:2158,0
DA:2163,0
DA:2164,0
DA:2165,0
DA:2167,0
DA:2168,0
DA:2171,0
DA:2179,0
DA:2181,0
DA:2186,0
DA:2187,0
DA:2188,0
DA:2189,0
DA:2191,0
DA:2193,0
DA:2195,0
DA:2200,0
DA:2201,0
DA:2202,0
DA:2204,0
DA:2206,0
DA:2208,0
DA:2213,0
DA:2214,0
DA:2215,0
DA:2216,0
DA:2218,0
DA:2220,0
DA:2225,0
DA:2226,0
DA:2227,0
DA:2229,0
DA:2230,0
DA:2233,0
DA:2246,0
DA:2248,0
DA:2253,0
DA:2254,0
DA:2255,0
DA:2256,0
DA:2258,0
DA:2260,0
DA:2262,0
DA:2267,0
DA:2268,0
DA:2269,0
DA:2271,0
DA:2273,0
DA:2275,0
DA:2282,0
DA:2283,0
DA:2284,0
DA:2285,0
DA:2286,0
DA:2287,0
DA:2289,0
DA:2291,0
DA:2292,0
DA:2296,0
DA:2297,0
DA:2300,0
DA:2303,0
DA:2315,0
DA:2323,0
DA:2328,0
DA:2329,0
DA:2330,0
DA:2331,0
DA:2333,0
DA:2334,0
DA:2335,0
DA:2336,0
DA:2337,0
DA:2341,0
DA:2342,0
DA:2346,0
DA:2352,0
DA:2356,0
DA:2358,0
LF:997
LH:0
BRDA:33,0,0,0
BRDA:33,0,1,0
BRDA:39,1,0,0
BRDA:39,1,1,0
BRDA:56,2,0,0
BRDA:56,2,1,0
BRDA:66,3,0,0
BRDA:66,3,1,0
BRDA:68,4,0,0
BRDA:68,4,1,0
BRDA:74,5,0,0
BRDA:74,5,1,0
BRDA:76,6,0,0
BRDA:76,6,1,0
BRDA:82,7,0,0
BRDA:82,7,1,0
BRDA:84,8,0,0
BRDA:84,8,1,0
BRDA:90,9,0,0
BRDA:90,9,1,0
BRDA:91,10,0,0
BRDA:91,10,1,0
BRDA:97,11,0,0
BRDA:97,11,1,0
BRDA:98,12,0,0
BRDA:98,12,1,0
BRDA:104,13,0,0
BRDA:104,13,1,0
BRDA:106,14,0,0
BRDA:106,14,1,0
BRDA:112,15,0,0
BRDA:112,15,1,0
BRDA:114,16,0,0
BRDA:114,16,1,0
BRDA:120,17,0,0
BRDA:120,17,1,0
BRDA:121,18,0,0
BRDA:121,18,1,0
BRDA:127,19,0,0
BRDA:127,19,1,0
BRDA:128,20,0,0
BRDA:128,20,1,0
BRDA:141,21,0,0
BRDA:141,21,1,0
BRDA:168,22,0,0
BRDA:168,22,1,0
BRDA:177,23,0,0
BRDA:177,23,1,0
BRDA:182,24,0,0
BRDA:182,24,1,0
BRDA:193,25,0,0
BRDA:193,25,1,0
BRDA:194,26,0,0
BRDA:194,26,1,0
BRDA:199,27,0,0
BRDA:199,27,1,0
BRDA:213,28,0,0
BRDA:213,28,1,0
BRDA:214,29,0,0
BRDA:214,29,1,0
BRDA:215,30,0,0
BRDA:215,30,1,0
BRDA:219,31,0,0
BRDA:219,31,1,0
BRDA:226,32,0,0
BRDA:226,32,1,0
BRDA:232,33,0,0
BRDA:232,33,1,0
BRDA:232,34,0,0
BRDA:232,34,1,0
BRDA:249,35,0,0
BRDA:249,35,1,0
BRDA:252,36,0,0
BRDA:252,36,1,0
BRDA:254,37,0,0
BRDA:254,37,1,0
BRDA:255,38,0,0
BRDA:255,38,1,0
BRDA:255,39,0,0
BRDA:255,39,1,0
BRDA:257,40,0,0
BRDA:257,40,1,0
BRDA:259,41,0,0
BRDA:259,41,1,0
BRDA:278,42,0,0
BRDA:278,42,1,0
BRDA:285,43,0,0
BRDA:285,43,1,0
BRDA:289,44,0,0
BRDA:289,44,1,0
BRDA:289,45,0,0
BRDA:289,45,1,0
BRDA:293,46,0,0
BRDA:293,46,1,0
BRDA:308,47,0,0
BRDA:308,47,1,0
BRDA:325,48,0,0
BRDA:325,48,1,0
BRDA:331,49,0,0
BRDA:331,49,1,0
BRDA:339,50,0,0
BRDA:339,50,1,0
BRDA:361,51,0,0
BRDA:361,51,1,0
BRDA:365,52,0,0
BRDA:365,52,1,0
BRDA:365,53,0,0
BRDA:365,53,1,0
BRDA:369,54,0,0
BRDA:369,54,1,0
BRDA:384,55,0,0
BRDA:384,55,1,0
BRDA:401,56,0,0
BRDA:401,56,1,0
BRDA:407,57,0,0
BRDA:407,57,1,0
BRDA:415,58,0,0
BRDA:415,58,1,0
BRDA:441,59,0,0
BRDA:441,59,1,0
BRDA:442,60,0,0
BRDA:442,60,1,0
BRDA:445,61,0,0
BRDA:445,61,1,0
BRDA:461,62,0,0
BRDA:461,62,1,0
BRDA:466,63,0,0
BRDA:466,63,1,0
BRDA:475,64,0,0
BRDA:475,64,1,0
BRDA:490,65,0,0
BRDA:490,65,1,0
BRDA:490,66,0,0
BRDA:490,66,1,0
BRDA:495,67,0,0
BRDA:495,67,1,0
BRDA:499,68,0,0
BRDA:499,68,1,0
BRDA:529,69,0,0
BRDA:529,69,1,0
BRDA:544,70,0,0
BRDA:544,70,1,0
BRDA:553,71,0,0
BRDA:553,71,1,0
BRDA:570,72,0,0
BRDA:570,72,1,0
BRDA:595,73,0,0
BRDA:595,73,1,0
BRDA:595,74,0,0
BRDA:595,74,1,0
BRDA:596,75,0,0
BRDA:596,75,1,0
BRDA:601,76,0,0
BRDA:601,76,1,0
BRDA:602,77,0,0
BRDA:602,77,1,0
BRDA:603,78,0,0
BRDA:603,78,1,0
BRDA:603,78,2,0
BRDA:607,79,0,0
BRDA:607,79,1,0
BRDA:607,80,0,0
BRDA:607,80,1,0
BRDA:612,81,0,0
BRDA:612,81,1,0
BRDA:625,82,0,0
BRDA:625,82,1,0
BRDA:628,83,0,0
BRDA:628,83,1,0
BRDA:628,83,2,0
BRDA:641,84,0,0
BRDA:641,84,1,0
BRDA:648,85,0,0
BRDA:648,85,1,0
BRDA:648,85,2,0
BRDA:649,86,0,0
BRDA:649,86,1,0
BRDA:653,87,0,0
BRDA:653,87,1,0
BRDA:660,88,0,0
BRDA:660,88,1,0
BRDA:675,89,0,0
BRDA:675,89,1,0
BRDA:676,90,0,0
BRDA:676,90,1,0
BRDA:676,91,0,0
BRDA:676,91,1,0
BRDA:680,92,0,0
BRDA:680,92,1,0
BRDA:682,93,0,0
BRDA:682,93,1,0
BRDA:682,94,0,0
BRDA:682,94,1,0
BRDA:691,95,0,0
BRDA:691,95,1,0
BRDA:693,96,0,0
BRDA:693,96,1,0
BRDA:694,97,0,0
BRDA:694,97,1,0
BRDA:717,98,0,0
BRDA:717,98,1,0
BRDA:717,99,0,0
BRDA:717,99,1,0
BRDA:723,100,0,0
BRDA:723,100,1,0
BRDA:724,101,0,0
BRDA:724,101,1,0
BRDA:726,102,0,0
BRDA:726,102,1,0
BRDA:735,103,0,0
BRDA:735,103,1,0
BRDA:735,104,0,0
BRDA:735,104,1,0
BRDA:755,105,0,0
BRDA:755,105,1,0
BRDA:772,106,0,0
BRDA:772,106,1,0
BRDA:772,107,0,0
BRDA:772,107,1,0
BRDA:772,107,2,0
BRDA:774,108,0,0
BRDA:774,108,1,0
BRDA:774,109,0,0
BRDA:774,109,1,0
BRDA:777,110,0,0
BRDA:777,110,1,0
BRDA:777,111,0,0
BRDA:777,111,1,0
BRDA:791,112,0,0
BRDA:791,112,1,0
BRDA:802,113,0,0
BRDA:802,113,1,0
BRDA:812,114,0,0
BRDA:812,114,1,0
BRDA:821,115,0,0
BRDA:821,115,1,0
BRDA:872,116,0,0
BRDA:872,116,1,0
BRDA:893,117,0,0
BRDA:893,117,1,0
BRDA:907,118,0,0
BRDA:907,118,1,0
BRDA:912,119,0,0
BRDA:912,119,1,0
BRDA:919,120,0,0
BRDA:919,120,1,0
BRDA:954,121,0,0
BRDA:954,121,1,0
BRDA:964,122,0,0
BRDA:964,122,1,0
BRDA:964,123,0,0
BRDA:964,123,1,0
BRDA:964,123,2,0
BRDA:978,124,0,0
BRDA:978,124,1,0
BRDA:985,125,0,0
BRDA:985,125,1,0
BRDA:1012,126,0,0
BRDA:1012,126,1,0
BRDA:1030,127,0,0
BRDA:1030,127,1,0
BRDA:1030,127,2,0
BRDA:1043,128,0,0
BRDA:1043,128,1,0
BRDA:1055,129,0,0
BRDA:1055,129,1,0
BRDA:1070,130,0,0
BRDA:1070,130,1,0
BRDA:1081,131,0,0
BRDA:1081,131,1,0
BRDA:1093,132,0,0
BRDA:1093,132,1,0
BRDA:1105,133,0,0
BRDA:1105,133,1,0
BRDA:1122,134,0,0
BRDA:1122,134,1,0
BRDA:1135,135,0,0
BRDA:1135,135,1,0
BRDA:1146,136,0,0
BRDA:1146,136,1,0
BRDA:1146,137,0,0
BRDA:1146,137,1,0
BRDA:1146,137,2,0
BRDA:1244,138,0,0
BRDA:1244,138,1,0
BRDA:1250,139,0,0
BRDA:1250,139,1,0
BRDA:1250,140,0,0
BRDA:1250,140,1,0
BRDA:1276,141,0,0
BRDA:1276,141,1,0
BRDA:1277,142,0,0
BRDA:1277,142,1,0
BRDA:1281,143,0,0
BRDA:1281,143,1,0
BRDA:1289,144,0,0
BRDA:1289,144,1,0
BRDA:1290,145,0,0
BRDA:1290,145,1,0
BRDA:1291,146,0,0
BRDA:1291,146,1,0
BRDA:1292,147,0,0
BRDA:1292,147,1,0
BRDA:1293,148,0,0
BRDA:1293,148,1,0
BRDA:1294,149,0,0
BRDA:1294,149,1,0
BRDA:1295,150,0,0
BRDA:1295,150,1,0
BRDA:1296,151,0,0
BRDA:1296,151,1,0
BRDA:1297,152,0,0
BRDA:1297,152,1,0
BRDA:1298,153,0,0
BRDA:1298,153,1,0
BRDA:1299,154,0,0
BRDA:1299,154,1,0
BRDA:1300,155,0,0
BRDA:1300,155,1,0
BRDA:1313,156,0,0
BRDA:1313,156,1,0
BRDA:1313,157,0,0
BRDA:1313,157,1,0
BRDA:1317,158,0,0
BRDA:1317,158,1,0
BRDA:1318,159,0,0
BRDA:1318,159,1,0
BRDA:1319,160,0,0
BRDA:1319,160,1,0
BRDA:1320,161,0,0
BRDA:1320,161,1,0
BRDA:1321,162,0,0
BRDA:1321,162,1,0
BRDA:1322,163,0,0
BRDA:1322,163,1,0
BRDA:1325,164,0,0
BRDA:1325,164,1,0
BRDA:1330,165,0,0
BRDA:1330,165,1,0
BRDA:1358,166,0,0
BRDA:1358,166,1,0
BRDA:1365,167,0,0
BRDA:1365,167,1,0
BRDA:1366,168,0,0
BRDA:1366,168,1,0
BRDA:1387,169,0,0
BRDA:1387,169,1,0
BRDA:1417,170,0,0
BRDA:1417,170,1,0
BRDA:1418,171,0,0
BRDA:1418,171,1,0
BRDA:1421,172,0,0
BRDA:1421,172,1,0
BRDA:1422,173,0,0
BRDA:1422,173,1,0
BRDA:1422,173,2,0
BRDA:1426,174,0,0
BRDA:1426,174,1,0
BRDA:1432,175,0,0
BRDA:1432,175,1,0
BRDA:1434,176,0,0
BRDA:1434,176,1,0
BRDA:1440,177,0,0
BRDA:1440,177,1,0
BRDA:1446,178,0,0
BRDA:1446,178,1,0
BRDA:1448,179,0,0
BRDA:1448,179,1,0
BRDA:1491,180,0,0
BRDA:1491,180,1,0
BRDA:1496,181,0,0
BRDA:1496,181,1,0
BRDA:1496,182,0,0
BRDA:1496,182,1,0
BRDA:1526,183,0,0
BRDA:1526,183,1,0
BRDA:1543,184,0,0
BRDA:1543,184,1,0
BRDA:1547,185,0,0
BRDA:1547,185,1,0
BRDA:1547,186,0,0
BRDA:1547,186,1,0
BRDA:1558,187,0,0
BRDA:1558,187,1,0
BRDA:1559,188,0,0
BRDA:1559,188,1,0
BRDA:1563,189,0,0
BRDA:1563,189,1,0
BRDA:1584,190,0,0
BRDA:1584,190,1,0
BRDA:1588,191,0,0
BRDA:1588,191,1,0
BRDA:1592,192,0,0
BRDA:1592,192,1,0
BRDA:1594,193,0,0
BRDA:1594,193,1,0
BRDA:1669,194,0,0
BRDA:1669,194,1,0
BRDA:1672,195,0,0
BRDA:1672,195,1,0
BRDA:1701,196,0,0
BRDA:1701,196,1,0
BRDA:1711,197,0,0
BRDA:1711,197,1,0
BRDA:1727,198,0,0
BRDA:1727,198,1,0
BRDA:1780,199,0,0
BRDA:1780,199,1,0
BRDA:1781,200,0,0
BRDA:1781,200,1,0
BRDA:1790,201,0,0
BRDA:1790,201,1,0
BRDA:1792,202,0,0
BRDA:1792,202,1,0
BRDA:1792,203,0,0
BRDA:1792,203,1,0
BRDA:1804,204,0,0
BRDA:1804,204,1,0
BRDA:1804,205,0,0
BRDA:1804,205,1,0
BRDA:1808,206,0,0
BRDA:1808,206,1,0
BRDA:1814,207,0,0
BRDA:1814,207,1,0
BRDA:1814,208,0,0
BRDA:1814,208,1,0
BRDA:1817,209,0,0
BRDA:1817,209,1,0
BRDA:1823,210,0,0
BRDA:1823,210,1,0
BRDA:1823,211,0,0
BRDA:1823,211,1,0
BRDA:1826,212,0,0
BRDA:1826,212,1,0
BRDA:1832,213,0,0
BRDA:1832,213,1,0
BRDA:1832,214,0,0
BRDA:1832,214,1,0
BRDA:1835,215,0,0
BRDA:1835,215,1,0
BRDA:1847,216,0,0
BRDA:1847,216,1,0
BRDA:1897,217,0,0
BRDA:1897,217,1,0
BRDA:1902,218,0,0
BRDA:1902,218,1,0
BRDA:1918,219,0,0
BRDA:1918,219,1,0
BRDA:1934,220,0,0
BRDA:1934,220,1,0
BRDA:1935,221,0,0
BRDA:1935,221,1,0
BRDA:1936,222,0,0
BRDA:1936,222,1,0
BRDA:1937,223,0,0
BRDA:1937,223,1,0
BRDA:1940,224,0,0
BRDA:1940,224,1,0
BRDA:1945,225,0,0
BRDA:1945,225,1,0
BRDA:1985,226,0,0
BRDA:1985,226,1,0
BRDA:1986,227,0,0
BRDA:1986,227,1,0
BRDA:2007,228,0,0
BRDA:2007,228,1,0
BRDA:2007,229,0,0
BRDA:2007,229,1,0
BRDA:2014,230,0,0
BRDA:2014,230,1,0
BRDA:2020,231,0,0
BRDA:2020,231,1,0
BRDA:2058,232,0,0
BRDA:2058,232,1,0
BRDA:2088,233,0,0
BRDA:2088,233,1,0
BRDA:2088,234,0,0
BRDA:2088,234,1,0
BRDA:2101,235,0,0
BRDA:2101,235,1,0
BRDA:2107,236,0,0
BRDA:2107,236,1,0
BRDA:2151,237,0,0
BRDA:2151,237,1,0
BRDA:2167,238,0,0
BRDA:2167,238,1,0
BRDA:2167,239,0,0
BRDA:2167,239,1,0
BRDA:2174,240,0,0
BRDA:2174,240,1,0
BRDA:2175,241,0,0
BRDA:2175,241,1,0
BRDA:2176,242,0,0
BRDA:2176,242,1,0
BRDA:2229,243,0,0
BRDA:2229,243,1,0
BRDA:2229,244,0,0
BRDA:2229,244,1,0
BRDA:2236,245,0,0
BRDA:2236,245,1,0
BRDA:2237,246,0,0
BRDA:2237,246,1,0
BRDA:2238,247,0,0
BRDA:2238,247,1,0
BRDA:2239,248,0,0
BRDA:2239,248,1,0
BRDA:2240,249,0,0
BRDA:2240,249,1,0
BRDA:2241,250,0,0
BRDA:2241,250,1,0
BRDA:2242,251,0,0
BRDA:2242,251,1,0
BRDA:2291,252,0,0
BRDA:2291,252,1,0
BRDA:2291,253,0,0
BRDA:2291,253,1,0
BRDA:2296,254,0,0
BRDA:2296,254,1,0
BRDA:2297,255,0,0
BRDA:2297,255,1,0
BRDA:2306,256,0,0
BRDA:2306,256,1,0
BRDA:2307,257,0,0
BRDA:2307,257,1,0
BRDA:2308,258,0,0
BRDA:2308,258,1,0
BRDA:2308,259,0,0
BRDA:2308,259,1,0
BRDA:2310,260,0,0
BRDA:2310,260,1,0
BRDA:2310,261,0,0
BRDA:2310,261,1,0
BRDA:2310,261,2,0
BRDA:2317,262,0,0
BRDA:2317,262,1,0
BRDA:2336,263,0,0
BRDA:2336,263,1,0
BRDA:2336,264,0,0
BRDA:2336,264,1,0
BRDA:2336,265,0,0
BRDA:2336,265,1,0
BRF:541
BRH:0
end_of_record
TN:
SF:server/storage-firestore.ts
FN:48,generateId
FN:56,serializeTimestamps
FN:74,(anonymous_2)
FN:83,(anonymous_3)
FN:89,(anonymous_4)
FN:96,(anonymous_5)
FN:100,(anonymous_6)
FN:108,(anonymous_7)
FN:116,(anonymous_8)
FN:137,(anonymous_9)
FN:143,(anonymous_10)
FN:147,(anonymous_11)
FN:190,(anonymous_12)
FN:197,(anonymous_13)
FN:211,(anonymous_14)
FN:225,(anonymous_15)
FN:232,(anonymous_16)
FN:235,(anonymous_17)
FN:238,(anonymous_18)
FN:241,(anonymous_19)
FN:248,(anonymous_20)
FN:251,(anonymous_21)
FN:254,(anonymous_22)
FN:258,(anonymous_23)
FN:260,(anonymous_24)
FN:263,(anonymous_25)
FN:270,(anonymous_26)
FN:287,(anonymous_27)
FN:289,(anonymous_28)
FN:299,(anonymous_29)
FN:317,(anonymous_30)
FN:327,(anonymous_31)
FN:334,(anonymous_32)
FN:345,(anonymous_33)
FN:376,(anonymous_34)
FN:407,(anonymous_35)
FN:443,(anonymous_36)
FN:446,(anonymous_37)
FN:450,(anonymous_38)
FN:453,(anonymous_39)
FN:459,(anonymous_40)
FN:466,(anonymous_41)
FN:471,(anonymous_42)
FN:491,(anonymous_43)
FN:494,(anonymous_44)
FN:497,(anonymous_45)
FN:514,(anonymous_46)
FN:523,(anonymous_47)
FN:542,(anonymous_48)
FN:558,(anonymous_49)
FN:561,(anonymous_50)
FN:565,(anonymous_51)
FN:568,(anonymous_52)
FN:572,(anonymous_53)
FN:575,(anonymous_54)
FN:581,(anonymous_55)
FN:588,(anonymous_56)
FN:607,(anonymous_57)
FN:618,(anonymous_58)
FN:625,(anonymous_59)
FN:629,(anonymous_60)
FN:638,(anonymous_61)
FN:649,(anonymous_62)
FN:652,(anonymous_63)
FN:656,(anonymous_64)
FN:667,(anonymous_65)
FN:670,(anonymous_66)
FN:685,(anonymous_67)
FN:691,(anonymous_68)
FN:698,(anonymous_69)
FN:701,(anonymous_70)
FN:717,(anonymous_71)
FN:736,(anonymous_72)
FN:742,(anonymous_73)
FN:748,(anonymous_74)
FN:751,(anonymous_75)
FN:771,(anonymous_76)
FN:777,(anonymous_77)
FN:787,(anonymous_78)
FN:791,(anonymous_79)
FN:798,(anonymous_80)
FN:807,(anonymous_81)
FN:824,(anonymous_82)
FN:856,(anonymous_83)
FN:867,(anonymous_84)
FN:873,(anonymous_85)
FN:882,(anonymous_86)
FN:897,(anonymous_87)
FN:901,(anonymous_88)
FN:927,(anonymous_89)
FN:932,(anonymous_90)
FN:939,(anonymous_91)
FN:945,(anonymous_92)
FN:951,(anonymous_93)
FN:959,(anonymous_94)
FN:967,(anonymous_95)
FN:979,(anonymous_96)
FN:990,(anonymous_97)
FN:1002,(anonymous_98)
FN:1015,(anonymous_99)
FN:1025,(anonymous_100)
FN:1028,(anonymous_101)
FN:1037,(anonymous_102)
FN:1043,(anonymous_103)
FN:1051,(anonymous_104)
FN:1061,(anonymous_105)
FN:1076,(anonymous_106)
FNF:107
FNH:0
FNDA:0,generateId
FNDA:0,serializeTimestamps
FNDA:0,(anonymous_2)
FNDA:0,(anonymous_3)
FNDA:0,(anonymous_4)
FNDA:0,(anonymous_5)
FNDA:0,(anonymous_6)
FNDA:0,(anonymous_7)
FNDA:0,(anonymous_8)
FNDA:0,(anonymous_9)
FNDA:0,(anonymous_10)
FNDA:0,(anonymous_11)
FNDA:0,(anonymous_12)
FNDA:0,(anonymous_13)
FNDA:0,(anonymous_14)
FNDA:0,(anonymous_15)
FNDA:0,(anonymous_16)
FNDA:0,(anonymous_17)
FNDA:0,(anonymous_18)
FNDA:0,(anonymous_19)
FNDA:0,(anonymous_20)
FNDA:0,(anonymous_21)
FNDA:0,(anonymous_22)
FNDA:0,(anonymous_23)
FNDA:0,(anonymous_24)
FNDA:0,(anonymous_25)
FNDA:0,(anonymous_26)
FNDA:0,(anonymous_27)
FNDA:0,(anonymous_28)
FNDA:0,(anonymous_29)
FNDA:0,(anonymous_30)
FNDA:0,(anonymous_31)
FNDA:0,(anonymous_32)
FNDA:0,(anonymous_33)
FNDA:0,(anonymous_34)
FNDA:0,(anonymous_35)
FNDA:0,(anonymous_36)
FNDA:0,(anonymous_37)
FNDA:0,(anonymous_38)
FNDA:0,(anonymous_39)
FNDA:0,(anonymous_40)
FNDA:0,(anonymous_41)
FNDA:0,(anonymous_42)
FNDA:0,(anonymous_43)
FNDA:0,(anonymous_44)
FNDA:0,(anonymous_45)
FNDA:0,(anonymous_46)
FNDA:0,(anonymous_47)
FNDA:0,(anonymous_48)
FNDA:0,(anonymous_49)
FNDA:0,(anonymous_50)
FNDA:0,(anonymous_51)
FNDA:0,(anonymous_52)
FNDA:0,(anonymous_53)
FNDA:0,(anonymous_54)
FNDA:0,(anonymous_55)
FNDA:0,(anonymous_56)
FNDA:0,(anonymous_57)
FNDA:0,(anonymous_58)
FNDA:0,(anonymous_59)
FNDA:0,(anonymous_60)
FNDA:0,(anonymous_61)
FNDA:0,(anonymous_62)
FNDA:0,(anonymous_63)
FNDA:0,(anonymous_64)
FNDA:0,(anonymous_65)
FNDA:0,(anonymous_66)
FNDA:0,(anonymous_67)
FNDA:0,(anonymous_68)
FNDA:0,(anonymous_69)
FNDA:0,(anonymous_70)
FNDA:0,(anonymous_71)
FNDA:0,(anonymous_72)
FNDA:0,(anonymous_73)
FNDA:0,(anonymous_74)
FNDA:0,(anonymous_75)
FNDA:0,(anonymous_76)
FNDA:0,(anonymous_77)
FNDA:0,(anonymous_78)
FNDA:0,(anonymous_79)
FNDA:0,(anonymous_80)
FNDA:0,(anonymous_81)
FNDA:0,(anonymous_82)
FNDA:0,(anonymous_83)
FNDA:0,(anonymous_84)
FNDA:0,(anonymous_85)
FNDA:0,(anonymous_86)
FNDA:0,(anonymous_87)
FNDA:0,(anonymous_88)
FNDA:0,(anonymous_89)
FNDA:0,(anonymous_90)
FNDA:0,(anonymous_91)
FNDA:0,(anonymous_92)
FNDA:0,(anonymous_93)
FNDA:0,(anonymous_94)
FNDA:0,(anonymous_95)
FNDA:0,(anonymous_96)
FNDA:0,(anonymous_97)
FNDA:0,(anonymous_98)
FNDA:0,(anonymous_99)
FNDA:0,(anonymous_100)
FNDA:0,(anonymous_101)
FNDA:0,(anonymous_102)
FNDA:0,(anonymous_103)
FNDA:0,(anonymous_104)
FNDA:0,(anonymous_105)
FNDA:0,(anonymous_106)
DA:49,0
DA:57,0
DA:59,0
DA:61,0
DA:62,0
DA:65,0
DA:66,0
DA:67,0
DA:70,0
DA:71,0
DA:74,0
DA:75,0
DA:80,0
DA:85,0
DA:86,0
DA:90,0
DA:91,0
DA:92,0
DA:93,0
DA:97,0
DA:101,0
DA:102,0
DA:103,0
DA:104,0
DA:105,0
DA:109,0
DA:110,0
DA:111,0
DA:112,0
DA:113,0
DA:117,0
DA:118,0
DA:133,0
DA:134,0
DA:138,0
DA:139,0
DA:140,0
DA:144,0
DA:148,0
DA:149,0
DA:151,0
DA:152,0
DA:153,0
DA:156,0
DA:157,0
DA:159,0
DA:161,0
DA:163,0
DA:164,0
DA:165,0
DA:167,0
DA:169,0
DA:170,0
DA:172,0
DA:175,0
DA:180,0
DA:182,0
DA:191,0
DA:192,0
DA:193,0
DA:194,0
DA:198,0
DA:199,0
DA:200,0
DA:203,0
DA:204,0
DA:211,0
DA:212,0
DA:214,0
DA:218,0
DA:226,0
DA:227,0
DA:228,0
DA:230,0
DA:231,0
DA:232,0
DA:236,0
DA:237,0
DA:238,0
DA:242,0
DA:243,0
DA:244,0
DA:246,0
DA:247,0
DA:248,0
DA:252,0
DA:253,0
DA:254,0
DA:259,0
DA:260,0
DA:264,0
DA:265,0
DA:266,0
DA:267,0
DA:271,0
DA:272,0
DA:282,0
DA:283,0
DA:288,0
DA:289,0
DA:292,0
DA:298,0
DA:299,0
DA:301,0
DA:302,0
DA:303,0
DA:304,0
DA:306,0
DA:309,0
DA:310,0
DA:311,0
DA:313,0
DA:317,0
DA:318,0
DA:319,0
DA:320,0
DA:323,0
DA:324,0
DA:328,0
DA:329,0
DA:330,0
DA:331,0
DA:335,0
DA:336,0
DA:341,0
DA:342,0
DA:347,0
DA:361,0
DA:362,0
DA:363,0
DA:364,0
DA:365,0
DA:378,0
DA:379,0
DA:380,0
DA:381,0
DA:382,0
DA:385,0
DA:386,0
DA:387,0
DA:389,0
DA:390,0
DA:391,0
DA:392,0
DA:393,0
DA:394,0
DA:395,0
DA:397,0
DA:402,0
DA:403,0
DA:404,0
DA:409,0
DA:415,0
DA:417,0
DA:419,0
DA:420,0
DA:423,0
DA:424,0
DA:430,0
DA:433,0
DA:434,0
DA:435,0
DA:437,0
DA:439,0
DA:445,0
DA:446,0
DA:449,0
DA:450,0
DA:452,0
DA:453,0
DA:456,0
DA:460,0
DA:461,0
DA:462,0
DA:463,0
DA:467,0
DA:468,0
DA:472,0
DA:473,0
DA:485,0
DA:486,0
DA:492,0
DA:493,0
DA:494,0
DA:498,0
DA:499,0
DA:510,0
DA:511,0
DA:515,0
DA:516,0
DA:517,0
DA:519,0
DA:524,0
DA:525,0
DA:537,0
DA:538,0
DA:543,0
DA:544,0
DA:554,0
DA:555,0
DA:559,0
DA:560,0
DA:561,0
DA:567,0
DA:568,0
DA:571,0
DA:572,0
DA:574,0
DA:575,0
DA:578,0
DA:582,0
DA:583,0
DA:584,0
DA:585,0
DA:589,0
DA:590,0
DA:603,0
DA:604,0
DA:608,0
DA:609,0
DA:614,0
DA:615,0
DA:620,0
DA:624,0
DA:625,0
DA:628,0
DA:630,0
DA:631,0
DA:632,0
DA:639,0
DA:640,0
DA:645,0
DA:646,0
DA:650,0
DA:651,0
DA:652,0
DA:657,0
DA:658,0
DA:660,0
DA:666,0
DA:667,0
DA:671,0
DA:672,0
DA:681,0
DA:682,0
DA:686,0
DA:687,0
DA:692,0
DA:693,0
DA:694,0
DA:696,0
DA:697,0
DA:698,0
DA:702,0
DA:703,0
DA:712,0
DA:713,0
DA:723,0
DA:724,0
DA:732,0
DA:733,0
DA:739,0
DA:743,0
DA:747,0
DA:748,0
DA:750,0
DA:753,0
DA:754,0
DA:755,0
DA:759,0
DA:760,0
DA:761,0
DA:762,0
DA:764,0
DA:769,0
DA:771,0
DA:773,0
DA:774,0
DA:778,0
DA:780,0
DA:785,0
DA:786,0
DA:787,0
DA:788,0
DA:791,0
DA:793,0
DA:794,0
DA:799,0
DA:800,0
DA:801,0
DA:802,0
DA:803,0
DA:804,0
DA:814,0
DA:815,0
DA:820,0
DA:821,0
DA:836,0
DA:837,0
DA:845,0
DA:846,0
DA:847,0
DA:848,0
DA:850,0
DA:851,0
DA:853,0
DA:863,0
DA:864,0
DA:869,0
DA:870,0
DA:871,0
DA:873,0
DA:876,0
DA:879,0
DA:893,0
DA:894,0
DA:898,0
DA:903,0
DA:904,0
DA:906,0
DA:911,0
DA:912,0
DA:913,0
DA:916,0
DA:917,0
DA:918,0
DA:919,0
DA:920,0
DA:928,0
DA:929,0
DA:930,0
DA:932,0
DA:940,0
DA:941,0
DA:942,0
DA:944,0
DA:946,0
DA:947,0
DA:948,0
DA:949,0
DA:951,0
DA:956,0
DA:959,0
DA:964,0
DA:969,0
DA:970,0
DA:972,0
DA:973,0
DA:976,0
DA:980,0
DA:981,0
DA:983,0
DA:984,0
DA:987,0
DA:991,0
DA:992,0
DA:994,0
DA:996,0
DA:997,0
DA:998,0
DA:1003,0
DA:1004,0
DA:1016,0
DA:1017,0
DA:1024,0
DA:1025,0
DA:1029,0
DA:1030,0
DA:1032,0
DA:1033,0
DA:1038,0
DA:1039,0
DA:1040,0
DA:1042,0
DA:1043,0
DA:1044,0
DA:1047,0
DA:1052,0
DA:1053,0
DA:1062,0
DA:1063,0
DA:1065,0
DA:1067,0
DA:1068,0
DA:1077,0
DA:1078,0
DA:1082,0
LF:387
LH:0
BRDA:57,0,0,0
BRDA:57,0,1,0
BRDA:65,1,0,0
BRDA:65,1,1,0
BRDA:65,2,0,0
BRDA:65,2,1,0
BRDA:65,2,2,0
BRDA:65,2,3,0
BRDA:67,3,0,0
BRDA:67,3,1,0
BRDA:69,4,0,0
BRDA:69,4,1,0
BRDA:69,4,2,0
BRDA:71,5,0,0
BRDA:71,5,1,0
BRDA:75,6,0,0
BRDA:75,6,1,0
BRDA:92,7,0,0
BRDA:92,7,1,0
BRDA:103,8,0,0
BRDA:103,8,1,0
BRDA:111,9,0,0
BRDA:111,9,1,0
BRDA:124,10,0,0
BRDA:124,10,1,0
BRDA:125,11,0,0
BRDA:125,11,1,0
BRDA:149,12,0,0
BRDA:149,12,1,0
BRDA:159,13,0,0
BRDA:159,13,1,0
BRDA:163,14,0,0
BRDA:163,14,1,0
BRDA:167,15,0,0
BRDA:167,15,1,0
BRDA:169,16,0,0
BRDA:169,16,1,0
BRDA:170,17,0,0
BRDA:170,17,1,0
BRDA:172,18,0,0
BRDA:172,18,1,0
BRDA:191,19,0,0
BRDA:191,19,1,0
BRDA:192,20,0,0
BRDA:192,20,1,0
BRDA:193,21,0,0
BRDA:193,21,1,0
BRDA:199,22,0,0
BRDA:199,22,1,0
BRDA:212,23,0,0
BRDA:212,23,1,0
BRDA:214,24,0,0
BRDA:214,24,1,0
BRDA:221,25,0,0
BRDA:221,25,1,0
BRDA:227,26,0,0
BRDA:227,26,1,0
BRDA:235,27,0,0
BRDA:243,28,0,0
BRDA:243,28,1,0
BRDA:251,29,0,0
BRDA:266,30,0,0
BRDA:266,30,1,0
BRDA:301,31,0,0
BRDA:301,31,1,0
BRDA:302,32,0,0
BRDA:302,32,1,0
BRDA:309,33,0,0
BRDA:309,33,1,0
BRDA:318,34,0,0
BRDA:318,34,1,0
BRDA:319,35,0,0
BRDA:319,35,1,0
BRDA:330,36,0,0
BRDA:330,36,1,0
BRDA:363,37,0,0
BRDA:363,37,1,0
BRDA:380,38,0,0
BRDA:380,38,1,0
BRDA:380,39,0,0
BRDA:380,39,1,0
BRDA:393,40,0,0
BRDA:393,40,1,0
BRDA:417,41,0,0
BRDA:417,41,1,0
BRDA:449,42,0,0
BRDA:449,42,1,0
BRDA:450,43,0,0
BRDA:450,43,1,0
BRDA:452,44,0,0
BRDA:452,44,1,0
BRDA:462,45,0,0
BRDA:462,45,1,0
BRDA:468,46,0,0
BRDA:468,46,1,0
BRDA:478,47,0,0
BRDA:478,47,1,0
BRDA:479,48,0,0
BRDA:479,48,1,0
BRDA:480,49,0,0
BRDA:480,49,1,0
BRDA:481,50,0,0
BRDA:481,50,1,0
BRDA:482,51,0,0
BRDA:482,51,1,0
BRDA:506,52,0,0
BRDA:506,52,1,0
BRDA:507,53,0,0
BRDA:507,53,1,0
BRDA:533,54,0,0
BRDA:533,54,1,0
BRDA:534,55,0,0
BRDA:534,55,1,0
BRDA:551,56,0,0
BRDA:551,56,1,0
BRDA:571,57,0,0
BRDA:571,57,1,0
BRDA:572,58,0,0
BRDA:572,58,1,0
BRDA:574,59,0,0
BRDA:574,59,1,0
BRDA:584,60,0,0
BRDA:584,60,1,0
BRDA:595,61,0,0
BRDA:595,61,1,0
BRDA:596,62,0,0
BRDA:596,62,1,0
BRDA:597,63,0,0
BRDA:597,63,1,0
BRDA:618,64,0,0
BRDA:630,65,0,0
BRDA:630,65,1,0
BRDA:631,66,0,0
BRDA:631,66,1,0
BRDA:693,67,0,0
BRDA:693,67,1,0
BRDA:705,68,0,0
BRDA:705,68,1,0
BRDA:709,69,0,0
BRDA:709,69,1,0
BRDA:728,70,0,0
BRDA:728,70,1,0
BRDA:753,71,0,0
BRDA:753,71,1,0
BRDA:753,72,0,0
BRDA:753,72,1,0
BRDA:759,73,0,0
BRDA:759,73,1,0
BRDA:760,74,0,0
BRDA:760,74,1,0
BRDA:761,75,0,0
BRDA:761,75,1,0
BRDA:771,76,0,0
BRDA:771,76,1,0
BRDA:771,77,0,0
BRDA:771,77,1,0
BRDA:773,78,0,0
BRDA:773,78,1,0
BRDA:791,79,0,0
BRDA:791,79,1,0
BRDA:791,80,0,0
BRDA:791,80,1,0
BRDA:801,81,0,0
BRDA:801,81,1,0
BRDA:840,82,0,0
BRDA:840,82,1,0
BRDA:841,83,0,0
BRDA:841,83,1,0
BRDA:842,84,0,0
BRDA:842,84,1,0
BRDA:906,85,0,0
BRDA:906,85,1,0
BRDA:911,86,0,0
BRDA:911,86,1,0
BRDA:917,87,0,0
BRDA:917,87,1,0
BRDA:918,88,0,0
BRDA:918,88,1,0
BRDA:927,89,0,0
BRDA:959,90,0,0
BRDA:959,90,1,0
BRDA:972,91,0,0
BRDA:972,91,1,0
BRDA:983,92,0,0
BRDA:983,92,1,0
BRDA:994,93,0,0
BRDA:994,93,1,0
BRDA:996,94,0,0
BRDA:996,94,1,0
BRDA:1009,95,0,0
BRDA:1009,95,1,0
BRDA:1032,96,0,0
BRDA:1032,96,1,0
BRDA:1032,97,0,0
BRDA:1032,97,1,0
BRDA:1065,98,0,0
BRDA:1065,98,1,0
BRDA:1070,99,0,0
BRDA:1070,99,1,0
BRF:199
BRH:0
end_of_record
TN:
SF:server/storage.ts
FN:109,(anonymous_0)
FN:114,(anonymous_1)
FN:118,(anonymous_2)
FN:123,(anonymous_3)
FN:128,(anonymous_4)
FN:133,(anonymous_5)
FN:141,(anonymous_6)
FN:148,(anonymous_7)
FN:156,(anonymous_8)
FN:167,(anonymous_9)
FN:173,(anonymous_10)
FN:177,(anonymous_11)
FN:182,(anonymous_12)
FN:188,(anonymous_13)
FN:192,(anonymous_14)
FN:197,(anonymous_15)
FN:202,(anonymous_16)
FN:207,(anonymous_17)
FN:207,(anonymous_18)
FN:210,(anonymous_19)
FN:216,(anonymous_20)
FN:236,(anonymous_21)
FN:241,(anonymous_22)
FN:245,(anonymous_23)
FN:251,(anonymous_24)
FN:255,(anonymous_25)
FN:260,(anonymous_26)
FN:267,(anonymous_27)
FN:272,(anonymous_28)
FN:278,(anonymous_29)
FN:285,(anonymous_30)
FN:290,(anonymous_31)
FN:296,(anonymous_32)
FN:314,(anonymous_33)
FN:319,(anonymous_34)
FN:324,(anonymous_35)
FN:330,(anonymous_36)
FN:335,(anonymous_37)
FN:341,(anonymous_38)
FN:355,(anonymous_39)
FN:362,(anonymous_40)
FN:369,(anonymous_41)
FN:374,(anonymous_42)
FN:381,(anonymous_43)
FNF:44
FNH:0
FNDA:0,(anonymous_0)
FNDA:0,(anonymous_1)
FNDA:0,(anonymous_2)
FNDA:0,(anonymous_3)
FNDA:0,(anonymous_4)
FNDA:0,(anonymous_5)
FNDA:0,(anonymous_6)
FNDA:0,(anonymous_7)
FNDA:0,(anonymous_8)
FNDA:0,(anonymous_9)
FNDA:0,(anonymous_10)
FNDA:0,(anonymous_11)
FNDA:0,(anonymous_12)
FNDA:0,(anonymous_13)
FNDA:0,(anonymous_14)
FNDA:0,(anonymous_15)
FNDA:0,(anonymous_16)
FNDA:0,(anonymous_17)
FNDA:0,(anonymous_18)
FNDA:0,(anonymous_19)
FNDA:0,(anonymous_20)
FNDA:0,(anonymous_21)
FNDA:0,(anonymous_22)
FNDA:0,(anonymous_23)
FNDA:0,(anonymous_24)
FNDA:0,(anonymous_25)
FNDA:0,(anonymous_26)
FNDA:0,(anonymous_27)
FNDA:0,(anonymous_28)
FNDA:0,(anonymous_29)
FNDA:0,(anonymous_30)
FNDA:0,(anonymous_31)
FNDA:0,(anonymous_32)
FNDA:0,(anonymous_33)
FNDA:0,(anonymous_34)
FNDA:0,(anonymous_35)
FNDA:0,(anonymous_36)
FNDA:0,(anonymous_37)
FNDA:0,(anonymous_38)
FNDA:0,(anonymous_39)
FNDA:0,(anonymous_40)
FNDA:0,(anonymous_41)
FNDA:0,(anonymous_42)
FNDA:0,(anonymous_43)
DA:110,0
DA:111,0
DA:115,0
DA:119,0
DA:120,0
DA:124,0
DA:125,0
DA:129,0
DA:130,0
DA:134,0
DA:138,0
DA:142,0
DA:149,0
DA:157,0
DA:159,0
DA:160,0
DA:161,0
DA:168,0
DA:174,0
DA:178,0
DA:179,0
DA:183,0
DA:184,0
DA:189,0
DA:193,0
DA:194,0
DA:198,0
DA:199,0
DA:203,0
DA:207,0
DA:211,0
DA:212,0
DA:217,0
DA:219,0
DA:220,0
DA:227,0
DA:228,0
DA:229,0
DA:230,0
DA:233,0
DA:237,0
DA:238,0
DA:242,0
DA:246,0
DA:247,0
DA:252,0
DA:256,0
DA:257,0
DA:261,0
DA:262,0
DA:263,0
DA:268,0
DA:269,0
DA:273,0
DA:279,0
DA:286,0
DA:287,0
DA:291,0
DA:297,0
DA:298,0
DA:305,0
DA:306,0
DA:307,0
DA:308,0
DA:311,0
DA:315,0
DA:316,0
DA:320,0
DA:321,0
DA:325,0
DA:326,0
DA:331,0
DA:332,0
DA:336,0
DA:342,0
DA:343,0
DA:345,0
DA:356,0
DA:359,0
DA:363,0
DA:370,0
DA:371,0
DA:375,0
DA:387,0
DA:388,0
DA:392,0
LF:86
LH:0
BRDA:141,0,0,0
BRDA:159,1,0,0
BRDA:159,1,1,0
BRDA:219,2,0,0
BRDA:219,2,1,0
BRDA:219,3,0,0
BRDA:219,3,1,0
BRDA:227,4,0,0
BRDA:227,4,1,0
BRDA:229,5,0,0
BRDA:229,5,1,0
BRDA:261,6,0,0
BRDA:261,6,1,0
BRDA:278,7,0,0
BRDA:297,8,0,0
BRDA:297,8,1,0
BRDA:297,9,0,0
BRDA:297,9,1,0
BRDA:305,10,0,0
BRDA:305,10,1,0
BRDA:307,11,0,0
BRDA:307,11,1,0
BRDA:374,12,0,0
BRF:23
BRH:0
end_of_record
TN:
SF:server/verify-question-dataset.ts
FN:5,verifyQuestionDataset
FN:22,(anonymous_1)
FN:23,(anonymous_2)
FN:32,(anonymous_3)
FN:37,(anonymous_4)
FN:37,(anonymous_5)
FN:42,(anonymous_6)
FN:47,(anonymous_7)
FN:53,(anonymous_8)
FNF:9
FNH:0
FNDA:0,verifyQuestionDataset
FNDA:0,(anonymous_1)
FNDA:0,(anonymous_2)
FNDA:0,(anonymous_3)
FNDA:0,(anonymous_4)
FNDA:0,(anonymous_5)
FNDA:0,(anonymous_6)
FNDA:0,(anonymous_7)
FNDA:0,(anonymous_8)
DA:6,0
DA:8,0
DA:9,0
DA:10,0
DA:11,0
DA:14,0
DA:16,0
DA:17,0
DA:18,0
DA:21,0
DA:22,0
DA:23,0
DA:25,0
DA:26,0
DA:27,0
DA:28,0
DA:29,0
DA:31,0
DA:32,0
DA:33,0
DA:36,0
DA:37,0
DA:38,0
DA:41,0
DA:42,0
DA:43,0
DA:46,0
DA:47,0
DA:48,0
DA:52,0
DA:53,0
DA:54,0
DA:55,0
DA:59,0
LF:34
LH:0
BRDA:8,0,0,0
BRDA:8,0,1,0
BRDA:16,1,0,0
BRDA:16,1,1,0
BRDA:16,2,0,0
BRDA:16,2,1,0
BRDA:33,3,0,0
BRDA:33,3,1,0
BRDA:43,4,0,0
BRDA:43,4,1,0
BRDA:55,5,0,0
BRDA:55,5,1,0
BRF:12
BRH:0
end_of_record
TN:
SF:shared/schema.ts
FN:38,(anonymous_0)
FN:70,(anonymous_1)
FN:71,(anonymous_2)
FN:81,(anonymous_3)
FN:92,(anonymous_4)
FN:105,(anonymous_5)
FN:106,(anonymous_6)
FN:119,(anonymous_7)
FN:120,(anonymous_8)
FN:121,(anonymous_9)
FN:134,(anonymous_10)
FN:146,(anonymous_11)
FN:147,(anonymous_12)
FN:158,(anonymous_13)
FN:167,(anonymous_14)
FN:178,(anonymous_15)
FN:189,(anonymous_16)
FN:191,(anonymous_17)
FN:212,(anonymous_18)
FNF:19
FNH:1
FNDA:0,(anonymous_0)
FNDA:0,(anonymous_1)
FNDA:0,(anonymous_2)
FNDA:0,(anonymous_3)
FNDA:0,(anonymous_4)
FNDA:0,(anonymous_5)
FNDA:0,(anonymous_6)
FNDA:0,(anonymous_7)
FNDA:0,(anonymous_8)
FNDA:0,(anonymous_9)
FNDA:0,(anonymous_10)
FNDA:0,(anonymous_11)
FNDA:0,(anonymous_12)
FNDA:0,(anonymous_13)
FNDA:0,(anonymous_14)
FNDA:0,(anonymous_15)
FNDA:0,(anonymous_16)
FNDA:0,(anonymous_17)
FNDA:4,(anonymous_18)
DA:16,1
DA:36,1
DA:38,0
DA:45,1
DA:57,1
DA:68,1
DA:70,0
DA:71,0
DA:76,1
DA:81,0
DA:90,1
DA:92,0
DA:103,1
DA:105,0
DA:106,0
DA:117,1
DA:119,0
DA:120,0
DA:121,0
DA:129,1
DA:134,0
DA:144,1
DA:146,0
DA:147,0
DA:156,1
DA:158,0
DA:165,1
DA:167,0
DA:176,1
DA:178,0
DA:187,1
DA:189,0
DA:191,0
DA:197,1
DA:208,1
DA:213,4
DA:214,2
DA:222,1
DA:227,1
DA:232,1
DA:237,1
DA:242,1
DA:247,1
DA:252,1
DA:257,1
DA:262,1
DA:267,1
LF:47
LH:29
BRDA:213,0,0,2
BRDA:213,0,1,2
BRF:2
BRH:2
end_of_record
