TN:
SF:client\src\lib\passwordValidation.ts
FN:14,validatePasswordStrength
FN:47,getPasswordRequirements
FNF:2
FNH:2
FNDA:17,validatePasswordStrength
FNDA:2,getPasswordRequirements
DA:15,17
DA:23,17
DA:24,17
DA:26,17
DA:27,17
DA:28,1
DA:29,16
DA:30,9
DA:31,7
DA:32,5
DA:33,2
DA:34,1
DA:36,1
DA:39,17
DA:48,2
LF:15
LH:15
BRDA:27,0,0,1
BRDA:27,0,1,16
BRDA:29,1,0,9
BRDA:29,1,1,7
BRDA:29,2,0,16
BRDA:29,2,1,14
BRDA:31,3,0,5
BRDA:31,3,1,2
BRDA:33,4,0,1
BRDA:33,4,1,1
BRF:10
BRH:10
end_of_record
TN:
SF:server\auth.ts
FN:9,hashPassword
FN:13,comparePassword
FN:20,(anonymous_2)
FN:40,(anonymous_3)
FN:44,(anonymous_4)
FN:53,requireAuth
FN:60,requireAdmin
FNF:7
FNH:4
FNDA:7,hashPassword
FNDA:3,comparePassword
FNDA:0,(anonymous_2)
FNDA:0,(anonymous_3)
FNDA:0,(anonymous_4)
FNDA:2,requireAuth
FNDA:3,requireAdmin
DA:7,1
DA:10,7
DA:14,3
DA:17,1
DA:21,0
DA:22,0
DA:23,0
DA:24,0
DA:27,0
DA:28,0
DA:29,0
DA:32,0
DA:34,0
DA:40,1
DA:41,0
DA:44,1
DA:45,0
DA:46,0
DA:47,0
DA:49,0
DA:54,2
DA:55,1
DA:57,1
DA:61,3
DA:62,1
DA:64,2
LF:26
LH:12
BRDA:23,0,0,0
BRDA:23,0,1,0
BRDA:28,1,0,0
BRDA:28,1,1,0
BRDA:54,2,0,1
BRDA:54,2,1,1
BRDA:61,3,0,1
BRDA:61,3,1,2
BRDA:61,4,0,3
BRDA:61,4,1,2
BRF:10
BRH:6
end_of_record
TN:
SF:server\dailyChallenges.ts
FN:12,(anonymous_0)
FN:23,(anonymous_1)
FN:24,(anonymous_2)
FN:45,(anonymous_3)
FN:72,(anonymous_4)
FN:78,(anonymous_5)
FN:80,(anonymous_6)
FN:109,(anonymous_7)
FN:137,(anonymous_8)
FN:146,(anonymous_9)
FN:167,(anonymous_10)
FN:176,(anonymous_11)
FN:184,(anonymous_12)
FNF:13
FNH:0
FNDA:0,(anonymous_0)
FNDA:0,(anonymous_1)
FNDA:0,(anonymous_2)
FNDA:0,(anonymous_3)
FNDA:0,(anonymous_4)
FNDA:0,(anonymous_5)
FNDA:0,(anonymous_6)
FNDA:0,(anonymous_7)
FNDA:0,(anonymous_8)
FNDA:0,(anonymous_9)
FNDA:0,(anonymous_10)
FNDA:0,(anonymous_11)
FNDA:0,(anonymous_12)
DA:17,0
DA:18,0
DA:20,0
DA:23,0
DA:24,0
DA:27,0
DA:28,0
DA:29,0
DA:31,0
DA:39,0
DA:40,0
DA:41,0
DA:45,0
DA:46,0
DA:47,0
DA:48,0
DA:49,0
DA:50,0
DA:53,0
DA:56,0
DA:57,0
DA:58,0
DA:61,0
DA:62,0
DA:63,0
DA:66,0
DA:68,0
DA:71,0
DA:72,0
DA:74,0
DA:78,0
DA:80,0
DA:81,0
DA:86,0
DA:87,0
DA:91,0
DA:92,0
DA:93,0
DA:94,0
DA:99,0
DA:101,0
DA:104,0
DA:109,0
DA:110,0
DA:115,0
DA:116,0
DA:120,0
DA:121,0
DA:122,0
DA:123,0
DA:127,0
DA:138,0
DA:139,0
DA:140,0
DA:142,0
DA:143,0
DA:146,0
DA:147,0
DA:148,0
DA:149,0
DA:153,0
DA:154,0
DA:155,0
DA:159,0
DA:160,0
DA:161,0
DA:168,0
DA:169,0
DA:170,0
DA:172,0
DA:173,0
DA:175,0
DA:176,0
DA:179,0
DA:180,0
DA:181,0
DA:183,0
DA:184,0
DA:194,0
LF:79
LH:0
BRDA:27,0,0,0
BRDA:27,0,1,0
BRDA:27,1,0,0
BRDA:27,1,1,0
BRDA:40,2,0,0
BRDA:40,2,1,0
BRDA:46,3,0,0
BRDA:46,3,1,0
BRDA:47,4,0,0
BRDA:47,4,1,0
BRDA:48,5,0,0
BRDA:48,5,1,0
BRDA:49,6,0,0
BRDA:49,6,1,0
BRDA:57,7,0,0
BRDA:57,7,1,0
BRDA:58,8,0,0
BRDA:58,8,1,0
BRDA:66,9,0,0
BRDA:66,9,1,0
BRDA:75,10,0,0
BRDA:75,10,1,0
BRDA:81,11,0,0
BRDA:81,11,1,0
BRDA:81,11,2,0
BRDA:81,11,3,0
BRDA:81,11,4,0
BRDA:81,11,5,0
BRDA:81,11,6,0
BRDA:86,12,0,0
BRDA:86,12,1,0
BRDA:87,13,0,0
BRDA:87,13,1,0
BRDA:91,14,0,0
BRDA:91,14,1,0
BRDA:99,15,0,0
BRDA:99,15,1,0
BRDA:105,16,0,0
BRDA:105,16,1,0
BRDA:110,17,0,0
BRDA:110,17,1,0
BRDA:110,17,2,0
BRDA:110,17,3,0
BRDA:110,17,4,0
BRDA:115,18,0,0
BRDA:115,18,1,0
BRDA:116,19,0,0
BRDA:116,19,1,0
BRDA:120,20,0,0
BRDA:120,20,1,0
BRDA:147,21,0,0
BRDA:147,21,1,0
BRDA:153,22,0,0
BRDA:153,22,1,0
BRDA:161,23,0,0
BRDA:161,23,1,0
BRDA:176,24,0,0
BRDA:176,24,1,0
BRDA:179,25,0,0
BRDA:179,25,1,0
BRF:60
BRH:0
end_of_record
TN:
SF:server\learning-intelligence.ts
FN:37,loadQuestionsFromMLDataset
FN:44,(anonymous_1)
FN:291,(anonymous_2)
FN:297,(anonymous_3)
FN:298,(anonymous_4)
FN:304,(anonymous_5)
FN:313,(anonymous_6)
FN:337,(anonymous_7)
FN:343,(anonymous_8)
FN:350,(anonymous_9)
FN:371,(anonymous_10)
FN:384,(anonymous_11)
FN:396,(anonymous_12)
FN:401,(anonymous_13)
FN:405,(anonymous_14)
FN:410,(anonymous_15)
FN:410,(anonymous_16)
FN:418,(anonymous_17)
FN:477,(anonymous_18)
FN:488,(anonymous_19)
FN:512,(anonymous_20)
FN:527,(anonymous_21)
FN:535,(anonymous_22)
FN:584,(anonymous_23)
FN:643,(anonymous_24)
FN:645,(anonymous_25)
FN:653,(anonymous_26)
FN:664,generateQuestionsFromText
FN:672,generatePracticeQuiz
FN:682,generateStudySuggestions
FNF:30
FNH:0
FNDA:0,loadQuestionsFromMLDataset
FNDA:0,(anonymous_1)
FNDA:0,(anonymous_2)
FNDA:0,(anonymous_3)
FNDA:0,(anonymous_4)
FNDA:0,(anonymous_5)
FNDA:0,(anonymous_6)
FNDA:0,(anonymous_7)
FNDA:0,(anonymous_8)
FNDA:0,(anonymous_9)
FNDA:0,(anonymous_10)
FNDA:0,(anonymous_11)
FNDA:0,(anonymous_12)
FNDA:0,(anonymous_13)
FNDA:0,(anonymous_14)
FNDA:0,(anonymous_15)
FNDA:0,(anonymous_16)
FNDA:0,(anonymous_17)
FNDA:0,(anonymous_18)
FNDA:0,(anonymous_19)
FNDA:0,(anonymous_20)
FNDA:0,(anonymous_21)
FNDA:0,(anonymous_22)
FNDA:0,(anonymous_23)
FNDA:0,(anonymous_24)
FNDA:0,(anonymous_25)
FNDA:0,(anonymous_26)
FNDA:0,generateQuestionsFromText
FNDA:0,generatePracticeQuiz
FNDA:0,generateStudySuggestions
DA:38,0
DA:39,0
DA:40,0
DA:41,0
DA:42,0
DA:43,0
DA:44,0
DA:55,0
DA:59,0
DA:62,0
DA:293,0
DA:295,0
DA:297,0
DA:298,0
DA:301,0
DA:305,0
DA:306,0
DA:307,0
DA:308,0
DA:310,0
DA:314,0
DA:316,0
DA:317,0
DA:319,0
DA:320,0
DA:323,0
DA:324,0
DA:325,0
DA:329,0
DA:330,0
DA:331,0
DA:334,0
DA:338,0
DA:339,0
DA:340,0
DA:344,0
DA:345,0
DA:346,0
DA:347,0
DA:355,0
DA:357,0
DA:367,0
DA:369,0
DA:370,0
DA:371,0
DA:372,0
DA:373,0
DA:378,0
DA:379,0
DA:380,0
DA:383,0
DA:384,0
DA:387,0
DA:388,0
DA:391,0
DA:392,0
DA:393,0
DA:395,0
DA:396,0
DA:397,0
DA:399,0
DA:400,0
DA:401,0
DA:402,0
DA:403,0
DA:405,0
DA:409,0
DA:410,0
DA:411,0
DA:412,0
DA:415,0
DA:425,0
DA:429,0
DA:430,0
DA:431,0
DA:432,0
DA:433,0
DA:435,0
DA:439,0
DA:448,0
DA:451,0
DA:452,0
DA:454,0
DA:456,0
DA:464,0
DA:465,0
DA:466,0
DA:468,0
DA:471,0
DA:475,0
DA:477,0
DA:478,0
DA:480,0
DA:481,0
DA:484,0
DA:485,0
DA:488,0
DA:489,0
DA:491,0
DA:492,0
DA:493,0
DA:497,0
DA:500,0
DA:501,0
DA:504,0
DA:505,0
DA:506,0
DA:509,0
DA:512,0
DA:514,0
DA:515,0
DA:517,0
DA:518,0
DA:520,0
DA:521,0
DA:522,0
DA:526,0
DA:527,0
DA:528,0
DA:529,0
DA:532,0
DA:544,0
DA:546,0
DA:577,0
DA:578,0
DA:579,0
DA:584,0
DA:585,0
DA:587,0
DA:595,0
DA:596,0
DA:604,0
DA:605,0
DA:613,0
DA:614,0
DA:622,0
DA:623,0
DA:631,0
DA:632,0
DA:640,0
DA:644,0
DA:645,0
DA:646,0
DA:647,0
DA:648,0
DA:654,0
DA:662,0
DA:669,0
DA:679,0
DA:691,0
LF:150
LH:0
BRDA:40,0,0,0
BRDA:40,0,1,0
BRDA:42,1,0,0
BRDA:42,1,1,0
BRDA:42,2,0,0
BRDA:42,2,1,0
BRDA:46,3,0,0
BRDA:46,3,1,0
BRDA:47,4,0,0
BRDA:47,4,1,0
BRDA:47,4,2,0
BRDA:48,5,0,0
BRDA:48,5,1,0
BRDA:49,6,0,0
BRDA:49,6,1,0
BRDA:50,7,0,0
BRDA:50,7,1,0
BRDA:317,8,0,0
BRDA:317,8,1,0
BRDA:319,9,0,0
BRDA:319,9,1,0
BRDA:324,10,0,0
BRDA:324,10,1,0
BRDA:331,11,0,0
BRDA:331,11,1,0
BRDA:338,12,0,0
BRDA:338,12,1,0
BRDA:339,13,0,0
BRDA:339,13,1,0
BRDA:344,14,0,0
BRDA:344,14,1,0
BRDA:345,15,0,0
BRDA:345,15,1,0
BRDA:346,16,0,0
BRDA:346,16,1,0
BRDA:353,17,0,0
BRDA:371,18,0,0
BRDA:371,18,1,0
BRDA:378,19,0,0
BRDA:378,19,1,0
BRDA:387,20,0,0
BRDA:387,20,1,0
BRDA:400,21,0,0
BRDA:400,21,1,0
BRDA:401,22,0,0
BRDA:401,22,1,0
BRDA:405,23,0,0
BRDA:405,23,1,0
BRDA:409,24,0,0
BRDA:409,24,1,0
BRDA:411,25,0,0
BRDA:411,25,1,0
BRDA:425,26,0,0
BRDA:425,26,1,0
BRDA:430,27,0,0
BRDA:430,27,1,0
BRDA:448,28,0,0
BRDA:448,28,1,0
BRDA:457,29,0,0
BRDA:457,29,1,0
BRDA:464,30,0,0
BRDA:464,30,1,0
BRDA:464,31,0,0
BRDA:464,31,1,0
BRDA:464,31,2,0
BRDA:468,32,0,0
BRDA:468,32,1,0
BRDA:478,33,0,0
BRDA:478,33,1,0
BRDA:478,33,2,0
BRDA:481,34,0,0
BRDA:481,34,1,0
BRDA:484,35,0,0
BRDA:484,35,1,0
BRDA:491,36,0,0
BRDA:491,36,1,0
BRDA:493,37,0,0
BRDA:493,37,1,0
BRDA:494,38,0,0
BRDA:494,38,1,0
BRDA:494,38,2,0
BRDA:494,38,3,0
BRDA:500,39,0,0
BRDA:500,39,1,0
BRDA:505,40,0,0
BRDA:505,40,1,0
BRDA:505,41,0,0
BRDA:505,41,1,0
BRDA:518,42,0,0
BRDA:518,42,1,0
BRDA:520,43,0,0
BRDA:520,43,1,0
BRDA:520,44,0,0
BRDA:520,44,1,0
BRDA:526,45,0,0
BRDA:526,45,1,0
BRDA:528,46,0,0
BRDA:528,46,1,0
BRDA:579,47,0,0
BRDA:579,47,1,0
BRDA:585,48,0,0
BRDA:585,48,1,0
BRDA:591,49,0,0
BRDA:591,49,1,0
BRDA:595,50,0,0
BRDA:595,50,1,0
BRDA:604,51,0,0
BRDA:604,51,1,0
BRDA:613,52,0,0
BRDA:613,52,1,0
BRDA:622,53,0,0
BRDA:622,53,1,0
BRDA:631,54,0,0
BRDA:631,54,1,0
BRDA:645,55,0,0
BRDA:645,55,1,0
BRDA:667,56,0,0
BRF:117
BRH:0
end_of_record
TN:
SF:server\ml-client.ts
FN:9,callMLService
FN:12,(anonymous_1)
FN:44,healthCheck
FN:47,(anonymous_3)
FNF:4
FNH:0
FNDA:0,callMLService
FNDA:0,(anonymous_1)
FNDA:0,healthCheck
FNDA:0,(anonymous_3)
DA:1,0
DA:10,0
DA:11,0
DA:12,0
DA:14,0
DA:15,0
DA:22,0
DA:25,0
DA:26,0
DA:28,0
DA:31,0
DA:32,0
DA:35,0
DA:37,0
DA:38,0
DA:40,0
DA:45,0
DA:46,0
DA:47,0
DA:49,0
DA:50,0
DA:51,0
DA:52,0
DA:54,0
LF:24
LH:0
BRDA:1,0,0,0
BRDA:1,0,1,0
BRDA:9,1,0,0
BRDA:31,2,0,0
BRDA:31,2,1,0
BRDA:37,3,0,0
BRDA:37,3,1,0
BRDA:44,4,0,0
BRF:8
BRH:0
end_of_record
TN:
SF:server\naiveBayes.ts
FN:31,(anonymous_0)
FN:53,(anonymous_1)
FN:125,(anonymous_2)
FN:205,(anonymous_3)
FN:211,(anonymous_4)
FN:219,(anonymous_5)
FN:243,(anonymous_6)
FN:258,(anonymous_7)
FN:268,(anonymous_8)
FNF:9
FNH:0
FNDA:0,(anonymous_0)
FNDA:0,(anonymous_1)
FNDA:0,(anonymous_2)
FNDA:0,(anonymous_3)
FNDA:0,(anonymous_4)
FNDA:0,(anonymous_5)
FNDA:0,(anonymous_6)
FNDA:0,(anonymous_7)
FNDA:0,(anonymous_8)
DA:32,0
DA:34,0
DA:35,0
DA:37,0
DA:38,0
DA:41,0
DA:42,0
DA:43,0
DA:47,0
DA:54,0
DA:63,0
DA:64,0
DA:67,0
DA:69,0
DA:70,0
DA:71,0
DA:73,0
DA:76,0
DA:77,0
DA:78,0
DA:79,0
DA:80,0
DA:81,0
DA:82,0
DA:83,0
DA:84,0
DA:86,0
DA:89,0
DA:90,0
DA:91,0
DA:93,0
DA:96,0
DA:97,0
DA:98,0
DA:99,0
DA:100,0
DA:101,0
DA:102,0
DA:103,0
DA:104,0
DA:105,0
DA:106,0
DA:108,0
DA:111,0
DA:112,0
DA:113,0
DA:115,0
DA:119,0
DA:130,0
DA:173,0
DA:175,0
DA:176,0
DA:177,0
DA:180,0
DA:181,0
DA:182,0
DA:183,0
DA:187,0
DA:191,0
DA:192,0
DA:194,0
DA:197,0
DA:205,0
DA:206,0
DA:207,0
DA:211,0
DA:213,0
DA:222,0
DA:224,0
DA:225,0
DA:226,0
DA:229,0
DA:232,0
DA:241,0
DA:242,0
DA:243,0
DA:244,0
DA:245,0
DA:246,0
DA:252,0
DA:253,0
DA:254,0
DA:258,0
DA:274,0
DA:277,0
DA:279,0
DA:280,0
DA:284,0
DA:286,0
DA:288,0
DA:291,0
DA:302,0
DA:305,0
DA:308,0
DA:311,0
DA:312,0
DA:316,0
DA:317,0
DA:319,0
DA:327,0
LF:100
LH:0
BRDA:35,0,0,0
BRDA:35,0,1,0
BRDA:37,1,0,0
BRDA:37,1,1,0
BRDA:42,2,0,0
BRDA:42,2,1,0
BRDA:67,3,0,0
BRDA:67,3,1,0
BRDA:67,3,2,0
BRDA:67,3,3,0
BRDA:67,3,4,0
BRDA:69,4,0,0
BRDA:69,4,1,0
BRDA:69,5,0,0
BRDA:69,5,1,0
BRDA:76,6,0,0
BRDA:76,6,1,0
BRDA:79,7,0,0
BRDA:79,7,1,0
BRDA:82,8,0,0
BRDA:82,8,1,0
BRDA:89,9,0,0
BRDA:89,9,1,0
BRDA:89,10,0,0
BRDA:89,10,1,0
BRDA:96,11,0,0
BRDA:96,11,1,0
BRDA:99,12,0,0
BRDA:99,12,1,0
BRDA:101,13,0,0
BRDA:101,13,1,0
BRDA:103,14,0,0
BRDA:103,14,1,0
BRDA:105,15,0,0
BRDA:105,15,1,0
BRDA:111,16,0,0
BRDA:111,16,1,0
BRDA:111,17,0,0
BRDA:111,17,1,0
BRDA:181,18,0,0
BRDA:181,18,1,0
BRDA:187,19,0,0
BRDA:187,19,1,0
BRDA:224,20,0,0
BRDA:224,20,1,0
BRDA:244,21,0,0
BRDA:244,21,1,0
BRDA:253,22,0,0
BRDA:253,22,1,0
BRDA:253,23,0,0
BRDA:253,23,1,0
BRDA:260,24,0,0
BRDA:260,24,1,0
BRDA:260,24,2,0
BRDA:279,25,0,0
BRDA:279,25,1,0
BRDA:286,26,0,0
BRDA:286,26,1,0
BRDA:311,27,0,0
BRDA:311,27,1,0
BRDA:311,28,0,0
BRDA:311,28,1,0
BRF:62
BRH:0
end_of_record
TN:
SF:server\verify-question-dataset.ts
FN:5,verifyQuestionDataset
FN:22,(anonymous_1)
FN:23,(anonymous_2)
FN:32,(anonymous_3)
FN:37,(anonymous_4)
FN:37,(anonymous_5)
FN:42,(anonymous_6)
FN:47,(anonymous_7)
FN:53,(anonymous_8)
FNF:9
FNH:0
FNDA:0,verifyQuestionDataset
FNDA:0,(anonymous_1)
FNDA:0,(anonymous_2)
FNDA:0,(anonymous_3)
FNDA:0,(anonymous_4)
FNDA:0,(anonymous_5)
FNDA:0,(anonymous_6)
FNDA:0,(anonymous_7)
FNDA:0,(anonymous_8)
DA:6,0
DA:8,0
DA:9,0
DA:10,0
DA:11,0
DA:14,0
DA:16,0
DA:17,0
DA:18,0
DA:21,0
DA:22,0
DA:23,0
DA:25,0
DA:26,0
DA:27,0
DA:28,0
DA:29,0
DA:31,0
DA:32,0
DA:33,0
DA:36,0
DA:37,0
DA:38,0
DA:41,0
DA:42,0
DA:43,0
DA:46,0
DA:47,0
DA:48,0
DA:52,0
DA:53,0
DA:54,0
DA:55,0
DA:59,0
LF:34
LH:0
BRDA:8,0,0,0
BRDA:8,0,1,0
BRDA:16,1,0,0
BRDA:16,1,1,0
BRDA:16,2,0,0
BRDA:16,2,1,0
BRDA:33,3,0,0
BRDA:33,3,1,0
BRDA:43,4,0,0
BRDA:43,4,1,0
BRDA:55,5,0,0
BRDA:55,5,1,0
BRF:12
BRH:0
end_of_record
TN:
SF:shared\schema.ts
FN:38,(anonymous_0)
FN:70,(anonymous_1)
FN:71,(anonymous_2)
FN:81,(anonymous_3)
FN:92,(anonymous_4)
FN:105,(anonymous_5)
FN:106,(anonymous_6)
FN:119,(anonymous_7)
FN:120,(anonymous_8)
FN:121,(anonymous_9)
FN:134,(anonymous_10)
FN:146,(anonymous_11)
FN:147,(anonymous_12)
FN:158,(anonymous_13)
FN:167,(anonymous_14)
FN:178,(anonymous_15)
FN:189,(anonymous_16)
FN:191,(anonymous_17)
FN:212,(anonymous_18)
FNF:19
FNH:1
FNDA:0,(anonymous_0)
FNDA:0,(anonymous_1)
FNDA:0,(anonymous_2)
FNDA:0,(anonymous_3)
FNDA:0,(anonymous_4)
FNDA:0,(anonymous_5)
FNDA:0,(anonymous_6)
FNDA:0,(anonymous_7)
FNDA:0,(anonymous_8)
FNDA:0,(anonymous_9)
FNDA:0,(anonymous_10)
FNDA:0,(anonymous_11)
FNDA:0,(anonymous_12)
FNDA:0,(anonymous_13)
FNDA:0,(anonymous_14)
FNDA:0,(anonymous_15)
FNDA:0,(anonymous_16)
FNDA:0,(anonymous_17)
FNDA:4,(anonymous_18)
DA:16,1
DA:36,1
DA:38,0
DA:45,1
DA:57,1
DA:68,1
DA:70,0
DA:71,0
DA:76,1
DA:81,0
DA:90,1
DA:92,0
DA:103,1
DA:105,0
DA:106,0
DA:117,1
DA:119,0
DA:120,0
DA:121,0
DA:129,1
DA:134,0
DA:144,1
DA:146,0
DA:147,0
DA:156,1
DA:158,0
DA:165,1
DA:167,0
DA:176,1
DA:178,0
DA:187,1
DA:189,0
DA:191,0
DA:197,1
DA:208,1
DA:213,4
DA:214,2
DA:222,1
DA:227,1
DA:232,1
DA:237,1
DA:242,1
DA:247,1
DA:252,1
DA:257,1
DA:262,1
DA:267,1
LF:47
LH:29
BRDA:213,0,0,2
BRDA:213,0,1,2
BRF:2
BRH:2
end_of_record
